[ 2017-05-02T14:49:42+08:00 ] 58.247.206.148 /Wxset/response?signature=b097dbd28de7ab0a2080d7993f2bc0c859e649cd&timestamp=1493707782&nonce=918211625&openid=o8_jh0tMjbXelQewTWe3MOew3aWY&encrypt_type=aes&msg_signature=e223da790bcdaea4eaae50f3b7d6499700101d85
INFO: [ app_init ] --START--
INFO: Run Behavior\BuildLiteBehavior [ RunTime:0.000013s ]
INFO: [ app_init ] --END-- [ RunTime:0.000275s ]
INFO: [ app_begin ] --START--
INFO: Run Behavior\ReadHtmlCacheBehavior [ RunTime:0.000395s ]
INFO: [ app_begin ] --END-- [ RunTime:0.000438s ]
INFO: [ app_end ] --START--
INFO: Run Behavior\ShowPageTraceBehavior [ RunTime:0.000566s ]
INFO: [ app_end ] --END-- [ RunTime:0.000652s ]

[ 2017-05-02T14:49:42+08:00 ] 218.205.55.237 /Shop/shop
INFO: [ app_init ] --START--
INFO: Run Behavior\BuildLiteBehavior [ RunTime:0.000014s ]
INFO: [ app_init ] --END-- [ RunTime:0.000307s ]
INFO: [ app_begin ] --START--
INFO: Run Behavior\ReadHtmlCacheBehavior [ RunTime:0.000353s ]
INFO: [ app_begin ] --END-- [ RunTime:0.000396s ]
NOTIC: [8] Undefined index: openid /alidata/www/nuoya/Application/Wx/Controller/CommenController.class.php 第 68 行.
NOTIC: [8] Undefined property: stdClass::$openid /alidata/www/nuoya/Application/Wx/Controller/CommenController.class.php 第 20 行.

[ 2017-05-02T14:49:43+08:00 ] 218.205.55.237 /Shop/shop?code=03149jVY0uHSkZ1pIiUY0wzmVY049jVF&state=123
INFO: [ app_init ] --START--
INFO: Run Behavior\BuildLiteBehavior [ RunTime:0.000022s ]
INFO: [ app_init ] --END-- [ RunTime:0.000318s ]
INFO: [ app_begin ] --START--
INFO: Run Behavior\ReadHtmlCacheBehavior [ RunTime:0.000323s ]
INFO: [ app_begin ] --END-- [ RunTime:0.000368s ]

[ 2017-05-02T14:49:58+08:00 ] 180.163.2.119 /Shop/shop
INFO: [ app_init ] --START--
INFO: Run Behavior\BuildLiteBehavior [ RunTime:0.000015s ]
INFO: [ app_init ] --END-- [ RunTime:0.000322s ]
INFO: [ app_begin ] --START--
INFO: Run Behavior\ReadHtmlCacheBehavior [ RunTime:0.000312s ]
INFO: [ app_begin ] --END-- [ RunTime:0.000354s ]
NOTIC: [8] Undefined index: openid /alidata/www/nuoya/Application/Wx/Controller/CommenController.class.php 第 68 行.
NOTIC: [8] Undefined property: stdClass::$openid /alidata/www/nuoya/Application/Wx/Controller/CommenController.class.php 第 20 行.

[ 2017-05-02T14:50:09+08:00 ] 218.205.55.237 /Shop/shop
INFO: [ app_init ] --START--
INFO: Run Behavior\BuildLiteBehavior [ RunTime:0.000021s ]
INFO: [ app_init ] --END-- [ RunTime:0.000328s ]
INFO: [ app_begin ] --START--
INFO: Run Behavior\ReadHtmlCacheBehavior [ RunTime:0.000490s ]
INFO: [ app_begin ] --END-- [ RunTime:0.000605s ]
NOTIC: [8] Undefined index: openid /alidata/www/nuoya/Application/Wx/Controller/CommenController.class.php 第 68 行.
NOTIC: [8] Undefined property: stdClass::$openid /alidata/www/nuoya/Application/Wx/Controller/CommenController.class.php 第 20 行.

[ 2017-05-02T14:50:09+08:00 ] 58.247.206.144 /Wxset/response?signature=54aeda8515b5a1b77f081dbf29b0f73900310c14&timestamp=1493707808&nonce=821509495&openid=o8_jh0tMjbXelQewTWe3MOew3aWY&encrypt_type=aes&msg_signature=1be6b7cb5584d7bdbddcad3a83819257f640b184
INFO: [ app_init ] --START--
INFO: Run Behavior\BuildLiteBehavior [ RunTime:0.000021s ]
INFO: [ app_init ] --END-- [ RunTime:0.000423s ]
INFO: [ app_begin ] --START--
INFO: Run Behavior\ReadHtmlCacheBehavior [ RunTime:0.000354s ]
INFO: [ app_begin ] --END-- [ RunTime:0.000398s ]
INFO: [ app_end ] --START--
INFO: Run Behavior\ShowPageTraceBehavior [ RunTime:0.000733s ]
INFO: [ app_end ] --END-- [ RunTime:0.000838s ]

[ 2017-05-02T14:50:10+08:00 ] 218.205.55.237 /Shop/shop?code=0213N9W902jcRu18yUX90hN0W903N9Wo&state=123
INFO: [ app_init ] --START--
INFO: Run Behavior\BuildLiteBehavior [ RunTime:0.000015s ]
INFO: [ app_init ] --END-- [ RunTime:0.000333s ]
INFO: [ app_begin ] --START--
INFO: Run Behavior\ReadHtmlCacheBehavior [ RunTime:0.000371s ]
INFO: [ app_begin ] --END-- [ RunTime:0.000423s ]

