[ 2017-04-20T23:00:56+08:00 ] 125.108.218.120 /favicon.ico
INFO: [ app_init ] --START--
INFO: Run Behavior\BuildLiteBehavior [ RunTime:0.000030s ]
INFO: [ app_init ] --END-- [ RunTime:0.000453s ]

[ 2017-04-20T23:01:32+08:00 ] 125.108.218.120 /Public/admin/css/bootstrap.min.css.map
INFO: [ app_init ] --START--
INFO: Run Behavior\BuildLiteBehavior [ RunTime:0.000013s ]
INFO: [ app_init ] --END-- [ RunTime:0.000271s ]
INFO: [ app_begin ] --START--
INFO: Run Behavior\ReadHtmlCacheBehavior [ RunTime:0.000359s ]
INFO: [ app_begin ] --END-- [ RunTime:0.000433s ]
ERR: 无法加载控制器:Public

[ 2017-04-20T23:02:35+08:00 ] 125.108.218.120 /Public/admin/css/bootstrap.min.css.map
INFO: [ app_init ] --START--
INFO: Run Behavior\BuildLiteBehavior [ RunTime:0.000014s ]
INFO: [ app_init ] --END-- [ RunTime:0.000273s ]
INFO: [ app_begin ] --START--
INFO: Run Behavior\ReadHtmlCacheBehavior [ RunTime:0.000319s ]
INFO: [ app_begin ] --END-- [ RunTime:0.000366s ]
ERR: 无法加载控制器:Public

[ 2017-04-20T23:02:50+08:00 ] 125.108.218.120 /Public/admin/css/bootstrap.min.css.map
INFO: [ app_init ] --START--
INFO: Run Behavior\BuildLiteBehavior [ RunTime:0.000019s ]
INFO: [ app_init ] --END-- [ RunTime:0.000374s ]
INFO: [ app_begin ] --START--
INFO: Run Behavior\ReadHtmlCacheBehavior [ RunTime:0.000334s ]
INFO: [ app_begin ] --END-- [ RunTime:0.000372s ]
ERR: 无法加载控制器:Public

[ 2017-04-20T23:04:29+08:00 ] 125.108.218.120 /Public/admin/css/bootstrap.min.css.map
INFO: [ app_init ] --START--
INFO: Run Behavior\BuildLiteBehavior [ RunTime:0.000013s ]
INFO: [ app_init ] --END-- [ RunTime:0.000301s ]
INFO: [ app_begin ] --START--
INFO: Run Behavior\ReadHtmlCacheBehavior [ RunTime:0.000435s ]
INFO: [ app_begin ] --END-- [ RunTime:0.000483s ]
ERR: 无法加载控制器:Public

[ 2017-04-20T23:05:14+08:00 ] 125.108.218.120 /Public/admin/css/bootstrap.min.css.map
INFO: [ app_init ] --START--
INFO: Run Behavior\BuildLiteBehavior [ RunTime:0.000015s ]
INFO: [ app_init ] --END-- [ RunTime:0.000306s ]
INFO: [ app_begin ] --START--
INFO: Run Behavior\ReadHtmlCacheBehavior [ RunTime:0.000350s ]
INFO: [ app_begin ] --END-- [ RunTime:0.000389s ]
ERR: 无法加载控制器:Public

[ 2017-04-20T23:05:32+08:00 ] 125.108.218.120 /Public/admin/css/bootstrap.min.css.map
INFO: [ app_init ] --START--
INFO: Run Behavior\BuildLiteBehavior [ RunTime:0.000013s ]
INFO: [ app_init ] --END-- [ RunTime:0.000297s ]
INFO: [ app_begin ] --START--
INFO: Run Behavior\ReadHtmlCacheBehavior [ RunTime:0.000396s ]
INFO: [ app_begin ] --END-- [ RunTime:0.000434s ]
ERR: 无法加载控制器:Public

[ 2017-04-20T23:06:52+08:00 ] 125.108.218.120 /Public/admin/css/bootstrap.min.css.map
INFO: [ app_init ] --START--
INFO: Run Behavior\BuildLiteBehavior [ RunTime:0.000013s ]
INFO: [ app_init ] --END-- [ RunTime:0.000281s ]
INFO: [ app_begin ] --START--
INFO: Run Behavior\ReadHtmlCacheBehavior [ RunTime:0.000359s ]
INFO: [ app_begin ] --END-- [ RunTime:0.000398s ]
ERR: 无法加载控制器:Public

[ 2017-04-20T23:07:17+08:00 ] 125.108.218.120 /Public/admin/css/bootstrap.min.css.map
INFO: [ app_init ] --START--
INFO: Run Behavior\BuildLiteBehavior [ RunTime:0.000013s ]
INFO: [ app_init ] --END-- [ RunTime:0.000273s ]
INFO: [ app_begin ] --START--
INFO: Run Behavior\ReadHtmlCacheBehavior [ RunTime:0.000407s ]
INFO: [ app_begin ] --END-- [ RunTime:0.000446s ]
ERR: 无法加载控制器:Public

[ 2017-04-20T23:08:09+08:00 ] 125.108.218.120 /Public/admin/css/bootstrap.min.css.map
INFO: [ app_init ] --START--
INFO: Run Behavior\BuildLiteBehavior [ RunTime:0.000013s ]
INFO: [ app_init ] --END-- [ RunTime:0.000263s ]
INFO: [ app_begin ] --START--
INFO: Run Behavior\ReadHtmlCacheBehavior [ RunTime:0.000321s ]
INFO: [ app_begin ] --END-- [ RunTime:0.000358s ]
ERR: 无法加载控制器:Public

[ 2017-04-20T23:08:46+08:00 ] 125.108.218.120 /Public/admin/css/bootstrap.min.css.map
INFO: [ app_init ] --START--
INFO: Run Behavior\BuildLiteBehavior [ RunTime:0.000013s ]
INFO: [ app_init ] --END-- [ RunTime:0.000295s ]
INFO: [ app_begin ] --START--
INFO: Run Behavior\ReadHtmlCacheBehavior [ RunTime:0.000337s ]
INFO: [ app_begin ] --END-- [ RunTime:0.000383s ]
ERR: 无法加载控制器:Public

[ 2017-04-20T23:09:22+08:00 ] 125.108.218.120 /Public/admin/css/bootstrap.min.css.map
INFO: [ app_init ] --START--
INFO: Run Behavior\BuildLiteBehavior [ RunTime:0.000017s ]
INFO: [ app_init ] --END-- [ RunTime:0.000372s ]
INFO: [ app_begin ] --START--
INFO: Run Behavior\ReadHtmlCacheBehavior [ RunTime:0.000369s ]
INFO: [ app_begin ] --END-- [ RunTime:0.000408s ]
ERR: 无法加载控制器:Public

[ 2017-04-20T23:14:11+08:00 ] 125.108.218.120 /Public/admin/css/bootstrap.min.css.map
INFO: [ app_init ] --START--
INFO: Run Behavior\BuildLiteBehavior [ RunTime:0.000017s ]
INFO: [ app_init ] --END-- [ RunTime:0.000348s ]
INFO: [ app_begin ] --START--
INFO: Run Behavior\ReadHtmlCacheBehavior [ RunTime:0.000504s ]
INFO: [ app_begin ] --END-- [ RunTime:0.000606s ]
ERR: 无法加载控制器:Public

[ 2017-04-20T23:20:41+08:00 ] 125.108.218.120 /Public/admin/css/bootstrap.min.css.map
INFO: [ app_init ] --START--
INFO: Run Behavior\BuildLiteBehavior [ RunTime:0.000017s ]
INFO: [ app_init ] --END-- [ RunTime:0.000323s ]
INFO: [ app_begin ] --START--
INFO: Run Behavior\ReadHtmlCacheBehavior [ RunTime:0.000388s ]
INFO: [ app_begin ] --END-- [ RunTime:0.000436s ]
ERR: 无法加载控制器:Public

[ 2017-04-20T23:25:39+08:00 ] 125.108.218.120 /Public/admin/css/bootstrap.min.css.map
INFO: [ app_init ] --START--
INFO: Run Behavior\BuildLiteBehavior [ RunTime:0.000014s ]
INFO: [ app_init ] --END-- [ RunTime:0.000341s ]
INFO: [ app_begin ] --START--
INFO: Run Behavior\ReadHtmlCacheBehavior [ RunTime:0.000325s ]
INFO: [ app_begin ] --END-- [ RunTime:0.000366s ]
ERR: 无法加载控制器:Public

[ 2017-04-20T23:33:05+08:00 ] 140.207.54.74 /Wxset/response?signature=33bcbebf5d9030a2bd1c8ddd92ea5eb50f3f6dff&timestamp=1492702384&nonce=2066808719&openid=o8_jh0mq9uZ63rD5J5RFkjcFYXaA&encrypt_type=aes&msg_signature=616031f798847b7665bb8e482b0e10419f8d619d
INFO: [ app_init ] --START--
INFO: Run Behavior\BuildLiteBehavior [ RunTime:0.000013s ]
INFO: [ app_init ] --END-- [ RunTime:0.000346s ]
INFO: [ app_begin ] --START--
INFO: Run Behavior\ReadHtmlCacheBehavior [ RunTime:0.000332s ]
INFO: [ app_begin ] --END-- [ RunTime:0.000374s ]
INFO: [ app_end ] --START--
INFO: Run Behavior\ShowPageTraceBehavior [ RunTime:0.000517s ]
INFO: [ app_end ] --END-- [ RunTime:0.000601s ]

[ 2017-04-20T23:33:05+08:00 ] 112.17.246.38 /Myinfo/myinfo
INFO: [ app_init ] --START--
INFO: Run Behavior\BuildLiteBehavior [ RunTime:0.000013s ]
INFO: [ app_init ] --END-- [ RunTime:0.000278s ]
INFO: [ app_begin ] --START--
INFO: Run Behavior\ReadHtmlCacheBehavior [ RunTime:0.000360s ]
INFO: [ app_begin ] --END-- [ RunTime:0.000402s ]
NOTIC: [8] Undefined index: openid /alidata/www/nuoya/Application/Wx/Controller/CommenController.class.php 第 68 行.
NOTIC: [8] Undefined property: stdClass::$openid /alidata/www/nuoya/Application/Wx/Controller/CommenController.class.php 第 20 行.

[ 2017-04-20T23:33:05+08:00 ] 112.17.246.38 /Myinfo/myinfo?code=001uWgxb0bMa2w1a3Dyb0umlxb0uWgxI&state=123
INFO: [ app_init ] --START--
INFO: Run Behavior\BuildLiteBehavior [ RunTime:0.000013s ]
INFO: [ app_init ] --END-- [ RunTime:0.000279s ]
INFO: [ app_begin ] --START--
INFO: Run Behavior\ReadHtmlCacheBehavior [ RunTime:0.000401s ]
INFO: [ app_begin ] --END-- [ RunTime:0.000439s ]
INFO: [ view_parse ] --START--
INFO: [ template_filter ] --START--
INFO: Run Behavior\ContentReplaceBehavior [ RunTime:0.000053s ]
INFO: [ template_filter ] --END-- [ RunTime:0.000096s ]
NOTIC: [8] Undefined variable: obj /alidata/www/nuoya/Application/Runtime/Cache/Wx/dae35dae28220f9c63806aeb7a522c33.php 第 23 行.
NOTIC: [8] Undefined variable: signature /alidata/www/nuoya/Application/Runtime/Cache/Wx/dae35dae28220f9c63806aeb7a522c33.php 第 26 行.
NOTIC: [8] Undefined variable: timestamp /alidata/www/nuoya/Application/Runtime/Cache/Wx/dae35dae28220f9c63806aeb7a522c33.php 第 27 行.
NOTIC: [8] Undefined variable: noncestr /alidata/www/nuoya/Application/Runtime/Cache/Wx/dae35dae28220f9c63806aeb7a522c33.php 第 28 行.
INFO: Run Behavior\ParseTemplateBehavior [ RunTime:0.007265s ]
INFO: [ view_parse ] --END-- [ RunTime:0.007323s ]
INFO: [ view_filter ] --START--
INFO: Run Behavior\WriteHtmlCacheBehavior [ RunTime:0.000155s ]
INFO: Run Behavior\TokenBuildBehavior [ RunTime:0.000208s ]
INFO: [ view_filter ] --END-- [ RunTime:0.000455s ]
INFO: [ app_end ] --START--
INFO: Run Behavior\ShowPageTraceBehavior [ RunTime:0.000407s ]
INFO: [ app_end ] --END-- [ RunTime:0.000456s ]

[ 2017-04-20T23:33:09+08:00 ] 112.17.246.38 /Myinfo/my_team
INFO: [ app_init ] --START--
INFO: Run Behavior\BuildLiteBehavior [ RunTime:0.000017s ]
INFO: [ app_init ] --END-- [ RunTime:0.000346s ]
INFO: [ app_begin ] --START--
INFO: Run Behavior\ReadHtmlCacheBehavior [ RunTime:0.000332s ]
INFO: [ app_begin ] --END-- [ RunTime:0.000369s ]
NOTIC: [8] Undefined index: openid /alidata/www/nuoya/Application/Wx/Controller/CommenController.class.php 第 68 行.
NOTIC: [8] Undefined property: stdClass::$openid /alidata/www/nuoya/Application/Wx/Controller/CommenController.class.php 第 20 行.

[ 2017-04-20T23:33:11+08:00 ] 112.17.246.38 /Myinfo/my_team?code=0519wrAX17YLXW09WFAX1uTxAX19wrAJ&state=123
INFO: [ app_init ] --START--
INFO: Run Behavior\BuildLiteBehavior [ RunTime:0.000014s ]
INFO: [ app_init ] --END-- [ RunTime:0.000279s ]
INFO: [ app_begin ] --START--
INFO: Run Behavior\ReadHtmlCacheBehavior [ RunTime:0.001452s ]
INFO: [ app_begin ] --END-- [ RunTime:0.001493s ]
NOTIC: [8] Undefined index: openid /alidata/www/nuoya/Application/Wx/Controller/CommenController.class.php 第 68 行.
NOTIC: [8] Undefined property: stdClass::$openid /alidata/www/nuoya/Application/Wx/Controller/CommenController.class.php 第 20 行.

[ 2017-04-20T23:33:12+08:00 ] 112.17.246.38 /Myinfo/my_team?code=0519wrAX17YLXW09WFAX1uTxAX19wrAJ&state=123&code=0115UDhj12G2Hz0KxIgj1KRPhj15UDhF&state=123
INFO: [ app_init ] --START--
INFO: Run Behavior\BuildLiteBehavior [ RunTime:0.000023s ]
INFO: [ app_init ] --END-- [ RunTime:0.000327s ]
INFO: [ app_begin ] --START--
INFO: Run Behavior\ReadHtmlCacheBehavior [ RunTime:0.000397s ]
INFO: [ app_begin ] --END-- [ RunTime:0.000444s ]
NOTIC: [8] Undefined index: openid /alidata/www/nuoya/Application/Wx/Controller/CommenController.class.php 第 68 行.
NOTIC: [8] Undefined property: stdClass::$openid /alidata/www/nuoya/Application/Wx/Controller/CommenController.class.php 第 20 行.

[ 2017-04-20T23:33:13+08:00 ] 112.17.246.38 /Myinfo/my_team?code=0519wrAX17YLXW09WFAX1uTxAX19wrAJ&state=123&code=0115UDhj12G2Hz0KxIgj1KRPhj15UDhF&state=123&code=031iflmT0iPjlU1qoXoT0qutmT0iflm-&state=123
INFO: [ app_init ] --START--
INFO: Run Behavior\BuildLiteBehavior [ RunTime:0.000013s ]
INFO: [ app_init ] --END-- [ RunTime:0.000306s ]
INFO: [ app_begin ] --START--
INFO: Run Behavior\ReadHtmlCacheBehavior [ RunTime:0.000341s ]
INFO: [ app_begin ] --END-- [ RunTime:0.000379s ]
NOTIC: [8] Undefined index: openid /alidata/www/nuoya/Application/Wx/Controller/CommenController.class.php 第 68 行.
NOTIC: [8] Undefined property: stdClass::$openid /alidata/www/nuoya/Application/Wx/Controller/CommenController.class.php 第 20 行.

[ 2017-04-20T23:33:15+08:00 ] 112.17.246.38 /Myinfo/my_team?code=0519wrAX17YLXW09WFAX1uTxAX19wrAJ&state=123&code=0115UDhj12G2Hz0KxIgj1KRPhj15UDhF&state=123&code=031iflmT0iPjlU1qoXoT0qutmT0iflm-&state=123&code=021UFOLe2dZjsD0FXNKe2WW7Me2UFOLC&state=123
INFO: [ app_init ] --START--
INFO: Run Behavior\BuildLiteBehavior [ RunTime:0.000014s ]
INFO: [ app_init ] --END-- [ RunTime:0.000298s ]
INFO: [ app_begin ] --START--
INFO: Run Behavior\ReadHtmlCacheBehavior [ RunTime:0.000453s ]
INFO: [ app_begin ] --END-- [ RunTime:0.000494s ]
NOTIC: [8] Undefined index: openid /alidata/www/nuoya/Application/Wx/Controller/CommenController.class.php 第 68 行.
NOTIC: [8] Undefined property: stdClass::$openid /alidata/www/nuoya/Application/Wx/Controller/CommenController.class.php 第 20 行.

[ 2017-04-20T23:33:16+08:00 ] 112.17.246.38 /Myinfo/my_team?code=0519wrAX17YLXW09WFAX1uTxAX19wrAJ&state=123&code=0115UDhj12G2Hz0KxIgj1KRPhj15UDhF&state=123&code=031iflmT0iPjlU1qoXoT0qutmT0iflm-&state=123&code=021UFOLe2dZjsD0FXNKe2WW7Me2UFOLC&state=123&code=031vG4Sx0KlVxg1OsNTx0bhfSx0vG4SE&state=123
INFO: [ app_init ] --START--
INFO: Run Behavior\BuildLiteBehavior [ RunTime:0.000049s ]
INFO: [ app_init ] --END-- [ RunTime:0.000344s ]
INFO: [ app_begin ] --START--
INFO: Run Behavior\ReadHtmlCacheBehavior [ RunTime:0.000336s ]
INFO: [ app_begin ] --END-- [ RunTime:0.000382s ]
NOTIC: [8] Undefined index: openid /alidata/www/nuoya/Application/Wx/Controller/CommenController.class.php 第 68 行.
NOTIC: [8] Undefined property: stdClass::$openid /alidata/www/nuoya/Application/Wx/Controller/CommenController.class.php 第 20 行.

[ 2017-04-20T23:33:18+08:00 ] 112.17.246.38 /Myinfo/my_team?code=0519wrAX17YLXW09WFAX1uTxAX19wrAJ&state=123&code=0115UDhj12G2Hz0KxIgj1KRPhj15UDhF&state=123&code=031iflmT0iPjlU1qoXoT0qutmT0iflm-&state=123&code=021UFOLe2dZjsD0FXNKe2WW7Me2UFOLC&state=123&code=031vG4Sx0KlVxg1OsNTx0bhfSx0vG4SE&state=123&code=041muPob1hbaFr051fpb1PSBob1muPof&state=123
INFO: [ app_init ] --START--
INFO: Run Behavior\BuildLiteBehavior [ RunTime:0.000015s ]
INFO: [ app_init ] --END-- [ RunTime:0.000333s ]
INFO: [ app_begin ] --START--
INFO: Run Behavior\ReadHtmlCacheBehavior [ RunTime:0.000420s ]
INFO: [ app_begin ] --END-- [ RunTime:0.000472s ]
NOTIC: [8] Undefined index: openid /alidata/www/nuoya/Application/Wx/Controller/CommenController.class.php 第 68 行.
NOTIC: [8] Undefined property: stdClass::$openid /alidata/www/nuoya/Application/Wx/Controller/CommenController.class.php 第 20 行.

[ 2017-04-20T23:33:19+08:00 ] 112.17.246.38 /Myinfo/my_team?code=0519wrAX17YLXW09WFAX1uTxAX19wrAJ&state=123&code=0115UDhj12G2Hz0KxIgj1KRPhj15UDhF&state=123&code=031iflmT0iPjlU1qoXoT0qutmT0iflm-&state=123&code=021UFOLe2dZjsD0FXNKe2WW7Me2UFOLC&state=123&code=031vG4Sx0KlVxg1OsNTx0bhfSx0vG4SE&state=123&code=041muPob1hbaFr051fpb1PSBob1muPof&state=123&code=051LHBuJ0Pmzc42dDKvJ00IIuJ0LHBuB&state=123
INFO: [ app_init ] --START--
INFO: Run Behavior\BuildLiteBehavior [ RunTime:0.000014s ]
INFO: [ app_init ] --END-- [ RunTime:0.000353s ]
INFO: [ app_begin ] --START--
INFO: Run Behavior\ReadHtmlCacheBehavior [ RunTime:0.000479s ]
INFO: [ app_begin ] --END-- [ RunTime:0.000544s ]
NOTIC: [8] Undefined index: openid /alidata/www/nuoya/Application/Wx/Controller/CommenController.class.php 第 68 行.
NOTIC: [8] Undefined property: stdClass::$openid /alidata/www/nuoya/Application/Wx/Controller/CommenController.class.php 第 20 行.

[ 2017-04-20T23:33:19+08:00 ] 101.226.64.177 /Myinfo/my_team
INFO: [ app_init ] --START--
INFO: Run Behavior\BuildLiteBehavior [ RunTime:0.000013s ]
INFO: [ app_init ] --END-- [ RunTime:0.000269s ]
INFO: [ app_begin ] --START--
INFO: Run Behavior\ReadHtmlCacheBehavior [ RunTime:0.000364s ]
INFO: [ app_begin ] --END-- [ RunTime:0.000403s ]
NOTIC: [8] Undefined index: openid /alidata/www/nuoya/Application/Wx/Controller/CommenController.class.php 第 68 行.
NOTIC: [8] Undefined property: stdClass::$openid /alidata/www/nuoya/Application/Wx/Controller/CommenController.class.php 第 20 行.

[ 2017-04-20T23:33:19+08:00 ] 112.17.246.38 /Cart/mycart
INFO: [ app_init ] --START--
INFO: Run Behavior\BuildLiteBehavior [ RunTime:0.000053s ]
INFO: [ app_init ] --END-- [ RunTime:0.000421s ]
INFO: [ app_begin ] --START--
INFO: Run Behavior\ReadHtmlCacheBehavior [ RunTime:0.000455s ]
INFO: [ app_begin ] --END-- [ RunTime:0.000509s ]
NOTIC: [8] Undefined index: openid /alidata/www/nuoya/Application/Wx/Controller/CommenController.class.php 第 68 行.
NOTIC: [8] Undefined property: stdClass::$openid /alidata/www/nuoya/Application/Wx/Controller/CommenController.class.php 第 20 行.

[ 2017-04-20T23:33:20+08:00 ] 112.17.246.38 /Myinfo/my_team?code=0519wrAX17YLXW09WFAX1uTxAX19wrAJ&state=123&code=0115UDhj12G2Hz0KxIgj1KRPhj15UDhF&state=123&code=031iflmT0iPjlU1qoXoT0qutmT0iflm-&state=123&code=021UFOLe2dZjsD0FXNKe2WW7Me2UFOLC&state=123&code=031vG4Sx0KlVxg1OsNTx0bhfSx0vG4SE&state=123&code=041muPob1hbaFr051fpb1PSBob1muPof&state=123&code=051LHBuJ0Pmzc42dDKvJ00IIuJ0LHBuB&state=123&code=031GOkKy0NoOUh1Q7OKy0mafKy0GOkKZ&state=123
INFO: [ app_init ] --START--
INFO: Run Behavior\BuildLiteBehavior [ RunTime:0.000013s ]
INFO: [ app_init ] --END-- [ RunTime:0.000314s ]
INFO: [ app_begin ] --START--
INFO: Run Behavior\ReadHtmlCacheBehavior [ RunTime:0.000334s ]
INFO: [ app_begin ] --END-- [ RunTime:0.000373s ]
NOTIC: [8] Undefined index: openid /alidata/www/nuoya/Application/Wx/Controller/CommenController.class.php 第 68 行.
NOTIC: [8] Undefined property: stdClass::$openid /alidata/www/nuoya/Application/Wx/Controller/CommenController.class.php 第 20 行.

[ 2017-04-20T23:33:21+08:00 ] 112.17.246.38 /Myinfo/my_team?code=0519wrAX17YLXW09WFAX1uTxAX19wrAJ&state=123&code=0115UDhj12G2Hz0KxIgj1KRPhj15UDhF&state=123&code=031iflmT0iPjlU1qoXoT0qutmT0iflm-&state=123&code=021UFOLe2dZjsD0FXNKe2WW7Me2UFOLC&state=123&code=031vG4Sx0KlVxg1OsNTx0bhfSx0vG4SE&state=123&code=041muPob1hbaFr051fpb1PSBob1muPof&state=123&code=051LHBuJ0Pmzc42dDKvJ00IIuJ0LHBuB&state=123&code=031GOkKy0NoOUh1Q7OKy0mafKy0GOkKZ&state=123&code=011kJCb42dBeyJ0JbGb42FgBb42kJCbY&state=123
INFO: [ app_init ] --START--
INFO: Run Behavior\BuildLiteBehavior [ RunTime:0.000017s ]
INFO: [ app_init ] --END-- [ RunTime:0.000290s ]
INFO: [ app_begin ] --START--
INFO: Run Behavior\ReadHtmlCacheBehavior [ RunTime:0.000345s ]
INFO: [ app_begin ] --END-- [ RunTime:0.000385s ]
NOTIC: [8] Undefined index: openid /alidata/www/nuoya/Application/Wx/Controller/CommenController.class.php 第 68 行.
NOTIC: [8] Undefined property: stdClass::$openid /alidata/www/nuoya/Application/Wx/Controller/CommenController.class.php 第 20 行.

[ 2017-04-20T23:33:23+08:00 ] 112.17.246.38 /Myinfo/my_team?code=0519wrAX17YLXW09WFAX1uTxAX19wrAJ&state=123&code=0115UDhj12G2Hz0KxIgj1KRPhj15UDhF&state=123&code=031iflmT0iPjlU1qoXoT0qutmT0iflm-&state=123&code=021UFOLe2dZjsD0FXNKe2WW7Me2UFOLC&state=123&code=031vG4Sx0KlVxg1OsNTx0bhfSx0vG4SE&state=123&code=041muPob1hbaFr051fpb1PSBob1muPof&state=123&code=051LHBuJ0Pmzc42dDKvJ00IIuJ0LHBuB&state=123&code=031GOkKy0NoOUh1Q7OKy0mafKy0GOkKZ&state=123&code=011kJCb42dBeyJ0JbGb42FgBb42kJCbY&state=123&code=021aBMVw1Wk6Wc0owsWw1t04Ww1aBMVc&state=123
INFO: [ app_init ] --START--
INFO: Run Behavior\BuildLiteBehavior [ RunTime:0.000013s ]
INFO: [ app_init ] --END-- [ RunTime:0.000272s ]
INFO: [ app_begin ] --START--
INFO: Run Behavior\ReadHtmlCacheBehavior [ RunTime:0.000367s ]
INFO: [ app_begin ] --END-- [ RunTime:0.000414s ]
NOTIC: [8] Undefined index: openid /alidata/www/nuoya/Application/Wx/Controller/CommenController.class.php 第 68 行.
NOTIC: [8] Undefined property: stdClass::$openid /alidata/www/nuoya/Application/Wx/Controller/CommenController.class.php 第 20 行.

[ 2017-04-20T23:33:24+08:00 ] 112.17.246.38 /Cart/mycart
INFO: [ app_init ] --START--
INFO: Run Behavior\BuildLiteBehavior [ RunTime:0.000015s ]
INFO: [ app_init ] --END-- [ RunTime:0.000338s ]
INFO: [ app_begin ] --START--
INFO: Run Behavior\ReadHtmlCacheBehavior [ RunTime:0.000401s ]
INFO: [ app_begin ] --END-- [ RunTime:0.000444s ]
NOTIC: [8] Undefined index: openid /alidata/www/nuoya/Application/Wx/Controller/CommenController.class.php 第 68 行.
NOTIC: [8] Undefined property: stdClass::$openid /alidata/www/nuoya/Application/Wx/Controller/CommenController.class.php 第 20 行.

[ 2017-04-20T23:33:24+08:00 ] 112.17.246.38 /Cart/mycart
INFO: [ app_init ] --START--
INFO: Run Behavior\BuildLiteBehavior [ RunTime:0.000013s ]
INFO: [ app_init ] --END-- [ RunTime:0.000272s ]
INFO: [ app_begin ] --START--
INFO: Run Behavior\ReadHtmlCacheBehavior [ RunTime:0.000438s ]
INFO: [ app_begin ] --END-- [ RunTime:0.000483s ]
NOTIC: [8] Undefined index: openid /alidata/www/nuoya/Application/Wx/Controller/CommenController.class.php 第 68 行.
NOTIC: [8] Undefined property: stdClass::$openid /alidata/www/nuoya/Application/Wx/Controller/CommenController.class.php 第 20 行.

[ 2017-04-20T23:33:25+08:00 ] 112.17.246.38 /Cart/mycart?code=051r3GWh11EUHy0gqNUh1Y8DWh1r3GWv&state=123
INFO: [ app_init ] --START--
INFO: Run Behavior\BuildLiteBehavior [ RunTime:0.000020s ]
INFO: [ app_init ] --END-- [ RunTime:0.000328s ]
INFO: [ app_begin ] --START--
INFO: Run Behavior\ReadHtmlCacheBehavior [ RunTime:0.000365s ]
INFO: [ app_begin ] --END-- [ RunTime:0.000405s ]
INFO: [ view_parse ] --START--
INFO: [ template_filter ] --START--
INFO: Run Behavior\ContentReplaceBehavior [ RunTime:0.000062s ]
INFO: [ template_filter ] --END-- [ RunTime:0.000120s ]
INFO: Run Behavior\ParseTemplateBehavior [ RunTime:0.008267s ]
INFO: [ view_parse ] --END-- [ RunTime:0.008326s ]
INFO: [ view_filter ] --START--
INFO: Run Behavior\WriteHtmlCacheBehavior [ RunTime:0.000135s ]
INFO: Run Behavior\TokenBuildBehavior [ RunTime:0.000287s ]
INFO: [ view_filter ] --END-- [ RunTime:0.000499s ]
INFO: [ app_end ] --START--
INFO: Run Behavior\ShowPageTraceBehavior [ RunTime:0.000350s ]
INFO: [ app_end ] --END-- [ RunTime:0.000390s ]

[ 2017-04-20T23:33:28+08:00 ] 112.17.246.38 /Myinfo/myinfo
INFO: [ app_init ] --START--
INFO: Run Behavior\BuildLiteBehavior [ RunTime:0.000026s ]
INFO: [ app_init ] --END-- [ RunTime:0.000399s ]
INFO: [ app_begin ] --START--
INFO: Run Behavior\ReadHtmlCacheBehavior [ RunTime:0.000357s ]
INFO: [ app_begin ] --END-- [ RunTime:0.000402s ]
NOTIC: [8] Undefined index: openid /alidata/www/nuoya/Application/Wx/Controller/CommenController.class.php 第 68 行.
NOTIC: [8] Undefined property: stdClass::$openid /alidata/www/nuoya/Application/Wx/Controller/CommenController.class.php 第 20 行.

[ 2017-04-20T23:33:28+08:00 ] 140.207.54.74 /Wxset/response?signature=4b5d9c719f3338b1fc114d4e22b0af09daca7bc8&timestamp=1492702406&nonce=52283584&openid=o8_jh0mq9uZ63rD5J5RFkjcFYXaA&encrypt_type=aes&msg_signature=1effb8b1f1589efae40ce729ca9e4b276ce69d5d
INFO: [ app_init ] --START--
INFO: Run Behavior\BuildLiteBehavior [ RunTime:0.000021s ]
INFO: [ app_init ] --END-- [ RunTime:0.000328s ]
INFO: [ app_begin ] --START--
INFO: Run Behavior\ReadHtmlCacheBehavior [ RunTime:0.000337s ]
INFO: [ app_begin ] --END-- [ RunTime:0.000388s ]
INFO: [ app_end ] --START--
INFO: Run Behavior\ShowPageTraceBehavior [ RunTime:0.000502s ]
INFO: [ app_end ] --END-- [ RunTime:0.000582s ]

[ 2017-04-20T23:33:29+08:00 ] 112.17.246.38 /Myinfo/myinfo?code=051Q38Ep1qOGJo0AdQGp15Y1Ep1Q38E2&state=123
INFO: [ app_init ] --START--
INFO: Run Behavior\BuildLiteBehavior [ RunTime:0.000018s ]
INFO: [ app_init ] --END-- [ RunTime:0.000361s ]
INFO: [ app_begin ] --START--
INFO: Run Behavior\ReadHtmlCacheBehavior [ RunTime:0.000485s ]
INFO: [ app_begin ] --END-- [ RunTime:0.000550s ]
INFO: [ view_parse ] --START--
INFO: [ template_filter ] --START--
INFO: Run Behavior\ContentReplaceBehavior [ RunTime:0.000059s ]
INFO: [ template_filter ] --END-- [ RunTime:0.000108s ]
NOTIC: [8] Undefined variable: obj /alidata/www/nuoya/Application/Runtime/Cache/Wx/dae35dae28220f9c63806aeb7a522c33.php 第 23 行.
NOTIC: [8] Undefined variable: signature /alidata/www/nuoya/Application/Runtime/Cache/Wx/dae35dae28220f9c63806aeb7a522c33.php 第 26 行.
NOTIC: [8] Undefined variable: timestamp /alidata/www/nuoya/Application/Runtime/Cache/Wx/dae35dae28220f9c63806aeb7a522c33.php 第 27 行.
NOTIC: [8] Undefined variable: noncestr /alidata/www/nuoya/Application/Runtime/Cache/Wx/dae35dae28220f9c63806aeb7a522c33.php 第 28 行.
INFO: Run Behavior\ParseTemplateBehavior [ RunTime:0.012169s ]
INFO: [ view_parse ] --END-- [ RunTime:0.012222s ]
INFO: [ view_filter ] --START--
INFO: Run Behavior\WriteHtmlCacheBehavior [ RunTime:0.000139s ]
INFO: Run Behavior\TokenBuildBehavior [ RunTime:0.000223s ]
INFO: [ view_filter ] --END-- [ RunTime:0.000419s ]
INFO: [ app_end ] --START--
INFO: Run Behavior\ShowPageTraceBehavior [ RunTime:0.000474s ]
INFO: [ app_end ] --END-- [ RunTime:0.000521s ]

[ 2017-04-20T23:33:29+08:00 ] 61.151.226.202 /Cart/mycart
INFO: [ app_init ] --START--
INFO: Run Behavior\BuildLiteBehavior [ RunTime:0.000023s ]
INFO: [ app_init ] --END-- [ RunTime:0.000367s ]
INFO: [ app_begin ] --START--
INFO: Run Behavior\ReadHtmlCacheBehavior [ RunTime:0.000345s ]
INFO: [ app_begin ] --END-- [ RunTime:0.000391s ]
NOTIC: [8] Undefined index: openid /alidata/www/nuoya/Application/Wx/Controller/CommenController.class.php 第 68 行.
NOTIC: [8] Undefined property: stdClass::$openid /alidata/www/nuoya/Application/Wx/Controller/CommenController.class.php 第 20 行.

[ 2017-04-20T23:33:30+08:00 ] 112.17.246.38 /Cart/mycart
INFO: [ app_init ] --START--
INFO: Run Behavior\BuildLiteBehavior [ RunTime:0.000013s ]
INFO: [ app_init ] --END-- [ RunTime:0.000279s ]
INFO: [ app_begin ] --START--
INFO: Run Behavior\ReadHtmlCacheBehavior [ RunTime:0.000320s ]
INFO: [ app_begin ] --END-- [ RunTime:0.000358s ]
NOTIC: [8] Undefined index: openid /alidata/www/nuoya/Application/Wx/Controller/CommenController.class.php 第 68 行.
NOTIC: [8] Undefined property: stdClass::$openid /alidata/www/nuoya/Application/Wx/Controller/CommenController.class.php 第 20 行.

[ 2017-04-20T23:33:31+08:00 ] 112.17.246.38 /Cart/mycart?code=001rQcrx0itIXg1kldrx0hLVqx0rQcrr&state=123
INFO: [ app_init ] --START--
INFO: Run Behavior\BuildLiteBehavior [ RunTime:0.000015s ]
INFO: [ app_init ] --END-- [ RunTime:0.000345s ]
INFO: [ app_begin ] --START--
INFO: Run Behavior\ReadHtmlCacheBehavior [ RunTime:0.000351s ]
INFO: [ app_begin ] --END-- [ RunTime:0.000390s ]
INFO: [ view_parse ] --START--
INFO: [ template_filter ] --START--
INFO: Run Behavior\ContentReplaceBehavior [ RunTime:0.000057s ]
INFO: [ template_filter ] --END-- [ RunTime:0.000102s ]
INFO: Run Behavior\ParseTemplateBehavior [ RunTime:0.006247s ]
INFO: [ view_parse ] --END-- [ RunTime:0.006308s ]
INFO: [ view_filter ] --START--
INFO: Run Behavior\WriteHtmlCacheBehavior [ RunTime:0.000132s ]
INFO: Run Behavior\TokenBuildBehavior [ RunTime:0.000233s ]
INFO: [ view_filter ] --END-- [ RunTime:0.000418s ]
INFO: [ app_end ] --START--
INFO: Run Behavior\ShowPageTraceBehavior [ RunTime:0.000365s ]
INFO: [ app_end ] --END-- [ RunTime:0.000412s ]

[ 2017-04-20T23:33:33+08:00 ] 112.17.246.38 /Myinfo/myinfo
INFO: [ app_init ] --START--
INFO: Run Behavior\BuildLiteBehavior [ RunTime:0.000013s ]
INFO: [ app_init ] --END-- [ RunTime:0.000269s ]
INFO: [ app_begin ] --START--
INFO: Run Behavior\ReadHtmlCacheBehavior [ RunTime:0.001401s ]
INFO: [ app_begin ] --END-- [ RunTime:0.001444s ]
NOTIC: [8] Undefined index: openid /alidata/www/nuoya/Application/Wx/Controller/CommenController.class.php 第 68 行.
NOTIC: [8] Undefined property: stdClass::$openid /alidata/www/nuoya/Application/Wx/Controller/CommenController.class.php 第 20 行.

[ 2017-04-20T23:33:34+08:00 ] 112.17.246.38 /Myinfo/myinfo?code=051NZkGU0AzhjV1RGPEU0TgqGU0NZkG4&state=123
INFO: [ app_init ] --START--
INFO: Run Behavior\BuildLiteBehavior [ RunTime:0.000013s ]
INFO: [ app_init ] --END-- [ RunTime:0.000431s ]
INFO: [ app_begin ] --START--
INFO: Run Behavior\ReadHtmlCacheBehavior [ RunTime:0.000346s ]
INFO: [ app_begin ] --END-- [ RunTime:0.000391s ]
INFO: [ view_parse ] --START--
INFO: [ template_filter ] --START--
INFO: Run Behavior\ContentReplaceBehavior [ RunTime:0.000076s ]
INFO: [ template_filter ] --END-- [ RunTime:0.000147s ]
NOTIC: [8] Undefined variable: obj /alidata/www/nuoya/Application/Runtime/Cache/Wx/dae35dae28220f9c63806aeb7a522c33.php 第 23 行.
NOTIC: [8] Undefined variable: signature /alidata/www/nuoya/Application/Runtime/Cache/Wx/dae35dae28220f9c63806aeb7a522c33.php 第 26 行.
NOTIC: [8] Undefined variable: timestamp /alidata/www/nuoya/Application/Runtime/Cache/Wx/dae35dae28220f9c63806aeb7a522c33.php 第 27 行.
NOTIC: [8] Undefined variable: noncestr /alidata/www/nuoya/Application/Runtime/Cache/Wx/dae35dae28220f9c63806aeb7a522c33.php 第 28 行.
INFO: Run Behavior\ParseTemplateBehavior [ RunTime:0.007716s ]
INFO: [ view_parse ] --END-- [ RunTime:0.007775s ]
INFO: [ view_filter ] --START--
INFO: Run Behavior\WriteHtmlCacheBehavior [ RunTime:0.000134s ]
INFO: Run Behavior\TokenBuildBehavior [ RunTime:0.000201s ]
INFO: [ view_filter ] --END-- [ RunTime:0.000387s ]
INFO: [ app_end ] --START--
INFO: Run Behavior\ShowPageTraceBehavior [ RunTime:0.000419s ]
INFO: [ app_end ] --END-- [ RunTime:0.000455s ]

[ 2017-04-20T23:39:06+08:00 ] 125.108.218.120 /Public/admin/css/bootstrap.min.css.map
INFO: [ app_init ] --START--
INFO: Run Behavior\BuildLiteBehavior [ RunTime:0.000015s ]
INFO: [ app_init ] --END-- [ RunTime:0.000320s ]
INFO: [ app_begin ] --START--
INFO: Run Behavior\ReadHtmlCacheBehavior [ RunTime:0.000316s ]
INFO: [ app_begin ] --END-- [ RunTime:0.000353s ]
ERR: 无法加载控制器:Public

[ 2017-04-20T23:39:15+08:00 ] 125.108.218.120 /Public/admin/css/bootstrap.min.css.map
INFO: [ app_init ] --START--
INFO: Run Behavior\BuildLiteBehavior [ RunTime:0.000014s ]
INFO: [ app_init ] --END-- [ RunTime:0.000322s ]
INFO: [ app_begin ] --START--
INFO: Run Behavior\ReadHtmlCacheBehavior [ RunTime:0.000332s ]
INFO: [ app_begin ] --END-- [ RunTime:0.000373s ]
ERR: 无法加载控制器:Public

[ 2017-04-20T23:39:51+08:00 ] 125.108.218.120 /Public/admin/css/bootstrap.min.css.map
INFO: [ app_init ] --START--
INFO: Run Behavior\BuildLiteBehavior [ RunTime:0.000015s ]
INFO: [ app_init ] --END-- [ RunTime:0.000282s ]
INFO: [ app_begin ] --START--
INFO: Run Behavior\ReadHtmlCacheBehavior [ RunTime:0.000356s ]
INFO: [ app_begin ] --END-- [ RunTime:0.000404s ]
ERR: 无法加载控制器:Public

[ 2017-04-20T23:41:03+08:00 ] 125.108.218.120 /Public/admin/css/bootstrap.min.css.map
INFO: [ app_init ] --START--
INFO: Run Behavior\BuildLiteBehavior [ RunTime:0.000014s ]
INFO: [ app_init ] --END-- [ RunTime:0.000353s ]
INFO: [ app_begin ] --START--
INFO: Run Behavior\ReadHtmlCacheBehavior [ RunTime:0.000351s ]
INFO: [ app_begin ] --END-- [ RunTime:0.000390s ]
ERR: 无法加载控制器:Public

[ 2017-04-20T23:44:07+08:00 ] 125.108.218.120 /Public/admin/css/bootstrap.min.css.map
INFO: [ app_init ] --START--
INFO: Run Behavior\BuildLiteBehavior [ RunTime:0.000014s ]
INFO: [ app_init ] --END-- [ RunTime:0.000275s ]
INFO: [ app_begin ] --START--
INFO: Run Behavior\ReadHtmlCacheBehavior [ RunTime:0.000353s ]
INFO: [ app_begin ] --END-- [ RunTime:0.000393s ]
ERR: 无法加载控制器:Public

[ 2017-04-20T23:44:56+08:00 ] 125.108.218.120 /Public/admin/css/bootstrap.min.css.map
INFO: [ app_init ] --START--
INFO: Run Behavior\BuildLiteBehavior [ RunTime:0.000013s ]
INFO: [ app_init ] --END-- [ RunTime:0.000350s ]
INFO: [ app_begin ] --START--
INFO: Run Behavior\ReadHtmlCacheBehavior [ RunTime:0.000373s ]
INFO: [ app_begin ] --END-- [ RunTime:0.000422s ]
ERR: 无法加载控制器:Public

[ 2017-04-20T23:44:57+08:00 ] 125.108.218.120 /Public/admin/css/bootstrap.min.css.map
INFO: [ app_init ] --START--
INFO: Run Behavior\BuildLiteBehavior [ RunTime:0.000013s ]
INFO: [ app_init ] --END-- [ RunTime:0.000296s ]
INFO: [ app_begin ] --START--
INFO: Run Behavior\ReadHtmlCacheBehavior [ RunTime:0.000370s ]
INFO: [ app_begin ] --END-- [ RunTime:0.000413s ]
ERR: 无法加载控制器:Public

[ 2017-04-20T23:45:38+08:00 ] 125.108.218.120 /Public/admin/css/bootstrap.min.css.map
INFO: [ app_init ] --START--
INFO: Run Behavior\BuildLiteBehavior [ RunTime:0.000014s ]
INFO: [ app_init ] --END-- [ RunTime:0.000288s ]
INFO: [ app_begin ] --START--
INFO: Run Behavior\ReadHtmlCacheBehavior [ RunTime:0.000421s ]
INFO: [ app_begin ] --END-- [ RunTime:0.000464s ]
ERR: 无法加载控制器:Public

[ 2017-04-20T23:45:58+08:00 ] 125.108.218.120 /Public/admin/css/bootstrap.min.css.map
INFO: [ app_init ] --START--
INFO: Run Behavior\BuildLiteBehavior [ RunTime:0.000014s ]
INFO: [ app_init ] --END-- [ RunTime:0.000268s ]
INFO: [ app_begin ] --START--
INFO: Run Behavior\ReadHtmlCacheBehavior [ RunTime:0.000379s ]
INFO: [ app_begin ] --END-- [ RunTime:0.000417s ]
ERR: 无法加载控制器:Public

[ 2017-04-20T23:46:21+08:00 ] 125.108.218.120 /Public/admin/css/bootstrap.min.css.map
INFO: [ app_init ] --START--
INFO: Run Behavior\BuildLiteBehavior [ RunTime:0.000012s ]
INFO: [ app_init ] --END-- [ RunTime:0.000290s ]
INFO: [ app_begin ] --START--
INFO: Run Behavior\ReadHtmlCacheBehavior [ RunTime:0.000334s ]
INFO: [ app_begin ] --END-- [ RunTime:0.000377s ]
ERR: 无法加载控制器:Public

[ 2017-04-20T23:53:17+08:00 ] 125.108.218.120 /Public/admin/css/bootstrap.min.css.map
INFO: [ app_init ] --START--
INFO: Run Behavior\BuildLiteBehavior [ RunTime:0.000013s ]
INFO: [ app_init ] --END-- [ RunTime:0.000314s ]
INFO: [ app_begin ] --START--
INFO: Run Behavior\ReadHtmlCacheBehavior [ RunTime:0.000317s ]
INFO: [ app_begin ] --END-- [ RunTime:0.000354s ]
ERR: 无法加载控制器:Public

[ 2017-04-20T23:57:37+08:00 ] 125.108.218.120 /Public/admin/css/bootstrap.min.css.map
INFO: [ app_init ] --START--
INFO: Run Behavior\BuildLiteBehavior [ RunTime:0.000013s ]
INFO: [ app_init ] --END-- [ RunTime:0.000315s ]
INFO: [ app_begin ] --START--
INFO: Run Behavior\ReadHtmlCacheBehavior [ RunTime:0.000346s ]
INFO: [ app_begin ] --END-- [ RunTime:0.000385s ]
ERR: 无法加载控制器:Public

[ 2017-04-20T23:59:24+08:00 ] 125.108.218.120 /Public/admin/css/bootstrap.min.css.map
INFO: [ app_init ] --START--
INFO: Run Behavior\BuildLiteBehavior [ RunTime:0.000015s ]
INFO: [ app_init ] --END-- [ RunTime:0.000283s ]
INFO: [ app_begin ] --START--
INFO: Run Behavior\ReadHtmlCacheBehavior [ RunTime:0.000353s ]
INFO: [ app_begin ] --END-- [ RunTime:0.000402s ]
ERR: 无法加载控制器:Public

