[ 2017-04-20T23:00:56+08:00 ] 125.108.218.120 /indexadm.php/Index/index
INFO: [ app_init ] --START--
INFO: Run Behavior\BuildLiteBehavior [ RunTime:0.000013s ]
INFO: [ app_init ] --END-- [ RunTime:0.000305s ]
INFO: [ app_begin ] --START--
INFO: Run Behavior\ReadHtmlCacheBehavior [ RunTime:0.000350s ]
INFO: [ app_begin ] --END-- [ RunTime:0.000397s ]

[ 2017-04-20T23:00:56+08:00 ] 125.108.218.120 /indexadm.php/Login/login.html
INFO: [ app_init ] --START--
INFO: Run Behavior\BuildLiteBehavior [ RunTime:0.000013s ]
INFO: [ app_init ] --END-- [ RunTime:0.000274s ]
INFO: [ app_begin ] --START--
INFO: Run Behavior\ReadHtmlCacheBehavior [ RunTime:0.000366s ]
INFO: [ app_begin ] --END-- [ RunTime:0.000405s ]
NOTIC: [8] Undefined index: phone /alidata/www/nuoya/Application/Admin/Controller/LoginController.class.php 第 10 行.
INFO: [ view_parse ] --START--
INFO: [ template_filter ] --START--
INFO: Run Behavior\ContentReplaceBehavior [ RunTime:0.000046s ]
INFO: [ template_filter ] --END-- [ RunTime:0.000120s ]
INFO: Run Behavior\ParseTemplateBehavior [ RunTime:0.007415s ]
INFO: [ view_parse ] --END-- [ RunTime:0.007455s ]
INFO: [ view_filter ] --START--
INFO: Run Behavior\WriteHtmlCacheBehavior [ RunTime:0.000143s ]
INFO: Run Behavior\TokenBuildBehavior [ RunTime:0.000281s ]
INFO: [ view_filter ] --END-- [ RunTime:0.000495s ]
INFO: [ app_end ] --START--
INFO: Run Behavior\ShowPageTraceBehavior [ RunTime:0.000412s ]
INFO: [ app_end ] --END-- [ RunTime:0.000451s ]

[ 2017-04-20T23:01:05+08:00 ] 125.108.218.120 /indexadm.php/finance/exchange_check
INFO: [ app_init ] --START--
INFO: Run Behavior\BuildLiteBehavior [ RunTime:0.000015s ]
INFO: [ app_init ] --END-- [ RunTime:0.000310s ]
INFO: [ app_begin ] --START--
INFO: Run Behavior\ReadHtmlCacheBehavior [ RunTime:0.000333s ]
INFO: [ app_begin ] --END-- [ RunTime:0.000371s ]
NOTIC: [8] Undefined variable: where /alidata/www/nuoya/Application/Admin/Controller/FinanceController.class.php 第 52 行.
NOTIC: [8] Undefined offset: 0 /alidata/www/nuoya/Application/Admin/Controller/PageController.class.php 第 151 行.
NOTIC: [8] Undefined offset: 1 /alidata/www/nuoya/Application/Admin/Controller/PageController.class.php 第 151 行.
NOTIC: [8] Undefined offset: 2 /alidata/www/nuoya/Application/Admin/Controller/PageController.class.php 第 151 行.
NOTIC: [8] Undefined variable: where /alidata/www/nuoya/Application/Admin/Controller/FinanceController.class.php 第 56 行.
INFO: [ view_parse ] --START--
INFO: [ template_filter ] --START--
INFO: Run Behavior\ContentReplaceBehavior [ RunTime:0.000101s ]
INFO: [ template_filter ] --END-- [ RunTime:0.000159s ]
NOTIC: [8] Undefined index: wstatus /alidata/www/nuoya/Application/Runtime/Cache/Admin/6285e63b6e99097cbc358c285cd23002.php 第 105 行.
NOTIC: [8] Undefined index: wstatus /alidata/www/nuoya/Application/Runtime/Cache/Admin/6285e63b6e99097cbc358c285cd23002.php 第 105 行.
NOTIC: [8] Undefined index: wstatus /alidata/www/nuoya/Application/Runtime/Cache/Admin/6285e63b6e99097cbc358c285cd23002.php 第 105 行.
NOTIC: [8] Undefined index: wstatus /alidata/www/nuoya/Application/Runtime/Cache/Admin/6285e63b6e99097cbc358c285cd23002.php 第 105 行.
INFO: Run Behavior\ParseTemplateBehavior [ RunTime:0.009260s ]
INFO: [ view_parse ] --END-- [ RunTime:0.009295s ]
INFO: [ view_filter ] --START--
INFO: Run Behavior\WriteHtmlCacheBehavior [ RunTime:0.000134s ]
INFO: Run Behavior\TokenBuildBehavior [ RunTime:0.000219s ]
INFO: [ view_filter ] --END-- [ RunTime:0.000405s ]
INFO: [ app_end ] --START--
INFO: Run Behavior\ShowPageTraceBehavior [ RunTime:0.000364s ]
INFO: [ app_end ] --END-- [ RunTime:0.000404s ]

[ 2017-04-20T23:02:35+08:00 ] 125.108.218.120 /indexadm.php/finance/exchange_check
INFO: [ app_init ] --START--
INFO: Run Behavior\BuildLiteBehavior [ RunTime:0.000025s ]
INFO: [ app_init ] --END-- [ RunTime:0.000336s ]
INFO: [ app_begin ] --START--
INFO: Run Behavior\ReadHtmlCacheBehavior [ RunTime:0.000354s ]
INFO: [ app_begin ] --END-- [ RunTime:0.000398s ]
NOTIC: [8] Undefined variable: where /alidata/www/nuoya/Application/Admin/Controller/FinanceController.class.php 第 52 行.
NOTIC: [8] Undefined offset: 0 /alidata/www/nuoya/Application/Admin/Controller/PageController.class.php 第 151 行.
NOTIC: [8] Undefined offset: 1 /alidata/www/nuoya/Application/Admin/Controller/PageController.class.php 第 151 行.
NOTIC: [8] Undefined offset: 2 /alidata/www/nuoya/Application/Admin/Controller/PageController.class.php 第 151 行.
NOTIC: [8] Undefined variable: where /alidata/www/nuoya/Application/Admin/Controller/FinanceController.class.php 第 56 行.
INFO: [ view_parse ] --START--
INFO: [ template_filter ] --START--
INFO: Run Behavior\ContentReplaceBehavior [ RunTime:0.000081s ]
INFO: [ template_filter ] --END-- [ RunTime:0.000125s ]
NOTIC: [8] Undefined index: wstatus /alidata/www/nuoya/Application/Runtime/Cache/Admin/6285e63b6e99097cbc358c285cd23002.php 第 105 行.
NOTIC: [8] Undefined index: wstatus /alidata/www/nuoya/Application/Runtime/Cache/Admin/6285e63b6e99097cbc358c285cd23002.php 第 105 行.
NOTIC: [8] Undefined index: wstatus /alidata/www/nuoya/Application/Runtime/Cache/Admin/6285e63b6e99097cbc358c285cd23002.php 第 105 行.
NOTIC: [8] Undefined index: wstatus /alidata/www/nuoya/Application/Runtime/Cache/Admin/6285e63b6e99097cbc358c285cd23002.php 第 105 行.
INFO: Run Behavior\ParseTemplateBehavior [ RunTime:0.009701s ]
INFO: [ view_parse ] --END-- [ RunTime:0.009738s ]
INFO: [ view_filter ] --START--
INFO: Run Behavior\WriteHtmlCacheBehavior [ RunTime:0.000134s ]
INFO: Run Behavior\TokenBuildBehavior [ RunTime:0.000217s ]
INFO: [ view_filter ] --END-- [ RunTime:0.000442s ]
INFO: [ app_end ] --START--
INFO: Run Behavior\ShowPageTraceBehavior [ RunTime:0.000430s ]
INFO: [ app_end ] --END-- [ RunTime:0.000469s ]

[ 2017-04-20T23:02:49+08:00 ] 125.108.218.120 /indexadm.php/finance/exchange_check
INFO: [ app_init ] --START--
INFO: Run Behavior\BuildLiteBehavior [ RunTime:0.000074s ]
INFO: [ app_init ] --END-- [ RunTime:0.000392s ]
INFO: [ app_begin ] --START--
INFO: Run Behavior\ReadHtmlCacheBehavior [ RunTime:0.000379s ]
INFO: [ app_begin ] --END-- [ RunTime:0.000423s ]
NOTIC: [8] Undefined variable: where /alidata/www/nuoya/Application/Admin/Controller/FinanceController.class.php 第 52 行.
NOTIC: [8] Undefined offset: 0 /alidata/www/nuoya/Application/Admin/Controller/PageController.class.php 第 151 行.
NOTIC: [8] Undefined offset: 1 /alidata/www/nuoya/Application/Admin/Controller/PageController.class.php 第 151 行.
NOTIC: [8] Undefined offset: 2 /alidata/www/nuoya/Application/Admin/Controller/PageController.class.php 第 151 行.
NOTIC: [8] Undefined variable: where /alidata/www/nuoya/Application/Admin/Controller/FinanceController.class.php 第 56 行.
INFO: [ view_parse ] --START--
INFO: [ template_filter ] --START--
INFO: Run Behavior\ContentReplaceBehavior [ RunTime:0.000081s ]
INFO: [ template_filter ] --END-- [ RunTime:0.000128s ]
NOTIC: [8] Undefined index: wstatus /alidata/www/nuoya/Application/Runtime/Cache/Admin/6285e63b6e99097cbc358c285cd23002.php 第 105 行.
NOTIC: [8] Undefined index: wstatus /alidata/www/nuoya/Application/Runtime/Cache/Admin/6285e63b6e99097cbc358c285cd23002.php 第 105 行.
NOTIC: [8] Undefined index: wstatus /alidata/www/nuoya/Application/Runtime/Cache/Admin/6285e63b6e99097cbc358c285cd23002.php 第 105 行.
NOTIC: [8] Undefined index: wstatus /alidata/www/nuoya/Application/Runtime/Cache/Admin/6285e63b6e99097cbc358c285cd23002.php 第 105 行.
INFO: Run Behavior\ParseTemplateBehavior [ RunTime:0.010526s ]
INFO: [ view_parse ] --END-- [ RunTime:0.010566s ]
INFO: [ view_filter ] --START--
INFO: Run Behavior\WriteHtmlCacheBehavior [ RunTime:0.000136s ]
INFO: Run Behavior\TokenBuildBehavior [ RunTime:0.000218s ]
INFO: [ view_filter ] --END-- [ RunTime:0.000406s ]
INFO: [ app_end ] --START--
INFO: Run Behavior\ShowPageTraceBehavior [ RunTime:0.000425s ]
INFO: [ app_end ] --END-- [ RunTime:0.000483s ]

[ 2017-04-20T23:04:29+08:00 ] 125.108.218.120 /indexadm.php/finance/exchange_check
INFO: [ app_init ] --START--
INFO: Run Behavior\BuildLiteBehavior [ RunTime:0.000013s ]
INFO: [ app_init ] --END-- [ RunTime:0.000277s ]
INFO: [ app_begin ] --START--
INFO: Run Behavior\ReadHtmlCacheBehavior [ RunTime:0.000428s ]
INFO: [ app_begin ] --END-- [ RunTime:0.000476s ]
NOTIC: [8] Undefined variable: where /alidata/www/nuoya/Application/Admin/Controller/FinanceController.class.php 第 52 行.
NOTIC: [8] Undefined offset: 0 /alidata/www/nuoya/Application/Admin/Controller/PageController.class.php 第 151 行.
NOTIC: [8] Undefined offset: 1 /alidata/www/nuoya/Application/Admin/Controller/PageController.class.php 第 151 行.
NOTIC: [8] Undefined offset: 2 /alidata/www/nuoya/Application/Admin/Controller/PageController.class.php 第 151 行.
NOTIC: [8] Undefined variable: where /alidata/www/nuoya/Application/Admin/Controller/FinanceController.class.php 第 56 行.
INFO: [ view_parse ] --START--
INFO: [ template_filter ] --START--
INFO: Run Behavior\ContentReplaceBehavior [ RunTime:0.000084s ]
INFO: [ template_filter ] --END-- [ RunTime:0.000143s ]
NOTIC: [8] Undefined index: wstatus /alidata/www/nuoya/Application/Runtime/Cache/Admin/6285e63b6e99097cbc358c285cd23002.php 第 105 行.
NOTIC: [8] Undefined index: wstatus /alidata/www/nuoya/Application/Runtime/Cache/Admin/6285e63b6e99097cbc358c285cd23002.php 第 105 行.
NOTIC: [8] Undefined index: wstatus /alidata/www/nuoya/Application/Runtime/Cache/Admin/6285e63b6e99097cbc358c285cd23002.php 第 105 行.
NOTIC: [8] Undefined index: wstatus /alidata/www/nuoya/Application/Runtime/Cache/Admin/6285e63b6e99097cbc358c285cd23002.php 第 105 行.
INFO: Run Behavior\ParseTemplateBehavior [ RunTime:0.010459s ]
INFO: [ view_parse ] --END-- [ RunTime:0.010506s ]
INFO: [ view_filter ] --START--
INFO: Run Behavior\WriteHtmlCacheBehavior [ RunTime:0.000157s ]
INFO: Run Behavior\TokenBuildBehavior [ RunTime:0.000214s ]
INFO: [ view_filter ] --END-- [ RunTime:0.000433s ]
INFO: [ app_end ] --START--
INFO: Run Behavior\ShowPageTraceBehavior [ RunTime:0.000400s ]
INFO: [ app_end ] --END-- [ RunTime:0.000448s ]

[ 2017-04-20T23:05:13+08:00 ] 125.108.218.120 /indexadm.php/finance/exchange_check
INFO: [ app_init ] --START--
INFO: Run Behavior\BuildLiteBehavior [ RunTime:0.000016s ]
INFO: [ app_init ] --END-- [ RunTime:0.000412s ]
INFO: [ app_begin ] --START--
INFO: Run Behavior\ReadHtmlCacheBehavior [ RunTime:0.000355s ]
INFO: [ app_begin ] --END-- [ RunTime:0.000395s ]
NOTIC: [8] Undefined variable: where /alidata/www/nuoya/Application/Admin/Controller/FinanceController.class.php 第 52 行.
NOTIC: [8] Undefined offset: 0 /alidata/www/nuoya/Application/Admin/Controller/PageController.class.php 第 151 行.
NOTIC: [8] Undefined offset: 1 /alidata/www/nuoya/Application/Admin/Controller/PageController.class.php 第 151 行.
NOTIC: [8] Undefined offset: 2 /alidata/www/nuoya/Application/Admin/Controller/PageController.class.php 第 151 行.
NOTIC: [8] Undefined variable: where /alidata/www/nuoya/Application/Admin/Controller/FinanceController.class.php 第 56 行.
INFO: [ view_parse ] --START--
INFO: [ template_filter ] --START--
INFO: Run Behavior\ContentReplaceBehavior [ RunTime:0.000072s ]
INFO: [ template_filter ] --END-- [ RunTime:0.000146s ]
NOTIC: [8] Undefined index: wstatus /alidata/www/nuoya/Application/Runtime/Cache/Admin/6285e63b6e99097cbc358c285cd23002.php 第 105 行.
NOTIC: [8] Undefined index: wstatus /alidata/www/nuoya/Application/Runtime/Cache/Admin/6285e63b6e99097cbc358c285cd23002.php 第 105 行.
NOTIC: [8] Undefined index: wstatus /alidata/www/nuoya/Application/Runtime/Cache/Admin/6285e63b6e99097cbc358c285cd23002.php 第 105 行.
NOTIC: [8] Undefined index: wstatus /alidata/www/nuoya/Application/Runtime/Cache/Admin/6285e63b6e99097cbc358c285cd23002.php 第 105 行.
INFO: Run Behavior\ParseTemplateBehavior [ RunTime:0.009489s ]
INFO: [ view_parse ] --END-- [ RunTime:0.009536s ]
INFO: [ view_filter ] --START--
INFO: Run Behavior\WriteHtmlCacheBehavior [ RunTime:0.000144s ]
INFO: Run Behavior\TokenBuildBehavior [ RunTime:0.000228s ]
INFO: [ view_filter ] --END-- [ RunTime:0.000430s ]
INFO: [ app_end ] --START--
INFO: Run Behavior\ShowPageTraceBehavior [ RunTime:0.000411s ]
INFO: [ app_end ] --END-- [ RunTime:0.000458s ]

[ 2017-04-20T23:05:32+08:00 ] 125.108.218.120 /indexadm.php/finance/exchange_check
INFO: [ app_init ] --START--
INFO: Run Behavior\BuildLiteBehavior [ RunTime:0.000013s ]
INFO: [ app_init ] --END-- [ RunTime:0.000329s ]
INFO: [ app_begin ] --START--
INFO: Run Behavior\ReadHtmlCacheBehavior [ RunTime:0.000427s ]
INFO: [ app_begin ] --END-- [ RunTime:0.000467s ]
NOTIC: [8] Undefined variable: where /alidata/www/nuoya/Application/Admin/Controller/FinanceController.class.php 第 52 行.
NOTIC: [8] Undefined offset: 0 /alidata/www/nuoya/Application/Admin/Controller/PageController.class.php 第 151 行.
NOTIC: [8] Undefined offset: 1 /alidata/www/nuoya/Application/Admin/Controller/PageController.class.php 第 151 行.
NOTIC: [8] Undefined offset: 2 /alidata/www/nuoya/Application/Admin/Controller/PageController.class.php 第 151 行.
NOTIC: [8] Undefined variable: where /alidata/www/nuoya/Application/Admin/Controller/FinanceController.class.php 第 56 行.
INFO: [ view_parse ] --START--
INFO: [ template_filter ] --START--
INFO: Run Behavior\ContentReplaceBehavior [ RunTime:0.000087s ]
INFO: [ template_filter ] --END-- [ RunTime:0.000129s ]
NOTIC: [8] Undefined index: wstatus /alidata/www/nuoya/Application/Runtime/Cache/Admin/6285e63b6e99097cbc358c285cd23002.php 第 105 行.
NOTIC: [8] Undefined index: wstatus /alidata/www/nuoya/Application/Runtime/Cache/Admin/6285e63b6e99097cbc358c285cd23002.php 第 105 行.
NOTIC: [8] Undefined index: wstatus /alidata/www/nuoya/Application/Runtime/Cache/Admin/6285e63b6e99097cbc358c285cd23002.php 第 105 行.
NOTIC: [8] Undefined index: wstatus /alidata/www/nuoya/Application/Runtime/Cache/Admin/6285e63b6e99097cbc358c285cd23002.php 第 105 行.
INFO: Run Behavior\ParseTemplateBehavior [ RunTime:0.010633s ]
INFO: [ view_parse ] --END-- [ RunTime:0.010668s ]
INFO: [ view_filter ] --START--
INFO: Run Behavior\WriteHtmlCacheBehavior [ RunTime:0.000143s ]
INFO: Run Behavior\TokenBuildBehavior [ RunTime:0.000260s ]
INFO: [ view_filter ] --END-- [ RunTime:0.000465s ]
INFO: [ app_end ] --START--
INFO: Run Behavior\ShowPageTraceBehavior [ RunTime:0.000408s ]
INFO: [ app_end ] --END-- [ RunTime:0.000448s ]

[ 2017-04-20T23:06:52+08:00 ] 125.108.218.120 /indexadm.php/finance/exchange_check
INFO: [ app_init ] --START--
INFO: Run Behavior\BuildLiteBehavior [ RunTime:0.000013s ]
INFO: [ app_init ] --END-- [ RunTime:0.000325s ]
INFO: [ app_begin ] --START--
INFO: Run Behavior\ReadHtmlCacheBehavior [ RunTime:0.000343s ]
INFO: [ app_begin ] --END-- [ RunTime:0.000382s ]
NOTIC: [8] Undefined variable: where /alidata/www/nuoya/Application/Admin/Controller/FinanceController.class.php 第 52 行.
NOTIC: [8] Undefined offset: 0 /alidata/www/nuoya/Application/Admin/Controller/PageController.class.php 第 151 行.
NOTIC: [8] Undefined offset: 1 /alidata/www/nuoya/Application/Admin/Controller/PageController.class.php 第 151 行.
NOTIC: [8] Undefined offset: 2 /alidata/www/nuoya/Application/Admin/Controller/PageController.class.php 第 151 行.
NOTIC: [8] Undefined variable: where /alidata/www/nuoya/Application/Admin/Controller/FinanceController.class.php 第 56 行.
INFO: [ view_parse ] --START--
INFO: [ template_filter ] --START--
INFO: Run Behavior\ContentReplaceBehavior [ RunTime:0.000075s ]
INFO: [ template_filter ] --END-- [ RunTime:0.000132s ]
NOTIC: [8] Undefined index: wstatus /alidata/www/nuoya/Application/Runtime/Cache/Admin/6285e63b6e99097cbc358c285cd23002.php 第 105 行.
NOTIC: [8] Undefined index: wstatus /alidata/www/nuoya/Application/Runtime/Cache/Admin/6285e63b6e99097cbc358c285cd23002.php 第 105 行.
NOTIC: [8] Undefined index: wstatus /alidata/www/nuoya/Application/Runtime/Cache/Admin/6285e63b6e99097cbc358c285cd23002.php 第 105 行.
NOTIC: [8] Undefined index: wstatus /alidata/www/nuoya/Application/Runtime/Cache/Admin/6285e63b6e99097cbc358c285cd23002.php 第 105 行.
INFO: Run Behavior\ParseTemplateBehavior [ RunTime:0.009830s ]
INFO: [ view_parse ] --END-- [ RunTime:0.009868s ]
INFO: [ view_filter ] --START--
INFO: Run Behavior\WriteHtmlCacheBehavior [ RunTime:0.000141s ]
INFO: Run Behavior\TokenBuildBehavior [ RunTime:0.000258s ]
INFO: [ view_filter ] --END-- [ RunTime:0.000453s ]
INFO: [ app_end ] --START--
INFO: Run Behavior\ShowPageTraceBehavior [ RunTime:0.000400s ]
INFO: [ app_end ] --END-- [ RunTime:0.000439s ]

[ 2017-04-20T23:07:17+08:00 ] 125.108.218.120 /indexadm.php/finance/exchange_check
INFO: [ app_init ] --START--
INFO: Run Behavior\BuildLiteBehavior [ RunTime:0.000013s ]
INFO: [ app_init ] --END-- [ RunTime:0.000297s ]
INFO: [ app_begin ] --START--
INFO: Run Behavior\ReadHtmlCacheBehavior [ RunTime:0.000353s ]
INFO: [ app_begin ] --END-- [ RunTime:0.000426s ]
NOTIC: [8] Undefined variable: where /alidata/www/nuoya/Application/Admin/Controller/FinanceController.class.php 第 52 行.
NOTIC: [8] Undefined offset: 0 /alidata/www/nuoya/Application/Admin/Controller/PageController.class.php 第 151 行.
NOTIC: [8] Undefined offset: 1 /alidata/www/nuoya/Application/Admin/Controller/PageController.class.php 第 151 行.
NOTIC: [8] Undefined offset: 2 /alidata/www/nuoya/Application/Admin/Controller/PageController.class.php 第 151 行.
NOTIC: [8] Undefined variable: where /alidata/www/nuoya/Application/Admin/Controller/FinanceController.class.php 第 56 行.
INFO: [ view_parse ] --START--
INFO: [ template_filter ] --START--
INFO: Run Behavior\ContentReplaceBehavior [ RunTime:0.000121s ]
INFO: [ template_filter ] --END-- [ RunTime:0.000182s ]
NOTIC: [8] Undefined index: wstatus /alidata/www/nuoya/Application/Runtime/Cache/Admin/6285e63b6e99097cbc358c285cd23002.php 第 105 行.
NOTIC: [8] Undefined index: wstatus /alidata/www/nuoya/Application/Runtime/Cache/Admin/6285e63b6e99097cbc358c285cd23002.php 第 105 行.
NOTIC: [8] Undefined index: wstatus /alidata/www/nuoya/Application/Runtime/Cache/Admin/6285e63b6e99097cbc358c285cd23002.php 第 105 行.
NOTIC: [8] Undefined index: wstatus /alidata/www/nuoya/Application/Runtime/Cache/Admin/6285e63b6e99097cbc358c285cd23002.php 第 105 行.
INFO: Run Behavior\ParseTemplateBehavior [ RunTime:0.012111s ]
INFO: [ view_parse ] --END-- [ RunTime:0.012161s ]
INFO: [ view_filter ] --START--
INFO: Run Behavior\WriteHtmlCacheBehavior [ RunTime:0.000191s ]
INFO: Run Behavior\TokenBuildBehavior [ RunTime:0.000326s ]
INFO: [ view_filter ] --END-- [ RunTime:0.000642s ]
INFO: [ app_end ] --START--
INFO: Run Behavior\ShowPageTraceBehavior [ RunTime:0.000646s ]
INFO: [ app_end ] --END-- [ RunTime:0.000710s ]

[ 2017-04-20T23:08:08+08:00 ] 125.108.218.120 /indexadm.php/finance/exchange_check
INFO: [ app_init ] --START--
INFO: Run Behavior\BuildLiteBehavior [ RunTime:0.000017s ]
INFO: [ app_init ] --END-- [ RunTime:0.000300s ]
INFO: [ app_begin ] --START--
INFO: Run Behavior\ReadHtmlCacheBehavior [ RunTime:0.000351s ]
INFO: [ app_begin ] --END-- [ RunTime:0.000399s ]
NOTIC: [8] Undefined variable: where /alidata/www/nuoya/Application/Admin/Controller/FinanceController.class.php 第 52 行.
NOTIC: [8] Undefined offset: 0 /alidata/www/nuoya/Application/Admin/Controller/PageController.class.php 第 151 行.
NOTIC: [8] Undefined offset: 1 /alidata/www/nuoya/Application/Admin/Controller/PageController.class.php 第 151 行.
NOTIC: [8] Undefined offset: 2 /alidata/www/nuoya/Application/Admin/Controller/PageController.class.php 第 151 行.
NOTIC: [8] Undefined variable: where /alidata/www/nuoya/Application/Admin/Controller/FinanceController.class.php 第 56 行.
INFO: [ view_parse ] --START--
INFO: [ template_filter ] --START--
INFO: Run Behavior\ContentReplaceBehavior [ RunTime:0.000080s ]
INFO: [ template_filter ] --END-- [ RunTime:0.000131s ]
NOTIC: [8] Undefined index: wstatus /alidata/www/nuoya/Application/Runtime/Cache/Admin/6285e63b6e99097cbc358c285cd23002.php 第 105 行.
NOTIC: [8] Undefined index: wstatus /alidata/www/nuoya/Application/Runtime/Cache/Admin/6285e63b6e99097cbc358c285cd23002.php 第 105 行.
NOTIC: [8] Undefined index: wstatus /alidata/www/nuoya/Application/Runtime/Cache/Admin/6285e63b6e99097cbc358c285cd23002.php 第 105 行.
NOTIC: [8] Undefined index: wstatus /alidata/www/nuoya/Application/Runtime/Cache/Admin/6285e63b6e99097cbc358c285cd23002.php 第 105 行.
INFO: Run Behavior\ParseTemplateBehavior [ RunTime:0.011125s ]
INFO: [ view_parse ] --END-- [ RunTime:0.011164s ]
INFO: [ view_filter ] --START--
INFO: Run Behavior\WriteHtmlCacheBehavior [ RunTime:0.000135s ]
INFO: Run Behavior\TokenBuildBehavior [ RunTime:0.000202s ]
INFO: [ view_filter ] --END-- [ RunTime:0.000389s ]
INFO: [ app_end ] --START--
INFO: Run Behavior\ShowPageTraceBehavior [ RunTime:0.000421s ]
INFO: [ app_end ] --END-- [ RunTime:0.000469s ]

[ 2017-04-20T23:08:46+08:00 ] 125.108.218.120 /indexadm.php/finance/exchange_check
INFO: [ app_init ] --START--
INFO: Run Behavior\BuildLiteBehavior [ RunTime:0.000013s ]
INFO: [ app_init ] --END-- [ RunTime:0.000281s ]
INFO: [ app_begin ] --START--
INFO: Run Behavior\ReadHtmlCacheBehavior [ RunTime:0.000352s ]
INFO: [ app_begin ] --END-- [ RunTime:0.000390s ]
NOTIC: [8] Undefined variable: where /alidata/www/nuoya/Application/Admin/Controller/FinanceController.class.php 第 52 行.
NOTIC: [8] Undefined offset: 0 /alidata/www/nuoya/Application/Admin/Controller/PageController.class.php 第 151 行.
NOTIC: [8] Undefined offset: 1 /alidata/www/nuoya/Application/Admin/Controller/PageController.class.php 第 151 行.
NOTIC: [8] Undefined offset: 2 /alidata/www/nuoya/Application/Admin/Controller/PageController.class.php 第 151 行.
NOTIC: [8] Undefined variable: where /alidata/www/nuoya/Application/Admin/Controller/FinanceController.class.php 第 56 行.
INFO: [ view_parse ] --START--
INFO: [ template_filter ] --START--
INFO: Run Behavior\ContentReplaceBehavior [ RunTime:0.000062s ]
INFO: [ template_filter ] --END-- [ RunTime:0.000107s ]
NOTIC: [8] Undefined index: wstatus /alidata/www/nuoya/Application/Runtime/Cache/Admin/6285e63b6e99097cbc358c285cd23002.php 第 105 行.
NOTIC: [8] Undefined index: wstatus /alidata/www/nuoya/Application/Runtime/Cache/Admin/6285e63b6e99097cbc358c285cd23002.php 第 105 行.
NOTIC: [8] Undefined index: wstatus /alidata/www/nuoya/Application/Runtime/Cache/Admin/6285e63b6e99097cbc358c285cd23002.php 第 105 行.
NOTIC: [8] Undefined index: wstatus /alidata/www/nuoya/Application/Runtime/Cache/Admin/6285e63b6e99097cbc358c285cd23002.php 第 105 行.
INFO: Run Behavior\ParseTemplateBehavior [ RunTime:0.008881s ]
INFO: [ view_parse ] --END-- [ RunTime:0.008917s ]
INFO: [ view_filter ] --START--
INFO: Run Behavior\WriteHtmlCacheBehavior [ RunTime:0.000153s ]
INFO: Run Behavior\TokenBuildBehavior [ RunTime:0.000205s ]
INFO: [ view_filter ] --END-- [ RunTime:0.000410s ]
INFO: [ app_end ] --START--
INFO: Run Behavior\ShowPageTraceBehavior [ RunTime:0.000336s ]
INFO: [ app_end ] --END-- [ RunTime:0.000376s ]

[ 2017-04-20T23:09:22+08:00 ] 125.108.218.120 /indexadm.php/finance/exchange_check
INFO: [ app_init ] --START--
INFO: Run Behavior\BuildLiteBehavior [ RunTime:0.000013s ]
INFO: [ app_init ] --END-- [ RunTime:0.000270s ]
INFO: [ app_begin ] --START--
INFO: Run Behavior\ReadHtmlCacheBehavior [ RunTime:0.000425s ]
INFO: [ app_begin ] --END-- [ RunTime:0.000476s ]
NOTIC: [8] Undefined variable: where /alidata/www/nuoya/Application/Admin/Controller/FinanceController.class.php 第 52 行.
NOTIC: [8] Undefined offset: 0 /alidata/www/nuoya/Application/Admin/Controller/PageController.class.php 第 151 行.
NOTIC: [8] Undefined offset: 1 /alidata/www/nuoya/Application/Admin/Controller/PageController.class.php 第 151 行.
NOTIC: [8] Undefined offset: 2 /alidata/www/nuoya/Application/Admin/Controller/PageController.class.php 第 151 行.
NOTIC: [8] Undefined variable: where /alidata/www/nuoya/Application/Admin/Controller/FinanceController.class.php 第 56 行.
INFO: [ view_parse ] --START--
INFO: [ template_filter ] --START--
INFO: Run Behavior\ContentReplaceBehavior [ RunTime:0.000077s ]
INFO: [ template_filter ] --END-- [ RunTime:0.000132s ]
NOTIC: [8] Undefined index: wstatus /alidata/www/nuoya/Application/Runtime/Cache/Admin/6285e63b6e99097cbc358c285cd23002.php 第 105 行.
NOTIC: [8] Undefined index: wstatus /alidata/www/nuoya/Application/Runtime/Cache/Admin/6285e63b6e99097cbc358c285cd23002.php 第 105 行.
NOTIC: [8] Undefined index: wstatus /alidata/www/nuoya/Application/Runtime/Cache/Admin/6285e63b6e99097cbc358c285cd23002.php 第 105 行.
NOTIC: [8] Undefined index: wstatus /alidata/www/nuoya/Application/Runtime/Cache/Admin/6285e63b6e99097cbc358c285cd23002.php 第 105 行.
INFO: Run Behavior\ParseTemplateBehavior [ RunTime:0.011409s ]
INFO: [ view_parse ] --END-- [ RunTime:0.011450s ]
INFO: [ view_filter ] --START--
INFO: Run Behavior\WriteHtmlCacheBehavior [ RunTime:0.000148s ]
INFO: Run Behavior\TokenBuildBehavior [ RunTime:0.000278s ]
INFO: [ view_filter ] --END-- [ RunTime:0.000489s ]
INFO: [ app_end ] --START--
INFO: Run Behavior\ShowPageTraceBehavior [ RunTime:0.000397s ]
INFO: [ app_end ] --END-- [ RunTime:0.000436s ]

[ 2017-04-20T23:10:58+08:00 ] 125.108.218.120 /indexadm.php/Login/login.html
INFO: [ app_init ] --START--
INFO: Run Behavior\BuildLiteBehavior [ RunTime:0.000019s ]
INFO: [ app_init ] --END-- [ RunTime:0.000333s ]
INFO: [ app_begin ] --START--
INFO: Run Behavior\ReadHtmlCacheBehavior [ RunTime:0.000389s ]
INFO: [ app_begin ] --END-- [ RunTime:0.000430s ]
NOTIC: [8] Undefined index: phone /alidata/www/nuoya/Application/Admin/Controller/LoginController.class.php 第 10 行.
INFO: [ view_parse ] --START--
INFO: [ template_filter ] --START--
INFO: Run Behavior\ContentReplaceBehavior [ RunTime:0.000039s ]
INFO: [ template_filter ] --END-- [ RunTime:0.000078s ]
INFO: Run Behavior\ParseTemplateBehavior [ RunTime:0.004314s ]
INFO: [ view_parse ] --END-- [ RunTime:0.004362s ]
INFO: [ view_filter ] --START--
INFO: Run Behavior\WriteHtmlCacheBehavior [ RunTime:0.000130s ]
INFO: Run Behavior\TokenBuildBehavior [ RunTime:0.000263s ]
INFO: [ view_filter ] --END-- [ RunTime:0.000454s ]
INFO: [ app_end ] --START--
INFO: Run Behavior\ShowPageTraceBehavior [ RunTime:0.000414s ]
INFO: [ app_end ] --END-- [ RunTime:0.000449s ]

[ 2017-04-20T23:10:58+08:00 ] 125.108.218.120 /indexadm.php/Login/login.html
INFO: [ app_init ] --START--
INFO: Run Behavior\BuildLiteBehavior [ RunTime:0.000013s ]
INFO: [ app_init ] --END-- [ RunTime:0.000317s ]
INFO: [ app_begin ] --START--
INFO: Run Behavior\ReadHtmlCacheBehavior [ RunTime:0.000352s ]
INFO: [ app_begin ] --END-- [ RunTime:0.000391s ]
NOTIC: [8] Undefined index: phone /alidata/www/nuoya/Application/Admin/Controller/LoginController.class.php 第 10 行.
INFO: [ view_parse ] --START--
INFO: [ template_filter ] --START--
INFO: Run Behavior\ContentReplaceBehavior [ RunTime:0.000040s ]
INFO: [ template_filter ] --END-- [ RunTime:0.000088s ]
INFO: Run Behavior\ParseTemplateBehavior [ RunTime:0.003915s ]
INFO: [ view_parse ] --END-- [ RunTime:0.003954s ]
INFO: [ view_filter ] --START--
INFO: Run Behavior\WriteHtmlCacheBehavior [ RunTime:0.000126s ]
INFO: Run Behavior\TokenBuildBehavior [ RunTime:0.000229s ]
INFO: [ view_filter ] --END-- [ RunTime:0.000407s ]
INFO: [ app_end ] --START--
INFO: Run Behavior\ShowPageTraceBehavior [ RunTime:0.000385s ]
INFO: [ app_end ] --END-- [ RunTime:0.000435s ]

[ 2017-04-20T23:11:05+08:00 ] 125.108.218.120 /indexadm.php/Login/get_login
INFO: [ app_init ] --START--
INFO: Run Behavior\BuildLiteBehavior [ RunTime:0.000014s ]
INFO: [ app_init ] --END-- [ RunTime:0.000309s ]
INFO: [ app_begin ] --START--
INFO: Run Behavior\ReadHtmlCacheBehavior [ RunTime:0.000318s ]
INFO: [ app_begin ] --END-- [ RunTime:0.000359s ]

[ 2017-04-20T23:11:05+08:00 ] 125.108.218.120 /indexadm.php/Index/index
INFO: [ app_init ] --START--
INFO: Run Behavior\BuildLiteBehavior [ RunTime:0.000013s ]
INFO: [ app_init ] --END-- [ RunTime:0.000266s ]
INFO: [ app_begin ] --START--
INFO: Run Behavior\ReadHtmlCacheBehavior [ RunTime:0.000408s ]
INFO: [ app_begin ] --END-- [ RunTime:0.000463s ]
INFO: [ view_parse ] --START--
INFO: [ template_filter ] --START--
INFO: Run Behavior\ContentReplaceBehavior [ RunTime:0.000056s ]
INFO: [ template_filter ] --END-- [ RunTime:0.000109s ]
INFO: Run Behavior\ParseTemplateBehavior [ RunTime:0.007983s ]
INFO: [ view_parse ] --END-- [ RunTime:0.008041s ]
INFO: [ view_filter ] --START--
INFO: Run Behavior\WriteHtmlCacheBehavior [ RunTime:0.000134s ]
INFO: Run Behavior\TokenBuildBehavior [ RunTime:0.000271s ]
INFO: [ view_filter ] --END-- [ RunTime:0.000462s ]
INFO: [ app_end ] --START--
INFO: Run Behavior\ShowPageTraceBehavior [ RunTime:0.000417s ]
INFO: [ app_end ] --END-- [ RunTime:0.000457s ]

[ 2017-04-20T23:11:05+08:00 ] 125.108.218.120 /indexadm.php/Index/home
INFO: [ app_init ] --START--
INFO: Run Behavior\BuildLiteBehavior [ RunTime:0.000013s ]
INFO: [ app_init ] --END-- [ RunTime:0.000290s ]
INFO: [ app_begin ] --START--
INFO: Run Behavior\ReadHtmlCacheBehavior [ RunTime:0.000363s ]
INFO: [ app_begin ] --END-- [ RunTime:0.000403s ]
INFO: [ view_parse ] --START--
INFO: [ template_filter ] --START--
INFO: Run Behavior\ContentReplaceBehavior [ RunTime:0.000113s ]
INFO: [ template_filter ] --END-- [ RunTime:0.000175s ]
INFO: Run Behavior\ParseTemplateBehavior [ RunTime:0.010933s ]
INFO: [ view_parse ] --END-- [ RunTime:0.010986s ]
INFO: [ view_filter ] --START--
INFO: Run Behavior\WriteHtmlCacheBehavior [ RunTime:0.000145s ]
INFO: Run Behavior\TokenBuildBehavior [ RunTime:0.000225s ]
INFO: [ view_filter ] --END-- [ RunTime:0.000454s ]
INFO: [ app_end ] --START--
INFO: Run Behavior\ShowPageTraceBehavior [ RunTime:0.000388s ]
INFO: [ app_end ] --END-- [ RunTime:0.000430s ]

[ 2017-04-20T23:14:11+08:00 ] 125.108.218.120 /indexadm.php/team/user_team
INFO: [ app_init ] --START--
INFO: Run Behavior\BuildLiteBehavior [ RunTime:0.000018s ]
INFO: [ app_init ] --END-- [ RunTime:0.000325s ]
INFO: [ app_begin ] --START--
INFO: Run Behavior\ReadHtmlCacheBehavior [ RunTime:0.000346s ]
INFO: [ app_begin ] --END-- [ RunTime:0.000385s ]
NOTIC: [8] Undefined variable: where /alidata/www/nuoya/Application/Admin/Controller/TeamController.class.php 第 17 行.
NOTIC: [8] Undefined offset: 0 /alidata/www/nuoya/Application/Admin/Controller/PageController.class.php 第 151 行.
NOTIC: [8] Undefined offset: 1 /alidata/www/nuoya/Application/Admin/Controller/PageController.class.php 第 151 行.
NOTIC: [8] Undefined offset: 2 /alidata/www/nuoya/Application/Admin/Controller/PageController.class.php 第 151 行.
NOTIC: [8] Undefined variable: where /alidata/www/nuoya/Application/Admin/Controller/TeamController.class.php 第 21 行.
INFO: [ view_parse ] --START--
INFO: [ template_filter ] --START--
INFO: Run Behavior\ContentReplaceBehavior [ RunTime:0.000062s ]
INFO: [ template_filter ] --END-- [ RunTime:0.000103s ]
NOTIC: [8] Undefined variable: user /alidata/www/nuoya/Application/Runtime/Cache/Admin/2568b15b5a2d44b2b913872f88d8171c.php 第 79 行.
NOTIC: [8] Undefined variable: tol /alidata/www/nuoya/Application/Runtime/Cache/Admin/2568b15b5a2d44b2b913872f88d8171c.php 第 119 行.
NOTIC: [8] Undefined variable: bank /alidata/www/nuoya/Application/Runtime/Cache/Admin/2568b15b5a2d44b2b913872f88d8171c.php 第 139 行.
INFO: Run Behavior\ParseTemplateBehavior [ RunTime:0.007857s ]
INFO: [ view_parse ] --END-- [ RunTime:0.007894s ]
INFO: [ view_filter ] --START--
INFO: Run Behavior\WriteHtmlCacheBehavior [ RunTime:0.000141s ]
INFO: Run Behavior\TokenBuildBehavior [ RunTime:0.000248s ]
INFO: [ view_filter ] --END-- [ RunTime:0.000477s ]
INFO: [ app_end ] --START--
INFO: Run Behavior\ShowPageTraceBehavior [ RunTime:0.000435s ]
INFO: [ app_end ] --END-- [ RunTime:0.000482s ]

[ 2017-04-20T23:20:02+08:00 ] 125.108.218.120 /indexadm.php/team/user_team
INFO: [ app_init ] --START--
INFO: Run Behavior\BuildLiteBehavior [ RunTime:0.000014s ]
INFO: [ app_init ] --END-- [ RunTime:0.000342s ]
INFO: [ app_begin ] --START--
INFO: Run Behavior\ReadHtmlCacheBehavior [ RunTime:0.000353s ]
INFO: [ app_begin ] --END-- [ RunTime:0.000393s ]
NOTIC: [8] Undefined variable: where /alidata/www/nuoya/Application/Admin/Controller/TeamController.class.php 第 17 行.
NOTIC: [8] Undefined offset: 0 /alidata/www/nuoya/Application/Admin/Controller/PageController.class.php 第 151 行.
NOTIC: [8] Undefined offset: 1 /alidata/www/nuoya/Application/Admin/Controller/PageController.class.php 第 151 行.
NOTIC: [8] Undefined offset: 2 /alidata/www/nuoya/Application/Admin/Controller/PageController.class.php 第 151 行.
NOTIC: [8] Undefined variable: where /alidata/www/nuoya/Application/Admin/Controller/TeamController.class.php 第 21 行.

[ 2017-04-20T23:20:41+08:00 ] 125.108.218.120 /indexadm.php/team/user_team
INFO: [ app_init ] --START--
INFO: Run Behavior\BuildLiteBehavior [ RunTime:0.000014s ]
INFO: [ app_init ] --END-- [ RunTime:0.000356s ]
INFO: [ app_begin ] --START--
INFO: Run Behavior\ReadHtmlCacheBehavior [ RunTime:0.000357s ]
INFO: [ app_begin ] --END-- [ RunTime:0.000396s ]
NOTIC: [8] Undefined variable: where /alidata/www/nuoya/Application/Admin/Controller/TeamController.class.php 第 17 行.
NOTIC: [8] Undefined offset: 0 /alidata/www/nuoya/Application/Admin/Controller/PageController.class.php 第 151 行.
NOTIC: [8] Undefined offset: 1 /alidata/www/nuoya/Application/Admin/Controller/PageController.class.php 第 151 行.
NOTIC: [8] Undefined offset: 2 /alidata/www/nuoya/Application/Admin/Controller/PageController.class.php 第 151 行.
NOTIC: [8] Undefined variable: where /alidata/www/nuoya/Application/Admin/Controller/TeamController.class.php 第 21 行.
INFO: [ view_parse ] --START--
INFO: [ template_filter ] --START--
INFO: Run Behavior\ContentReplaceBehavior [ RunTime:0.000062s ]
INFO: [ template_filter ] --END-- [ RunTime:0.000110s ]
NOTIC: [8] Undefined index: rid /alidata/www/nuoya/Application/Runtime/Cache/Admin/2568b15b5a2d44b2b913872f88d8171c.php 第 110 行.
NOTIC: [8] Undefined index: rid /alidata/www/nuoya/Application/Runtime/Cache/Admin/2568b15b5a2d44b2b913872f88d8171c.php 第 110 行.
NOTIC: [8] Undefined index: rid /alidata/www/nuoya/Application/Runtime/Cache/Admin/2568b15b5a2d44b2b913872f88d8171c.php 第 110 行.
NOTIC: [8] Undefined index: rid /alidata/www/nuoya/Application/Runtime/Cache/Admin/2568b15b5a2d44b2b913872f88d8171c.php 第 110 行.
NOTIC: [8] Undefined index: rid /alidata/www/nuoya/Application/Runtime/Cache/Admin/2568b15b5a2d44b2b913872f88d8171c.php 第 110 行.
NOTIC: [8] Undefined index: rid /alidata/www/nuoya/Application/Runtime/Cache/Admin/2568b15b5a2d44b2b913872f88d8171c.php 第 110 行.
INFO: Run Behavior\ParseTemplateBehavior [ RunTime:0.010072s ]
INFO: [ view_parse ] --END-- [ RunTime:0.010114s ]
INFO: [ view_filter ] --START--
INFO: Run Behavior\WriteHtmlCacheBehavior [ RunTime:0.000179s ]
INFO: Run Behavior\TokenBuildBehavior [ RunTime:0.000275s ]
INFO: [ view_filter ] --END-- [ RunTime:0.000509s ]
INFO: [ app_end ] --START--
INFO: Run Behavior\ShowPageTraceBehavior [ RunTime:0.000412s ]
INFO: [ app_end ] --END-- [ RunTime:0.000461s ]

[ 2017-04-20T23:25:39+08:00 ] 125.108.218.120 /indexadm.php/team/user_team
INFO: [ app_init ] --START--
INFO: Run Behavior\BuildLiteBehavior [ RunTime:0.000013s ]
INFO: [ app_init ] --END-- [ RunTime:0.000267s ]
INFO: [ app_begin ] --START--
INFO: Run Behavior\ReadHtmlCacheBehavior [ RunTime:0.000380s ]
INFO: [ app_begin ] --END-- [ RunTime:0.000418s ]
NOTIC: [8] Undefined variable: where /alidata/www/nuoya/Application/Admin/Controller/TeamController.class.php 第 17 行.
NOTIC: [8] Undefined offset: 0 /alidata/www/nuoya/Application/Admin/Controller/PageController.class.php 第 151 行.
NOTIC: [8] Undefined offset: 1 /alidata/www/nuoya/Application/Admin/Controller/PageController.class.php 第 151 行.
NOTIC: [8] Undefined offset: 2 /alidata/www/nuoya/Application/Admin/Controller/PageController.class.php 第 151 行.
NOTIC: [8] Undefined variable: where /alidata/www/nuoya/Application/Admin/Controller/TeamController.class.php 第 21 行.
INFO: [ view_parse ] --START--
INFO: [ template_filter ] --START--
INFO: Run Behavior\ContentReplaceBehavior [ RunTime:0.000060s ]
INFO: [ template_filter ] --END-- [ RunTime:0.000107s ]
NOTIC: [8] Undefined index: rid /alidata/www/nuoya/Application/Runtime/Cache/Admin/2568b15b5a2d44b2b913872f88d8171c.php 第 110 行.
NOTIC: [8] Undefined index: rid /alidata/www/nuoya/Application/Runtime/Cache/Admin/2568b15b5a2d44b2b913872f88d8171c.php 第 110 行.
NOTIC: [8] Undefined index: rid /alidata/www/nuoya/Application/Runtime/Cache/Admin/2568b15b5a2d44b2b913872f88d8171c.php 第 110 行.
NOTIC: [8] Undefined index: rid /alidata/www/nuoya/Application/Runtime/Cache/Admin/2568b15b5a2d44b2b913872f88d8171c.php 第 110 行.
NOTIC: [8] Undefined index: rid /alidata/www/nuoya/Application/Runtime/Cache/Admin/2568b15b5a2d44b2b913872f88d8171c.php 第 110 行.
NOTIC: [8] Undefined index: rid /alidata/www/nuoya/Application/Runtime/Cache/Admin/2568b15b5a2d44b2b913872f88d8171c.php 第 110 行.
INFO: Run Behavior\ParseTemplateBehavior [ RunTime:0.008547s ]
INFO: [ view_parse ] --END-- [ RunTime:0.008590s ]
INFO: [ view_filter ] --START--
INFO: Run Behavior\WriteHtmlCacheBehavior [ RunTime:0.000191s ]
INFO: Run Behavior\TokenBuildBehavior [ RunTime:0.000220s ]
INFO: [ view_filter ] --END-- [ RunTime:0.000464s ]
INFO: [ app_end ] --START--
INFO: Run Behavior\ShowPageTraceBehavior [ RunTime:0.000445s ]
INFO: [ app_end ] --END-- [ RunTime:0.000488s ]

[ 2017-04-20T23:30:18+08:00 ] 125.108.218.120 /indexadm.php/team/user_team
INFO: [ app_init ] --START--
INFO: Run Behavior\BuildLiteBehavior [ RunTime:0.000018s ]
INFO: [ app_init ] --END-- [ RunTime:0.000464s ]
INFO: [ app_begin ] --START--
INFO: Run Behavior\ReadHtmlCacheBehavior [ RunTime:0.000501s ]
INFO: [ app_begin ] --END-- [ RunTime:0.000562s ]
NOTIC: [8] Undefined variable: where /alidata/www/nuoya/Application/Admin/Controller/TeamController.class.php 第 17 行.
NOTIC: [8] Undefined offset: 0 /alidata/www/nuoya/Application/Admin/Controller/PageController.class.php 第 151 行.
NOTIC: [8] Undefined offset: 1 /alidata/www/nuoya/Application/Admin/Controller/PageController.class.php 第 151 行.
NOTIC: [8] Undefined offset: 2 /alidata/www/nuoya/Application/Admin/Controller/PageController.class.php 第 151 行.
NOTIC: [8] Undefined variable: where /alidata/www/nuoya/Application/Admin/Controller/TeamController.class.php 第 21 行.
INFO: [ app_end ] --START--
INFO: Run Behavior\ShowPageTraceBehavior [ RunTime:0.000596s ]
INFO: [ app_end ] --END-- [ RunTime:0.000689s ]

[ 2017-04-20T23:39:05+08:00 ] 125.108.218.120 /indexadm.php/team/user_team
INFO: [ app_init ] --START--
INFO: Run Behavior\BuildLiteBehavior [ RunTime:0.000030s ]
INFO: [ app_init ] --END-- [ RunTime:0.000346s ]
INFO: [ app_begin ] --START--
INFO: Run Behavior\ReadHtmlCacheBehavior [ RunTime:0.000371s ]
INFO: [ app_begin ] --END-- [ RunTime:0.000411s ]
NOTIC: [8] Undefined variable: where /alidata/www/nuoya/Application/Admin/Controller/TeamController.class.php 第 17 行.
NOTIC: [8] Undefined offset: 0 /alidata/www/nuoya/Application/Admin/Controller/PageController.class.php 第 151 行.
NOTIC: [8] Undefined offset: 1 /alidata/www/nuoya/Application/Admin/Controller/PageController.class.php 第 151 行.
NOTIC: [8] Undefined offset: 2 /alidata/www/nuoya/Application/Admin/Controller/PageController.class.php 第 151 行.
NOTIC: [8] Undefined variable: where /alidata/www/nuoya/Application/Admin/Controller/TeamController.class.php 第 21 行.
NOTIC: [2] Invalid argument supplied for foreach() /alidata/www/nuoya/Application/Common/Common/function.php 第 126 行.
NOTIC: [2] Invalid argument supplied for foreach() /alidata/www/nuoya/Application/Common/Common/function.php 第 126 行.
NOTIC: [2] Invalid argument supplied for foreach() /alidata/www/nuoya/Application/Common/Common/function.php 第 126 行.
INFO: [ view_parse ] --START--
INFO: [ template_filter ] --START--
INFO: Run Behavior\ContentReplaceBehavior [ RunTime:0.000061s ]
INFO: [ template_filter ] --END-- [ RunTime:0.000108s ]
NOTIC: [8] Undefined index: rid /alidata/www/nuoya/Application/Runtime/Cache/Admin/2568b15b5a2d44b2b913872f88d8171c.php 第 110 行.
NOTIC: [8] Undefined index: rid /alidata/www/nuoya/Application/Runtime/Cache/Admin/2568b15b5a2d44b2b913872f88d8171c.php 第 110 行.
NOTIC: [8] Undefined index: rid /alidata/www/nuoya/Application/Runtime/Cache/Admin/2568b15b5a2d44b2b913872f88d8171c.php 第 110 行.
NOTIC: [8] Undefined index: rid /alidata/www/nuoya/Application/Runtime/Cache/Admin/2568b15b5a2d44b2b913872f88d8171c.php 第 110 行.
NOTIC: [8] Undefined index: rid /alidata/www/nuoya/Application/Runtime/Cache/Admin/2568b15b5a2d44b2b913872f88d8171c.php 第 110 行.
NOTIC: [8] Undefined index: rid /alidata/www/nuoya/Application/Runtime/Cache/Admin/2568b15b5a2d44b2b913872f88d8171c.php 第 110 行.
INFO: Run Behavior\ParseTemplateBehavior [ RunTime:0.008994s ]
INFO: [ view_parse ] --END-- [ RunTime:0.009033s ]
INFO: [ view_filter ] --START--
INFO: Run Behavior\WriteHtmlCacheBehavior [ RunTime:0.000131s ]
INFO: Run Behavior\TokenBuildBehavior [ RunTime:0.000212s ]
INFO: [ view_filter ] --END-- [ RunTime:0.000395s ]
INFO: [ app_end ] --START--
INFO: Run Behavior\ShowPageTraceBehavior [ RunTime:0.000437s ]
INFO: [ app_end ] --END-- [ RunTime:0.000486s ]

[ 2017-04-20T23:39:15+08:00 ] 125.108.218.120 /indexadm.php/finance/exchange_check
INFO: [ app_init ] --START--
INFO: Run Behavior\BuildLiteBehavior [ RunTime:0.000014s ]
INFO: [ app_init ] --END-- [ RunTime:0.000350s ]
INFO: [ app_begin ] --START--
INFO: Run Behavior\ReadHtmlCacheBehavior [ RunTime:0.000738s ]
INFO: [ app_begin ] --END-- [ RunTime:0.000802s ]
NOTIC: [8] Undefined variable: where /alidata/www/nuoya/Application/Admin/Controller/FinanceController.class.php 第 52 行.
NOTIC: [8] Undefined offset: 0 /alidata/www/nuoya/Application/Admin/Controller/PageController.class.php 第 151 行.
NOTIC: [8] Undefined offset: 1 /alidata/www/nuoya/Application/Admin/Controller/PageController.class.php 第 151 行.
NOTIC: [8] Undefined offset: 2 /alidata/www/nuoya/Application/Admin/Controller/PageController.class.php 第 151 行.
NOTIC: [8] Undefined variable: where /alidata/www/nuoya/Application/Admin/Controller/FinanceController.class.php 第 56 行.
INFO: [ view_parse ] --START--
INFO: [ template_filter ] --START--
INFO: Run Behavior\ContentReplaceBehavior [ RunTime:0.000090s ]
INFO: [ template_filter ] --END-- [ RunTime:0.000139s ]
NOTIC: [8] Undefined index: wstatus /alidata/www/nuoya/Application/Runtime/Cache/Admin/6285e63b6e99097cbc358c285cd23002.php 第 105 行.
NOTIC: [8] Undefined index: wstatus /alidata/www/nuoya/Application/Runtime/Cache/Admin/6285e63b6e99097cbc358c285cd23002.php 第 105 行.
NOTIC: [8] Undefined index: wstatus /alidata/www/nuoya/Application/Runtime/Cache/Admin/6285e63b6e99097cbc358c285cd23002.php 第 105 行.
NOTIC: [8] Undefined index: wstatus /alidata/www/nuoya/Application/Runtime/Cache/Admin/6285e63b6e99097cbc358c285cd23002.php 第 105 行.
INFO: Run Behavior\ParseTemplateBehavior [ RunTime:0.011851s ]
INFO: [ view_parse ] --END-- [ RunTime:0.011890s ]
INFO: [ view_filter ] --START--
INFO: Run Behavior\WriteHtmlCacheBehavior [ RunTime:0.000137s ]
INFO: Run Behavior\TokenBuildBehavior [ RunTime:0.000219s ]
INFO: [ view_filter ] --END-- [ RunTime:0.000408s ]
INFO: [ app_end ] --START--
INFO: Run Behavior\ShowPageTraceBehavior [ RunTime:0.000420s ]
INFO: [ app_end ] --END-- [ RunTime:0.000460s ]

[ 2017-04-20T23:39:51+08:00 ] 125.108.218.120 /indexadm.php/finance/exchange_check
INFO: [ app_init ] --START--
INFO: Run Behavior\BuildLiteBehavior [ RunTime:0.000014s ]
INFO: [ app_init ] --END-- [ RunTime:0.000275s ]
INFO: [ app_begin ] --START--
INFO: Run Behavior\ReadHtmlCacheBehavior [ RunTime:0.000313s ]
INFO: [ app_begin ] --END-- [ RunTime:0.000352s ]
NOTIC: [8] Undefined variable: where /alidata/www/nuoya/Application/Admin/Controller/FinanceController.class.php 第 52 行.
NOTIC: [8] Undefined offset: 0 /alidata/www/nuoya/Application/Admin/Controller/PageController.class.php 第 151 行.
NOTIC: [8] Undefined offset: 1 /alidata/www/nuoya/Application/Admin/Controller/PageController.class.php 第 151 行.
NOTIC: [8] Undefined offset: 2 /alidata/www/nuoya/Application/Admin/Controller/PageController.class.php 第 151 行.
NOTIC: [8] Undefined variable: where /alidata/www/nuoya/Application/Admin/Controller/FinanceController.class.php 第 56 行.
INFO: [ view_parse ] --START--
INFO: [ template_filter ] --START--
INFO: Run Behavior\ContentReplaceBehavior [ RunTime:0.000071s ]
INFO: [ template_filter ] --END-- [ RunTime:0.000116s ]
NOTIC: [8] Undefined index: wstatus /alidata/www/nuoya/Application/Runtime/Cache/Admin/6285e63b6e99097cbc358c285cd23002.php 第 105 行.
NOTIC: [8] Undefined index: wstatus /alidata/www/nuoya/Application/Runtime/Cache/Admin/6285e63b6e99097cbc358c285cd23002.php 第 105 行.
NOTIC: [8] Undefined index: wstatus /alidata/www/nuoya/Application/Runtime/Cache/Admin/6285e63b6e99097cbc358c285cd23002.php 第 105 行.
NOTIC: [8] Undefined index: wstatus /alidata/www/nuoya/Application/Runtime/Cache/Admin/6285e63b6e99097cbc358c285cd23002.php 第 105 行.
INFO: Run Behavior\ParseTemplateBehavior [ RunTime:0.009712s ]
INFO: [ view_parse ] --END-- [ RunTime:0.009751s ]
INFO: [ view_filter ] --START--
INFO: Run Behavior\WriteHtmlCacheBehavior [ RunTime:0.000151s ]
INFO: Run Behavior\TokenBuildBehavior [ RunTime:0.000216s ]
INFO: [ view_filter ] --END-- [ RunTime:0.000421s ]
INFO: [ app_end ] --START--
INFO: Run Behavior\ShowPageTraceBehavior [ RunTime:0.000430s ]
INFO: [ app_end ] --END-- [ RunTime:0.000470s ]

[ 2017-04-20T23:41:02+08:00 ] 125.108.218.120 /indexadm.php/finance/exchange_check
INFO: [ app_init ] --START--
INFO: Run Behavior\BuildLiteBehavior [ RunTime:0.000015s ]
INFO: [ app_init ] --END-- [ RunTime:0.000285s ]
INFO: [ app_begin ] --START--
INFO: Run Behavior\ReadHtmlCacheBehavior [ RunTime:0.000332s ]
INFO: [ app_begin ] --END-- [ RunTime:0.000371s ]
NOTIC: [8] Undefined variable: where /alidata/www/nuoya/Application/Admin/Controller/FinanceController.class.php 第 52 行.
NOTIC: [8] Undefined offset: 0 /alidata/www/nuoya/Application/Admin/Controller/PageController.class.php 第 151 行.
NOTIC: [8] Undefined offset: 1 /alidata/www/nuoya/Application/Admin/Controller/PageController.class.php 第 151 行.
NOTIC: [8] Undefined offset: 2 /alidata/www/nuoya/Application/Admin/Controller/PageController.class.php 第 151 行.
NOTIC: [8] Undefined variable: where /alidata/www/nuoya/Application/Admin/Controller/FinanceController.class.php 第 56 行.
INFO: [ view_parse ] --START--
INFO: [ template_filter ] --START--
INFO: Run Behavior\ContentReplaceBehavior [ RunTime:0.000078s ]
INFO: [ template_filter ] --END-- [ RunTime:0.000128s ]
NOTIC: [8] Undefined index: wstatus /alidata/www/nuoya/Application/Runtime/Cache/Admin/6285e63b6e99097cbc358c285cd23002.php 第 105 行.
NOTIC: [8] Undefined index: wstatus /alidata/www/nuoya/Application/Runtime/Cache/Admin/6285e63b6e99097cbc358c285cd23002.php 第 105 行.
NOTIC: [8] Undefined index: wstatus /alidata/www/nuoya/Application/Runtime/Cache/Admin/6285e63b6e99097cbc358c285cd23002.php 第 105 行.
NOTIC: [8] Undefined index: wstatus /alidata/www/nuoya/Application/Runtime/Cache/Admin/6285e63b6e99097cbc358c285cd23002.php 第 105 行.
INFO: Run Behavior\ParseTemplateBehavior [ RunTime:0.010062s ]
INFO: [ view_parse ] --END-- [ RunTime:0.010101s ]
INFO: [ view_filter ] --START--
INFO: Run Behavior\WriteHtmlCacheBehavior [ RunTime:0.000176s ]
INFO: Run Behavior\TokenBuildBehavior [ RunTime:0.000218s ]
INFO: [ view_filter ] --END-- [ RunTime:0.000450s ]
INFO: [ app_end ] --START--
INFO: Run Behavior\ShowPageTraceBehavior [ RunTime:0.000525s ]
INFO: [ app_end ] --END-- [ RunTime:0.000569s ]

[ 2017-04-20T23:44:07+08:00 ] 125.108.218.120 /indexadm.php/finance/exchange_check
INFO: [ app_init ] --START--
INFO: Run Behavior\BuildLiteBehavior [ RunTime:0.000013s ]
INFO: [ app_init ] --END-- [ RunTime:0.000268s ]
INFO: [ app_begin ] --START--
INFO: Run Behavior\ReadHtmlCacheBehavior [ RunTime:0.000355s ]
INFO: [ app_begin ] --END-- [ RunTime:0.000394s ]
NOTIC: [8] Undefined variable: where /alidata/www/nuoya/Application/Admin/Controller/FinanceController.class.php 第 52 行.
NOTIC: [8] Undefined offset: 0 /alidata/www/nuoya/Application/Admin/Controller/PageController.class.php 第 151 行.
NOTIC: [8] Undefined offset: 1 /alidata/www/nuoya/Application/Admin/Controller/PageController.class.php 第 151 行.
NOTIC: [8] Undefined offset: 2 /alidata/www/nuoya/Application/Admin/Controller/PageController.class.php 第 151 行.
NOTIC: [8] Undefined variable: where /alidata/www/nuoya/Application/Admin/Controller/FinanceController.class.php 第 56 行.
INFO: [ view_parse ] --START--
INFO: [ template_filter ] --START--
INFO: Run Behavior\ContentReplaceBehavior [ RunTime:0.000072s ]
INFO: [ template_filter ] --END-- [ RunTime:0.000122s ]
NOTIC: [8] Undefined index: wstatus /alidata/www/nuoya/Application/Runtime/Cache/Admin/6285e63b6e99097cbc358c285cd23002.php 第 105 行.
NOTIC: [8] Undefined index: wstatus /alidata/www/nuoya/Application/Runtime/Cache/Admin/6285e63b6e99097cbc358c285cd23002.php 第 105 行.
NOTIC: [8] Undefined index: wstatus /alidata/www/nuoya/Application/Runtime/Cache/Admin/6285e63b6e99097cbc358c285cd23002.php 第 105 行.
NOTIC: [8] Undefined index: wstatus /alidata/www/nuoya/Application/Runtime/Cache/Admin/6285e63b6e99097cbc358c285cd23002.php 第 105 行.
INFO: Run Behavior\ParseTemplateBehavior [ RunTime:0.009232s ]
INFO: [ view_parse ] --END-- [ RunTime:0.009308s ]
INFO: [ view_filter ] --START--
INFO: Run Behavior\WriteHtmlCacheBehavior [ RunTime:0.000144s ]
INFO: Run Behavior\TokenBuildBehavior [ RunTime:0.000210s ]
INFO: [ view_filter ] --END-- [ RunTime:0.000406s ]
INFO: [ app_end ] --START--
INFO: Run Behavior\ShowPageTraceBehavior [ RunTime:0.000435s ]
INFO: [ app_end ] --END-- [ RunTime:0.000476s ]

[ 2017-04-20T23:44:56+08:00 ] 125.108.218.120 /indexadm.php/finance/reward_record
INFO: [ app_init ] --START--
INFO: Run Behavior\BuildLiteBehavior [ RunTime:0.000014s ]
INFO: [ app_init ] --END-- [ RunTime:0.000312s ]
INFO: [ app_begin ] --START--
INFO: Run Behavior\ReadHtmlCacheBehavior [ RunTime:0.000433s ]
INFO: [ app_begin ] --END-- [ RunTime:0.000472s ]
NOTIC: [8] Undefined offset: 0 /alidata/www/nuoya/Application/Admin/Controller/PageController.class.php 第 151 行.
NOTIC: [8] Undefined offset: 1 /alidata/www/nuoya/Application/Admin/Controller/PageController.class.php 第 151 行.
NOTIC: [8] Undefined offset: 2 /alidata/www/nuoya/Application/Admin/Controller/PageController.class.php 第 151 行.
INFO: [ view_parse ] --START--
INFO: [ template_filter ] --START--
INFO: Run Behavior\ContentReplaceBehavior [ RunTime:0.000054s ]
INFO: [ template_filter ] --END-- [ RunTime:0.000098s ]
NOTIC: [8] Undefined index: id /alidata/www/nuoya/Application/Runtime/Cache/Admin/fd5784d7d26d4e0d40b173d93d45b960.php 第 91 行.
NOTIC: [8] Undefined index: rid /alidata/www/nuoya/Application/Runtime/Cache/Admin/fd5784d7d26d4e0d40b173d93d45b960.php 第 91 行.
NOTIC: [8] Undefined index: openid /alidata/www/nuoya/Application/Runtime/Cache/Admin/fd5784d7d26d4e0d40b173d93d45b960.php 第 91 行.
NOTIC: [8] Undefined index: openid /alidata/www/nuoya/Application/Runtime/Cache/Admin/fd5784d7d26d4e0d40b173d93d45b960.php 第 92 行.
NOTIC: [8] Undefined index: id /alidata/www/nuoya/Application/Runtime/Cache/Admin/fd5784d7d26d4e0d40b173d93d45b960.php 第 93 行.
NOTIC: [8] Undefined index: rid /alidata/www/nuoya/Application/Runtime/Cache/Admin/fd5784d7d26d4e0d40b173d93d45b960.php 第 93 行.
NOTIC: [8] Undefined index: vid /alidata/www/nuoya/Application/Runtime/Cache/Admin/fd5784d7d26d4e0d40b173d93d45b960.php 第 93 行.
NOTIC: [8] Undefined index: flag /alidata/www/nuoya/Application/Runtime/Cache/Admin/fd5784d7d26d4e0d40b173d93d45b960.php 第 94 行.
NOTIC: [8] Undefined index: id /alidata/www/nuoya/Application/Runtime/Cache/Admin/fd5784d7d26d4e0d40b173d93d45b960.php 第 97 行.
NOTIC: [8] Undefined index: id /alidata/www/nuoya/Application/Runtime/Cache/Admin/fd5784d7d26d4e0d40b173d93d45b960.php 第 91 行.
NOTIC: [8] Undefined index: rid /alidata/www/nuoya/Application/Runtime/Cache/Admin/fd5784d7d26d4e0d40b173d93d45b960.php 第 91 行.
NOTIC: [8] Undefined index: openid /alidata/www/nuoya/Application/Runtime/Cache/Admin/fd5784d7d26d4e0d40b173d93d45b960.php 第 91 行.
NOTIC: [8] Undefined index: openid /alidata/www/nuoya/Application/Runtime/Cache/Admin/fd5784d7d26d4e0d40b173d93d45b960.php 第 92 行.
NOTIC: [8] Undefined index: id /alidata/www/nuoya/Application/Runtime/Cache/Admin/fd5784d7d26d4e0d40b173d93d45b960.php 第 93 行.
NOTIC: [8] Undefined index: rid /alidata/www/nuoya/Application/Runtime/Cache/Admin/fd5784d7d26d4e0d40b173d93d45b960.php 第 93 行.
NOTIC: [8] Undefined index: vid /alidata/www/nuoya/Application/Runtime/Cache/Admin/fd5784d7d26d4e0d40b173d93d45b960.php 第 93 行.
NOTIC: [8] Undefined index: flag /alidata/www/nuoya/Application/Runtime/Cache/Admin/fd5784d7d26d4e0d40b173d93d45b960.php 第 94 行.
NOTIC: [8] Undefined index: id /alidata/www/nuoya/Application/Runtime/Cache/Admin/fd5784d7d26d4e0d40b173d93d45b960.php 第 97 行.
NOTIC: [8] Undefined index: id /alidata/www/nuoya/Application/Runtime/Cache/Admin/fd5784d7d26d4e0d40b173d93d45b960.php 第 91 行.
NOTIC: [8] Undefined index: rid /alidata/www/nuoya/Application/Runtime/Cache/Admin/fd5784d7d26d4e0d40b173d93d45b960.php 第 91 行.
NOTIC: [8] Undefined index: openid /alidata/www/nuoya/Application/Runtime/Cache/Admin/fd5784d7d26d4e0d40b173d93d45b960.php 第 91 行.
NOTIC: [8] Undefined index: openid /alidata/www/nuoya/Application/Runtime/Cache/Admin/fd5784d7d26d4e0d40b173d93d45b960.php 第 92 行.
NOTIC: [8] Undefined index: id /alidata/www/nuoya/Application/Runtime/Cache/Admin/fd5784d7d26d4e0d40b173d93d45b960.php 第 93 行.
NOTIC: [8] Undefined index: rid /alidata/www/nuoya/Application/Runtime/Cache/Admin/fd5784d7d26d4e0d40b173d93d45b960.php 第 93 行.
NOTIC: [8] Undefined index: vid /alidata/www/nuoya/Application/Runtime/Cache/Admin/fd5784d7d26d4e0d40b173d93d45b960.php 第 93 行.
NOTIC: [8] Undefined index: flag /alidata/www/nuoya/Application/Runtime/Cache/Admin/fd5784d7d26d4e0d40b173d93d45b960.php 第 94 行.
NOTIC: [8] Undefined index: id /alidata/www/nuoya/Application/Runtime/Cache/Admin/fd5784d7d26d4e0d40b173d93d45b960.php 第 97 行.
NOTIC: [8] Undefined index: id /alidata/www/nuoya/Application/Runtime/Cache/Admin/fd5784d7d26d4e0d40b173d93d45b960.php 第 91 行.
NOTIC: [8] Undefined index: rid /alidata/www/nuoya/Application/Runtime/Cache/Admin/fd5784d7d26d4e0d40b173d93d45b960.php 第 91 行.
NOTIC: [8] Undefined index: openid /alidata/www/nuoya/Application/Runtime/Cache/Admin/fd5784d7d26d4e0d40b173d93d45b960.php 第 91 行.
NOTIC: [8] Undefined index: openid /alidata/www/nuoya/Application/Runtime/Cache/Admin/fd5784d7d26d4e0d40b173d93d45b960.php 第 92 行.
NOTIC: [8] Undefined index: id /alidata/www/nuoya/Application/Runtime/Cache/Admin/fd5784d7d26d4e0d40b173d93d45b960.php 第 93 行.
NOTIC: [8] Undefined index: rid /alidata/www/nuoya/Application/Runtime/Cache/Admin/fd5784d7d26d4e0d40b173d93d45b960.php 第 93 行.
NOTIC: [8] Undefined index: vid /alidata/www/nuoya/Application/Runtime/Cache/Admin/fd5784d7d26d4e0d40b173d93d45b960.php 第 93 行.
NOTIC: [8] Undefined index: flag /alidata/www/nuoya/Application/Runtime/Cache/Admin/fd5784d7d26d4e0d40b173d93d45b960.php 第 94 行.
NOTIC: [8] Undefined index: id /alidata/www/nuoya/Application/Runtime/Cache/Admin/fd5784d7d26d4e0d40b173d93d45b960.php 第 97 行.
NOTIC: [8] Undefined index: id /alidata/www/nuoya/Application/Runtime/Cache/Admin/fd5784d7d26d4e0d40b173d93d45b960.php 第 91 行.
NOTIC: [8] Undefined index: rid /alidata/www/nuoya/Application/Runtime/Cache/Admin/fd5784d7d26d4e0d40b173d93d45b960.php 第 91 行.
NOTIC: [8] Undefined index: openid /alidata/www/nuoya/Application/Runtime/Cache/Admin/fd5784d7d26d4e0d40b173d93d45b960.php 第 91 行.
NOTIC: [8] Undefined index: openid /alidata/www/nuoya/Application/Runtime/Cache/Admin/fd5784d7d26d4e0d40b173d93d45b960.php 第 92 行.
NOTIC: [8] Undefined index: id /alidata/www/nuoya/Application/Runtime/Cache/Admin/fd5784d7d26d4e0d40b173d93d45b960.php 第 93 行.
NOTIC: [8] Undefined index: rid /alidata/www/nuoya/Application/Runtime/Cache/Admin/fd5784d7d26d4e0d40b173d93d45b960.php 第 93 行.
NOTIC: [8] Undefined index: vid /alidata/www/nuoya/Application/Runtime/Cache/Admin/fd5784d7d26d4e0d40b173d93d45b960.php 第 93 行.
NOTIC: [8] Undefined index: flag /alidata/www/nuoya/Application/Runtime/Cache/Admin/fd5784d7d26d4e0d40b173d93d45b960.php 第 94 行.
NOTIC: [8] Undefined index: id /alidata/www/nuoya/Application/Runtime/Cache/Admin/fd5784d7d26d4e0d40b173d93d45b960.php 第 97 行.
NOTIC: [8] Undefined index: id /alidata/www/nuoya/Application/Runtime/Cache/Admin/fd5784d7d26d4e0d40b173d93d45b960.php 第 91 行.
NOTIC: [8] Undefined index: rid /alidata/www/nuoya/Application/Runtime/Cache/Admin/fd5784d7d26d4e0d40b173d93d45b960.php 第 91 行.
NOTIC: [8] Undefined index: openid /alidata/www/nuoya/Application/Runtime/Cache/Admin/fd5784d7d26d4e0d40b173d93d45b960.php 第 91 行.
NOTIC: [8] Undefined index: openid /alidata/www/nuoya/Application/Runtime/Cache/Admin/fd5784d7d26d4e0d40b173d93d45b960.php 第 92 行.
NOTIC: [8] Undefined index: id /alidata/www/nuoya/Application/Runtime/Cache/Admin/fd5784d7d26d4e0d40b173d93d45b960.php 第 93 行.
NOTIC: [8] Undefined index: rid /alidata/www/nuoya/Application/Runtime/Cache/Admin/fd5784d7d26d4e0d40b173d93d45b960.php 第 93 行.
NOTIC: [8] Undefined index: vid /alidata/www/nuoya/Application/Runtime/Cache/Admin/fd5784d7d26d4e0d40b173d93d45b960.php 第 93 行.
NOTIC: [8] Undefined index: flag /alidata/www/nuoya/Application/Runtime/Cache/Admin/fd5784d7d26d4e0d40b173d93d45b960.php 第 94 行.
NOTIC: [8] Undefined index: id /alidata/www/nuoya/Application/Runtime/Cache/Admin/fd5784d7d26d4e0d40b173d93d45b960.php 第 97 行.
NOTIC: [8] Undefined index: id /alidata/www/nuoya/Application/Runtime/Cache/Admin/fd5784d7d26d4e0d40b173d93d45b960.php 第 91 行.
NOTIC: [8] Undefined index: rid /alidata/www/nuoya/Application/Runtime/Cache/Admin/fd5784d7d26d4e0d40b173d93d45b960.php 第 91 行.
NOTIC: [8] Undefined index: openid /alidata/www/nuoya/Application/Runtime/Cache/Admin/fd5784d7d26d4e0d40b173d93d45b960.php 第 91 行.
NOTIC: [8] Undefined index: openid /alidata/www/nuoya/Application/Runtime/Cache/Admin/fd5784d7d26d4e0d40b173d93d45b960.php 第 92 行.
NOTIC: [8] Undefined index: id /alidata/www/nuoya/Application/Runtime/Cache/Admin/fd5784d7d26d4e0d40b173d93d45b960.php 第 93 行.
NOTIC: [8] Undefined index: rid /alidata/www/nuoya/Application/Runtime/Cache/Admin/fd5784d7d26d4e0d40b173d93d45b960.php 第 93 行.
NOTIC: [8] Undefined index: vid /alidata/www/nuoya/Application/Runtime/Cache/Admin/fd5784d7d26d4e0d40b173d93d45b960.php 第 93 行.
NOTIC: [8] Undefined index: flag /alidata/www/nuoya/Application/Runtime/Cache/Admin/fd5784d7d26d4e0d40b173d93d45b960.php 第 94 行.
NOTIC: [8] Undefined index: id /alidata/www/nuoya/Application/Runtime/Cache/Admin/fd5784d7d26d4e0d40b173d93d45b960.php 第 97 行.
NOTIC: [8] Undefined index: id /alidata/www/nuoya/Application/Runtime/Cache/Admin/fd5784d7d26d4e0d40b173d93d45b960.php 第 91 行.
NOTIC: [8] Undefined index: rid /alidata/www/nuoya/Application/Runtime/Cache/Admin/fd5784d7d26d4e0d40b173d93d45b960.php 第 91 行.
NOTIC: [8] Undefined index: openid /alidata/www/nuoya/Application/Runtime/Cache/Admin/fd5784d7d26d4e0d40b173d93d45b960.php 第 91 行.
NOTIC: [8] Undefined index: openid /alidata/www/nuoya/Application/Runtime/Cache/Admin/fd5784d7d26d4e0d40b173d93d45b960.php 第 92 行.
NOTIC: [8] Undefined index: id /alidata/www/nuoya/Application/Runtime/Cache/Admin/fd5784d7d26d4e0d40b173d93d45b960.php 第 93 行.
NOTIC: [8] Undefined index: rid /alidata/www/nuoya/Application/Runtime/Cache/Admin/fd5784d7d26d4e0d40b173d93d45b960.php 第 93 行.
NOTIC: [8] Undefined index: vid /alidata/www/nuoya/Application/Runtime/Cache/Admin/fd5784d7d26d4e0d40b173d93d45b960.php 第 93 行.
NOTIC: [8] Undefined index: flag /alidata/www/nuoya/Application/Runtime/Cache/Admin/fd5784d7d26d4e0d40b173d93d45b960.php 第 94 行.
NOTIC: [8] Undefined index: id /alidata/www/nuoya/Application/Runtime/Cache/Admin/fd5784d7d26d4e0d40b173d93d45b960.php 第 97 行.
INFO: Run Behavior\ParseTemplateBehavior [ RunTime:0.008819s ]
INFO: [ view_parse ] --END-- [ RunTime:0.008855s ]
INFO: [ view_filter ] --START--
INFO: Run Behavior\WriteHtmlCacheBehavior [ RunTime:0.000137s ]
INFO: Run Behavior\TokenBuildBehavior [ RunTime:0.000287s ]
INFO: [ view_filter ] --END-- [ RunTime:0.000499s ]
INFO: [ app_end ] --START--
INFO: Run Behavior\ShowPageTraceBehavior [ RunTime:0.000439s ]
INFO: [ app_end ] --END-- [ RunTime:0.000482s ]

[ 2017-04-20T23:44:57+08:00 ] 125.108.218.120 /indexadm.php/finance/exchange_check
INFO: [ app_init ] --START--
INFO: Run Behavior\BuildLiteBehavior [ RunTime:0.000015s ]
INFO: [ app_init ] --END-- [ RunTime:0.000346s ]
INFO: [ app_begin ] --START--
INFO: Run Behavior\ReadHtmlCacheBehavior [ RunTime:0.000328s ]
INFO: [ app_begin ] --END-- [ RunTime:0.000399s ]
NOTIC: [8] Undefined variable: where /alidata/www/nuoya/Application/Admin/Controller/FinanceController.class.php 第 52 行.
NOTIC: [8] Undefined offset: 0 /alidata/www/nuoya/Application/Admin/Controller/PageController.class.php 第 151 行.
NOTIC: [8] Undefined offset: 1 /alidata/www/nuoya/Application/Admin/Controller/PageController.class.php 第 151 行.
NOTIC: [8] Undefined offset: 2 /alidata/www/nuoya/Application/Admin/Controller/PageController.class.php 第 151 行.
NOTIC: [8] Undefined variable: where /alidata/www/nuoya/Application/Admin/Controller/FinanceController.class.php 第 56 行.
INFO: [ view_parse ] --START--
INFO: [ template_filter ] --START--
INFO: Run Behavior\ContentReplaceBehavior [ RunTime:0.000075s ]
INFO: [ template_filter ] --END-- [ RunTime:0.000118s ]
NOTIC: [8] Undefined index: wstatus /alidata/www/nuoya/Application/Runtime/Cache/Admin/6285e63b6e99097cbc358c285cd23002.php 第 105 行.
NOTIC: [8] Undefined index: wstatus /alidata/www/nuoya/Application/Runtime/Cache/Admin/6285e63b6e99097cbc358c285cd23002.php 第 105 行.
NOTIC: [8] Undefined index: wstatus /alidata/www/nuoya/Application/Runtime/Cache/Admin/6285e63b6e99097cbc358c285cd23002.php 第 105 行.
NOTIC: [8] Undefined index: wstatus /alidata/www/nuoya/Application/Runtime/Cache/Admin/6285e63b6e99097cbc358c285cd23002.php 第 105 行.
INFO: Run Behavior\ParseTemplateBehavior [ RunTime:0.010364s ]
INFO: [ view_parse ] --END-- [ RunTime:0.010405s ]
INFO: [ view_filter ] --START--
INFO: Run Behavior\WriteHtmlCacheBehavior [ RunTime:0.000167s ]
INFO: Run Behavior\TokenBuildBehavior [ RunTime:0.000263s ]
INFO: [ view_filter ] --END-- [ RunTime:0.000486s ]
INFO: [ app_end ] --START--
INFO: Run Behavior\ShowPageTraceBehavior [ RunTime:0.000399s ]
INFO: [ app_end ] --END-- [ RunTime:0.000439s ]

[ 2017-04-20T23:45:38+08:00 ] 125.108.218.120 /indexadm.php/finance/exchange_check
INFO: [ app_init ] --START--
INFO: Run Behavior\BuildLiteBehavior [ RunTime:0.000020s ]
INFO: [ app_init ] --END-- [ RunTime:0.000343s ]
INFO: [ app_begin ] --START--
INFO: Run Behavior\ReadHtmlCacheBehavior [ RunTime:0.000459s ]
INFO: [ app_begin ] --END-- [ RunTime:0.000520s ]
NOTIC: [8] Undefined variable: where /alidata/www/nuoya/Application/Admin/Controller/FinanceController.class.php 第 52 行.
NOTIC: [8] Undefined offset: 0 /alidata/www/nuoya/Application/Admin/Controller/PageController.class.php 第 151 行.
NOTIC: [8] Undefined offset: 1 /alidata/www/nuoya/Application/Admin/Controller/PageController.class.php 第 151 行.
NOTIC: [8] Undefined offset: 2 /alidata/www/nuoya/Application/Admin/Controller/PageController.class.php 第 151 行.
NOTIC: [8] Undefined variable: where /alidata/www/nuoya/Application/Admin/Controller/FinanceController.class.php 第 56 行.
INFO: [ view_parse ] --START--
INFO: [ template_filter ] --START--
INFO: Run Behavior\ContentReplaceBehavior [ RunTime:0.000077s ]
INFO: [ template_filter ] --END-- [ RunTime:0.000140s ]
NOTIC: [8] Undefined index: wstatus /alidata/www/nuoya/Application/Runtime/Cache/Admin/6285e63b6e99097cbc358c285cd23002.php 第 105 行.
NOTIC: [8] Undefined index: wstatus /alidata/www/nuoya/Application/Runtime/Cache/Admin/6285e63b6e99097cbc358c285cd23002.php 第 105 行.
NOTIC: [8] Undefined index: wstatus /alidata/www/nuoya/Application/Runtime/Cache/Admin/6285e63b6e99097cbc358c285cd23002.php 第 105 行.
NOTIC: [8] Undefined index: wstatus /alidata/www/nuoya/Application/Runtime/Cache/Admin/6285e63b6e99097cbc358c285cd23002.php 第 105 行.
INFO: Run Behavior\ParseTemplateBehavior [ RunTime:0.011312s ]
INFO: [ view_parse ] --END-- [ RunTime:0.011353s ]
INFO: [ view_filter ] --START--
INFO: Run Behavior\WriteHtmlCacheBehavior [ RunTime:0.000141s ]
INFO: Run Behavior\TokenBuildBehavior [ RunTime:0.000320s ]
INFO: [ view_filter ] --END-- [ RunTime:0.000518s ]
INFO: [ app_end ] --START--
INFO: Run Behavior\ShowPageTraceBehavior [ RunTime:0.000443s ]
INFO: [ app_end ] --END-- [ RunTime:0.000486s ]

[ 2017-04-20T23:45:57+08:00 ] 125.108.218.120 /indexadm.php/finance/exchange_check
INFO: [ app_init ] --START--
INFO: Run Behavior\BuildLiteBehavior [ RunTime:0.000013s ]
INFO: [ app_init ] --END-- [ RunTime:0.000274s ]
INFO: [ app_begin ] --START--
INFO: Run Behavior\ReadHtmlCacheBehavior [ RunTime:0.000317s ]
INFO: [ app_begin ] --END-- [ RunTime:0.000354s ]
NOTIC: [8] Undefined variable: where /alidata/www/nuoya/Application/Admin/Controller/FinanceController.class.php 第 52 行.
NOTIC: [8] Undefined offset: 0 /alidata/www/nuoya/Application/Admin/Controller/PageController.class.php 第 151 行.
NOTIC: [8] Undefined offset: 1 /alidata/www/nuoya/Application/Admin/Controller/PageController.class.php 第 151 行.
NOTIC: [8] Undefined offset: 2 /alidata/www/nuoya/Application/Admin/Controller/PageController.class.php 第 151 行.
NOTIC: [8] Undefined variable: where /alidata/www/nuoya/Application/Admin/Controller/FinanceController.class.php 第 56 行.
INFO: [ view_parse ] --START--
INFO: [ template_filter ] --START--
INFO: Run Behavior\ContentReplaceBehavior [ RunTime:0.000063s ]
INFO: [ template_filter ] --END-- [ RunTime:0.000104s ]
NOTIC: [8] Undefined index: wstatus /alidata/www/nuoya/Application/Runtime/Cache/Admin/6285e63b6e99097cbc358c285cd23002.php 第 105 行.
NOTIC: [8] Undefined index: wstatus /alidata/www/nuoya/Application/Runtime/Cache/Admin/6285e63b6e99097cbc358c285cd23002.php 第 105 行.
NOTIC: [8] Undefined index: wstatus /alidata/www/nuoya/Application/Runtime/Cache/Admin/6285e63b6e99097cbc358c285cd23002.php 第 105 行.
NOTIC: [8] Undefined index: wstatus /alidata/www/nuoya/Application/Runtime/Cache/Admin/6285e63b6e99097cbc358c285cd23002.php 第 105 行.
INFO: Run Behavior\ParseTemplateBehavior [ RunTime:0.008915s ]
INFO: [ view_parse ] --END-- [ RunTime:0.008952s ]
INFO: [ view_filter ] --START--
INFO: Run Behavior\WriteHtmlCacheBehavior [ RunTime:0.000131s ]
INFO: Run Behavior\TokenBuildBehavior [ RunTime:0.000197s ]
INFO: [ view_filter ] --END-- [ RunTime:0.000380s ]
INFO: [ app_end ] --START--
INFO: Run Behavior\ShowPageTraceBehavior [ RunTime:0.000404s ]
INFO: [ app_end ] --END-- [ RunTime:0.000443s ]

[ 2017-04-20T23:46:19+08:00 ] 125.108.218.120 /indexadm.php/Finance/cash
INFO: [ app_init ] --START--
INFO: Run Behavior\BuildLiteBehavior [ RunTime:0.000020s ]
INFO: [ app_init ] --END-- [ RunTime:0.000381s ]
INFO: [ app_begin ] --START--
INFO: Run Behavior\ReadHtmlCacheBehavior [ RunTime:0.000514s ]
INFO: [ app_begin ] --END-- [ RunTime:0.000564s ]
NOTIC: [8] Undefined index: validate /alidata/www/nuoya/ThinkPHP/Library/Think/Model.class.php 第 1185 行.
NOTIC: [8] Undefined index: auto /alidata/www/nuoya/ThinkPHP/Library/Think/Model.class.php 第 1128 行.

[ 2017-04-20T23:46:21+08:00 ] 125.108.218.120 /indexadm.php/finance/exchange_check
INFO: [ app_init ] --START--
INFO: Run Behavior\BuildLiteBehavior [ RunTime:0.000018s ]
INFO: [ app_init ] --END-- [ RunTime:0.000315s ]
INFO: [ app_begin ] --START--
INFO: Run Behavior\ReadHtmlCacheBehavior [ RunTime:0.000371s ]
INFO: [ app_begin ] --END-- [ RunTime:0.000413s ]
NOTIC: [8] Undefined variable: where /alidata/www/nuoya/Application/Admin/Controller/FinanceController.class.php 第 52 行.
NOTIC: [8] Undefined offset: 0 /alidata/www/nuoya/Application/Admin/Controller/PageController.class.php 第 151 行.
NOTIC: [8] Undefined offset: 1 /alidata/www/nuoya/Application/Admin/Controller/PageController.class.php 第 151 行.
NOTIC: [8] Undefined offset: 2 /alidata/www/nuoya/Application/Admin/Controller/PageController.class.php 第 151 行.
NOTIC: [8] Undefined variable: where /alidata/www/nuoya/Application/Admin/Controller/FinanceController.class.php 第 56 行.
INFO: [ view_parse ] --START--
INFO: [ template_filter ] --START--
INFO: Run Behavior\ContentReplaceBehavior [ RunTime:0.000105s ]
INFO: [ template_filter ] --END-- [ RunTime:0.000155s ]
NOTIC: [8] Undefined index: wstatus /alidata/www/nuoya/Application/Runtime/Cache/Admin/6285e63b6e99097cbc358c285cd23002.php 第 105 行.
NOTIC: [8] Undefined index: wstatus /alidata/www/nuoya/Application/Runtime/Cache/Admin/6285e63b6e99097cbc358c285cd23002.php 第 105 行.
NOTIC: [8] Undefined index: wstatus /alidata/www/nuoya/Application/Runtime/Cache/Admin/6285e63b6e99097cbc358c285cd23002.php 第 105 行.
NOTIC: [8] Undefined index: wstatus /alidata/www/nuoya/Application/Runtime/Cache/Admin/6285e63b6e99097cbc358c285cd23002.php 第 105 行.
INFO: Run Behavior\ParseTemplateBehavior [ RunTime:0.009520s ]
INFO: [ view_parse ] --END-- [ RunTime:0.009559s ]
INFO: [ view_filter ] --START--
INFO: Run Behavior\WriteHtmlCacheBehavior [ RunTime:0.000154s ]
INFO: Run Behavior\TokenBuildBehavior [ RunTime:0.000215s ]
INFO: [ view_filter ] --END-- [ RunTime:0.000437s ]
INFO: [ app_end ] --START--
INFO: Run Behavior\ShowPageTraceBehavior [ RunTime:0.000385s ]
INFO: [ app_end ] --END-- [ RunTime:0.000427s ]

[ 2017-04-20T23:53:17+08:00 ] 125.108.218.120 /indexadm.php/finance/exchange_check
INFO: [ app_init ] --START--
INFO: Run Behavior\BuildLiteBehavior [ RunTime:0.000014s ]
INFO: [ app_init ] --END-- [ RunTime:0.000339s ]
INFO: [ app_begin ] --START--
INFO: Run Behavior\ReadHtmlCacheBehavior [ RunTime:0.000355s ]
INFO: [ app_begin ] --END-- [ RunTime:0.000395s ]
NOTIC: [8] Undefined variable: where /alidata/www/nuoya/Application/Admin/Controller/FinanceController.class.php 第 52 行.
NOTIC: [8] Undefined offset: 0 /alidata/www/nuoya/Application/Admin/Controller/PageController.class.php 第 151 行.
NOTIC: [8] Undefined offset: 1 /alidata/www/nuoya/Application/Admin/Controller/PageController.class.php 第 151 行.
NOTIC: [8] Undefined offset: 2 /alidata/www/nuoya/Application/Admin/Controller/PageController.class.php 第 151 行.
NOTIC: [8] Undefined variable: where /alidata/www/nuoya/Application/Admin/Controller/FinanceController.class.php 第 56 行.
INFO: [ view_parse ] --START--
INFO: [ template_filter ] --START--
INFO: Run Behavior\ContentReplaceBehavior [ RunTime:0.000086s ]
INFO: [ template_filter ] --END-- [ RunTime:0.000137s ]
INFO: Run Behavior\ParseTemplateBehavior [ RunTime:0.010196s ]
INFO: [ view_parse ] --END-- [ RunTime:0.010240s ]
INFO: [ view_filter ] --START--
INFO: Run Behavior\WriteHtmlCacheBehavior [ RunTime:0.000135s ]
INFO: Run Behavior\TokenBuildBehavior [ RunTime:0.000211s ]
INFO: [ view_filter ] --END-- [ RunTime:0.000400s ]
INFO: [ app_end ] --START--
INFO: Run Behavior\ShowPageTraceBehavior [ RunTime:0.000455s ]
INFO: [ app_end ] --END-- [ RunTime:0.000496s ]

[ 2017-04-20T23:57:36+08:00 ] 125.108.218.120 /indexadm.php/finance/exchange_check
INFO: [ app_init ] --START--
INFO: Run Behavior\BuildLiteBehavior [ RunTime:0.000013s ]
INFO: [ app_init ] --END-- [ RunTime:0.000264s ]
INFO: [ app_begin ] --START--
INFO: Run Behavior\ReadHtmlCacheBehavior [ RunTime:0.000348s ]
INFO: [ app_begin ] --END-- [ RunTime:0.000388s ]
NOTIC: [8] Undefined variable: where /alidata/www/nuoya/Application/Admin/Controller/FinanceController.class.php 第 52 行.
NOTIC: [8] Undefined offset: 0 /alidata/www/nuoya/Application/Admin/Controller/PageController.class.php 第 151 行.
NOTIC: [8] Undefined offset: 1 /alidata/www/nuoya/Application/Admin/Controller/PageController.class.php 第 151 行.
NOTIC: [8] Undefined offset: 2 /alidata/www/nuoya/Application/Admin/Controller/PageController.class.php 第 151 行.
NOTIC: [8] Undefined variable: where /alidata/www/nuoya/Application/Admin/Controller/FinanceController.class.php 第 56 行.
INFO: [ view_parse ] --START--
INFO: [ template_filter ] --START--
INFO: Run Behavior\ContentReplaceBehavior [ RunTime:0.000079s ]
INFO: [ template_filter ] --END-- [ RunTime:0.000126s ]
INFO: Run Behavior\ParseTemplateBehavior [ RunTime:0.009019s ]
INFO: [ view_parse ] --END-- [ RunTime:0.009063s ]
INFO: [ view_filter ] --START--
INFO: Run Behavior\WriteHtmlCacheBehavior [ RunTime:0.000132s ]
INFO: Run Behavior\TokenBuildBehavior [ RunTime:0.000236s ]
INFO: [ view_filter ] --END-- [ RunTime:0.000423s ]
INFO: [ app_end ] --START--
INFO: Run Behavior\ShowPageTraceBehavior [ RunTime:0.000402s ]
INFO: [ app_end ] --END-- [ RunTime:0.000440s ]

[ 2017-04-20T23:59:23+08:00 ] 125.108.218.120 /indexadm.php/finance/exchange_check
INFO: [ app_init ] --START--
INFO: Run Behavior\BuildLiteBehavior [ RunTime:0.000013s ]
INFO: [ app_init ] --END-- [ RunTime:0.000266s ]
INFO: [ app_begin ] --START--
INFO: Run Behavior\ReadHtmlCacheBehavior [ RunTime:0.000356s ]
INFO: [ app_begin ] --END-- [ RunTime:0.000431s ]
NOTIC: [8] Undefined variable: where /alidata/www/nuoya/Application/Admin/Controller/FinanceController.class.php 第 52 行.
NOTIC: [8] Undefined offset: 0 /alidata/www/nuoya/Application/Admin/Controller/PageController.class.php 第 151 行.
NOTIC: [8] Undefined offset: 1 /alidata/www/nuoya/Application/Admin/Controller/PageController.class.php 第 151 行.
NOTIC: [8] Undefined offset: 2 /alidata/www/nuoya/Application/Admin/Controller/PageController.class.php 第 151 行.
NOTIC: [8] Undefined variable: where /alidata/www/nuoya/Application/Admin/Controller/FinanceController.class.php 第 56 行.
INFO: [ view_parse ] --START--
INFO: [ template_filter ] --START--
INFO: Run Behavior\ContentReplaceBehavior [ RunTime:0.000069s ]
INFO: [ template_filter ] --END-- [ RunTime:0.000114s ]
INFO: Run Behavior\ParseTemplateBehavior [ RunTime:0.009562s ]
INFO: [ view_parse ] --END-- [ RunTime:0.009608s ]
INFO: [ view_filter ] --START--
INFO: Run Behavior\WriteHtmlCacheBehavior [ RunTime:0.000137s ]
INFO: Run Behavior\TokenBuildBehavior [ RunTime:0.000212s ]
INFO: [ view_filter ] --END-- [ RunTime:0.000402s ]
INFO: [ app_end ] --START--
INFO: Run Behavior\ShowPageTraceBehavior [ RunTime:0.000458s ]
INFO: [ app_end ] --END-- [ RunTime:0.000497s ]

