[ 2017-05-07T16:15:27+08:00 ] 125.108.203.157 /indexadm.php/Login/login
INFO: [ app_init ] --START--
INFO: Run Behavior\BuildLiteBehavior [ RunTime:0.000013s ]
INFO: [ app_init ] --END-- [ RunTime:0.000308s ]
INFO: [ app_begin ] --START--
INFO: Run Behavior\ReadHtmlCacheBehavior [ RunTime:0.000345s ]
INFO: [ app_begin ] --END-- [ RunTime:0.000388s ]
NOTIC: [8] Undefined index: phone /alidata/www/nuoya/Application/Admin/Controller/LoginController.class.php 第 10 行.
INFO: [ view_parse ] --START--
INFO: [ template_filter ] --START--
INFO: Run Behavior\ContentReplaceBehavior [ RunTime:0.000063s ]
INFO: [ template_filter ] --END-- [ RunTime:0.000132s ]
INFO: Run Behavior\ParseTemplateBehavior [ RunTime:0.065498s ]
INFO: [ view_parse ] --END-- [ RunTime:0.065554s ]
INFO: [ view_filter ] --START--
INFO: Run Behavior\WriteHtmlCacheBehavior [ RunTime:0.007825s ]
INFO: Run Behavior\TokenBuildBehavior [ RunTime:0.007412s ]
INFO: [ view_filter ] --END-- [ RunTime:0.015309s ]
INFO: [ app_end ] --START--
INFO: Run Behavior\ShowPageTraceBehavior [ RunTime:0.002032s ]
INFO: [ app_end ] --END-- [ RunTime:0.002074s ]

[ 2017-05-07T16:15:32+08:00 ] 125.108.203.157 /indexadm.php/Login/get_login
INFO: [ app_init ] --START--
INFO: Run Behavior\BuildLiteBehavior [ RunTime:0.000014s ]
INFO: [ app_init ] --END-- [ RunTime:0.000309s ]
INFO: [ app_begin ] --START--
INFO: Run Behavior\ReadHtmlCacheBehavior [ RunTime:0.000362s ]
INFO: [ app_begin ] --END-- [ RunTime:0.000412s ]

[ 2017-05-07T16:15:32+08:00 ] 125.108.203.157 /indexadm.php/Index/index
INFO: [ app_init ] --START--
INFO: Run Behavior\BuildLiteBehavior [ RunTime:0.000013s ]
INFO: [ app_init ] --END-- [ RunTime:0.000259s ]
INFO: [ app_begin ] --START--
INFO: Run Behavior\ReadHtmlCacheBehavior [ RunTime:0.000346s ]
INFO: [ app_begin ] --END-- [ RunTime:0.000389s ]
INFO: [ view_parse ] --START--
INFO: [ template_filter ] --START--
INFO: Run Behavior\ContentReplaceBehavior [ RunTime:0.000070s ]
INFO: [ template_filter ] --END-- [ RunTime:0.000140s ]
INFO: Run Behavior\ParseTemplateBehavior [ RunTime:0.031724s ]
INFO: [ view_parse ] --END-- [ RunTime:0.031794s ]
INFO: [ view_filter ] --START--
INFO: Run Behavior\WriteHtmlCacheBehavior [ RunTime:0.000144s ]
INFO: Run Behavior\TokenBuildBehavior [ RunTime:0.000222s ]
INFO: [ view_filter ] --END-- [ RunTime:0.000454s ]
INFO: [ app_end ] --START--
INFO: Run Behavior\ShowPageTraceBehavior [ RunTime:0.000377s ]
INFO: [ app_end ] --END-- [ RunTime:0.000419s ]

[ 2017-05-07T16:15:32+08:00 ] 125.108.203.157 /indexadm.php/Index/home
INFO: [ app_init ] --START--
INFO: Run Behavior\BuildLiteBehavior [ RunTime:0.000095s ]
INFO: [ app_init ] --END-- [ RunTime:0.000421s ]
INFO: [ app_begin ] --START--
INFO: Run Behavior\ReadHtmlCacheBehavior [ RunTime:0.000390s ]
INFO: [ app_begin ] --END-- [ RunTime:0.000441s ]
INFO: [ view_parse ] --START--
INFO: [ template_filter ] --START--
INFO: Run Behavior\ContentReplaceBehavior [ RunTime:0.000085s ]
INFO: [ template_filter ] --END-- [ RunTime:0.000149s ]
INFO: Run Behavior\ParseTemplateBehavior [ RunTime:0.016790s ]
INFO: [ view_parse ] --END-- [ RunTime:0.016848s ]
INFO: [ view_filter ] --START--
INFO: Run Behavior\WriteHtmlCacheBehavior [ RunTime:0.000157s ]
INFO: Run Behavior\TokenBuildBehavior [ RunTime:0.000268s ]
INFO: [ view_filter ] --END-- [ RunTime:0.000507s ]
INFO: [ app_end ] --START--
INFO: Run Behavior\ShowPageTraceBehavior [ RunTime:0.000580s ]
INFO: [ app_end ] --END-- [ RunTime:0.000645s ]

[ 2017-05-07T16:15:39+08:00 ] 125.108.203.157 /indexadm.php/user/admin_list
INFO: [ app_init ] --START--
INFO: Run Behavior\BuildLiteBehavior [ RunTime:0.000014s ]
INFO: [ app_init ] --END-- [ RunTime:0.000296s ]
INFO: [ app_begin ] --START--
INFO: Run Behavior\ReadHtmlCacheBehavior [ RunTime:0.000318s ]
INFO: [ app_begin ] --END-- [ RunTime:0.000360s ]
NOTIC: [8] Undefined offset: 0 /alidata/www/nuoya/Application/Admin/Controller/PageController.class.php 第 151 行.
NOTIC: [8] Undefined offset: 1 /alidata/www/nuoya/Application/Admin/Controller/PageController.class.php 第 151 行.
INFO: [ view_parse ] --START--
INFO: [ template_filter ] --START--
INFO: Run Behavior\ContentReplaceBehavior [ RunTime:0.000105s ]
INFO: [ template_filter ] --END-- [ RunTime:0.000161s ]
INFO: Run Behavior\ParseTemplateBehavior [ RunTime:0.019715s ]
INFO: [ view_parse ] --END-- [ RunTime:0.019780s ]
INFO: [ view_filter ] --START--
INFO: Run Behavior\WriteHtmlCacheBehavior [ RunTime:0.000130s ]
INFO: Run Behavior\TokenBuildBehavior [ RunTime:0.000261s ]
INFO: [ view_filter ] --END-- [ RunTime:0.000450s ]
INFO: [ app_end ] --START--
INFO: Run Behavior\ShowPageTraceBehavior [ RunTime:0.000413s ]
INFO: [ app_end ] --END-- [ RunTime:0.000464s ]

[ 2017-05-07T17:00:56+08:00 ] 125.108.203.157 /indexadm.php/finance/reward_record
INFO: [ app_init ] --START--
INFO: Run Behavior\BuildLiteBehavior [ RunTime:0.000020s ]
INFO: [ app_init ] --END-- [ RunTime:0.000594s ]
INFO: [ app_begin ] --START--
INFO: Run Behavior\ReadHtmlCacheBehavior [ RunTime:0.000495s ]
INFO: [ app_begin ] --END-- [ RunTime:0.000559s ]
NOTIC: [8] Undefined offset: 0 /alidata/www/nuoya/Application/Admin/Controller/PageController.class.php 第 151 行.
NOTIC: [8] Undefined offset: 1 /alidata/www/nuoya/Application/Admin/Controller/PageController.class.php 第 151 行.
INFO: [ view_parse ] --START--
INFO: [ template_filter ] --START--
INFO: Run Behavior\ContentReplaceBehavior [ RunTime:0.000049s ]
INFO: [ template_filter ] --END-- [ RunTime:0.000095s ]
NOTIC: [8] Undefined index: id /alidata/www/nuoya/Application/Runtime/Cache/Admin/fd5784d7d26d4e0d40b173d93d45b960.php 第 91 行.
NOTIC: [8] Undefined index: rid /alidata/www/nuoya/Application/Runtime/Cache/Admin/fd5784d7d26d4e0d40b173d93d45b960.php 第 91 行.
NOTIC: [8] Undefined index: openid /alidata/www/nuoya/Application/Runtime/Cache/Admin/fd5784d7d26d4e0d40b173d93d45b960.php 第 91 行.
NOTIC: [8] Undefined index: openid /alidata/www/nuoya/Application/Runtime/Cache/Admin/fd5784d7d26d4e0d40b173d93d45b960.php 第 92 行.
NOTIC: [8] Undefined index: id /alidata/www/nuoya/Application/Runtime/Cache/Admin/fd5784d7d26d4e0d40b173d93d45b960.php 第 93 行.
NOTIC: [8] Undefined index: rid /alidata/www/nuoya/Application/Runtime/Cache/Admin/fd5784d7d26d4e0d40b173d93d45b960.php 第 93 行.
NOTIC: [8] Undefined index: vid /alidata/www/nuoya/Application/Runtime/Cache/Admin/fd5784d7d26d4e0d40b173d93d45b960.php 第 93 行.
NOTIC: [8] Undefined index: flag /alidata/www/nuoya/Application/Runtime/Cache/Admin/fd5784d7d26d4e0d40b173d93d45b960.php 第 94 行.
NOTIC: [8] Undefined index: id /alidata/www/nuoya/Application/Runtime/Cache/Admin/fd5784d7d26d4e0d40b173d93d45b960.php 第 97 行.
NOTIC: [8] Undefined index: id /alidata/www/nuoya/Application/Runtime/Cache/Admin/fd5784d7d26d4e0d40b173d93d45b960.php 第 91 行.
NOTIC: [8] Undefined index: rid /alidata/www/nuoya/Application/Runtime/Cache/Admin/fd5784d7d26d4e0d40b173d93d45b960.php 第 91 行.
NOTIC: [8] Undefined index: openid /alidata/www/nuoya/Application/Runtime/Cache/Admin/fd5784d7d26d4e0d40b173d93d45b960.php 第 91 行.
NOTIC: [8] Undefined index: openid /alidata/www/nuoya/Application/Runtime/Cache/Admin/fd5784d7d26d4e0d40b173d93d45b960.php 第 92 行.
NOTIC: [8] Undefined index: id /alidata/www/nuoya/Application/Runtime/Cache/Admin/fd5784d7d26d4e0d40b173d93d45b960.php 第 93 行.
NOTIC: [8] Undefined index: rid /alidata/www/nuoya/Application/Runtime/Cache/Admin/fd5784d7d26d4e0d40b173d93d45b960.php 第 93 行.
NOTIC: [8] Undefined index: vid /alidata/www/nuoya/Application/Runtime/Cache/Admin/fd5784d7d26d4e0d40b173d93d45b960.php 第 93 行.
NOTIC: [8] Undefined index: flag /alidata/www/nuoya/Application/Runtime/Cache/Admin/fd5784d7d26d4e0d40b173d93d45b960.php 第 94 行.
NOTIC: [8] Undefined index: id /alidata/www/nuoya/Application/Runtime/Cache/Admin/fd5784d7d26d4e0d40b173d93d45b960.php 第 97 行.
NOTIC: [8] Undefined index: id /alidata/www/nuoya/Application/Runtime/Cache/Admin/fd5784d7d26d4e0d40b173d93d45b960.php 第 91 行.
NOTIC: [8] Undefined index: rid /alidata/www/nuoya/Application/Runtime/Cache/Admin/fd5784d7d26d4e0d40b173d93d45b960.php 第 91 行.
NOTIC: [8] Undefined index: openid /alidata/www/nuoya/Application/Runtime/Cache/Admin/fd5784d7d26d4e0d40b173d93d45b960.php 第 91 行.
NOTIC: [8] Undefined index: openid /alidata/www/nuoya/Application/Runtime/Cache/Admin/fd5784d7d26d4e0d40b173d93d45b960.php 第 92 行.
NOTIC: [8] Undefined index: id /alidata/www/nuoya/Application/Runtime/Cache/Admin/fd5784d7d26d4e0d40b173d93d45b960.php 第 93 行.
NOTIC: [8] Undefined index: rid /alidata/www/nuoya/Application/Runtime/Cache/Admin/fd5784d7d26d4e0d40b173d93d45b960.php 第 93 行.
NOTIC: [8] Undefined index: vid /alidata/www/nuoya/Application/Runtime/Cache/Admin/fd5784d7d26d4e0d40b173d93d45b960.php 第 93 行.
NOTIC: [8] Undefined index: flag /alidata/www/nuoya/Application/Runtime/Cache/Admin/fd5784d7d26d4e0d40b173d93d45b960.php 第 94 行.
NOTIC: [8] Undefined index: id /alidata/www/nuoya/Application/Runtime/Cache/Admin/fd5784d7d26d4e0d40b173d93d45b960.php 第 97 行.
NOTIC: [8] Undefined index: id /alidata/www/nuoya/Application/Runtime/Cache/Admin/fd5784d7d26d4e0d40b173d93d45b960.php 第 91 行.
NOTIC: [8] Undefined index: rid /alidata/www/nuoya/Application/Runtime/Cache/Admin/fd5784d7d26d4e0d40b173d93d45b960.php 第 91 行.
NOTIC: [8] Undefined index: openid /alidata/www/nuoya/Application/Runtime/Cache/Admin/fd5784d7d26d4e0d40b173d93d45b960.php 第 91 行.
NOTIC: [8] Undefined index: openid /alidata/www/nuoya/Application/Runtime/Cache/Admin/fd5784d7d26d4e0d40b173d93d45b960.php 第 92 行.
NOTIC: [8] Undefined index: id /alidata/www/nuoya/Application/Runtime/Cache/Admin/fd5784d7d26d4e0d40b173d93d45b960.php 第 93 行.
NOTIC: [8] Undefined index: rid /alidata/www/nuoya/Application/Runtime/Cache/Admin/fd5784d7d26d4e0d40b173d93d45b960.php 第 93 行.
NOTIC: [8] Undefined index: vid /alidata/www/nuoya/Application/Runtime/Cache/Admin/fd5784d7d26d4e0d40b173d93d45b960.php 第 93 行.
NOTIC: [8] Undefined index: flag /alidata/www/nuoya/Application/Runtime/Cache/Admin/fd5784d7d26d4e0d40b173d93d45b960.php 第 94 行.
NOTIC: [8] Undefined index: id /alidata/www/nuoya/Application/Runtime/Cache/Admin/fd5784d7d26d4e0d40b173d93d45b960.php 第 97 行.
NOTIC: [8] Undefined index: id /alidata/www/nuoya/Application/Runtime/Cache/Admin/fd5784d7d26d4e0d40b173d93d45b960.php 第 91 行.
NOTIC: [8] Undefined index: rid /alidata/www/nuoya/Application/Runtime/Cache/Admin/fd5784d7d26d4e0d40b173d93d45b960.php 第 91 行.
NOTIC: [8] Undefined index: openid /alidata/www/nuoya/Application/Runtime/Cache/Admin/fd5784d7d26d4e0d40b173d93d45b960.php 第 91 行.
NOTIC: [8] Undefined index: openid /alidata/www/nuoya/Application/Runtime/Cache/Admin/fd5784d7d26d4e0d40b173d93d45b960.php 第 92 行.
NOTIC: [8] Undefined index: id /alidata/www/nuoya/Application/Runtime/Cache/Admin/fd5784d7d26d4e0d40b173d93d45b960.php 第 93 行.
NOTIC: [8] Undefined index: rid /alidata/www/nuoya/Application/Runtime/Cache/Admin/fd5784d7d26d4e0d40b173d93d45b960.php 第 93 行.
NOTIC: [8] Undefined index: vid /alidata/www/nuoya/Application/Runtime/Cache/Admin/fd5784d7d26d4e0d40b173d93d45b960.php 第 93 行.
NOTIC: [8] Undefined index: flag /alidata/www/nuoya/Application/Runtime/Cache/Admin/fd5784d7d26d4e0d40b173d93d45b960.php 第 94 行.
NOTIC: [8] Undefined index: id /alidata/www/nuoya/Application/Runtime/Cache/Admin/fd5784d7d26d4e0d40b173d93d45b960.php 第 97 行.
NOTIC: [8] Undefined index: id /alidata/www/nuoya/Application/Runtime/Cache/Admin/fd5784d7d26d4e0d40b173d93d45b960.php 第 91 行.
NOTIC: [8] Undefined index: rid /alidata/www/nuoya/Application/Runtime/Cache/Admin/fd5784d7d26d4e0d40b173d93d45b960.php 第 91 行.
NOTIC: [8] Undefined index: openid /alidata/www/nuoya/Application/Runtime/Cache/Admin/fd5784d7d26d4e0d40b173d93d45b960.php 第 91 行.
NOTIC: [8] Undefined index: openid /alidata/www/nuoya/Application/Runtime/Cache/Admin/fd5784d7d26d4e0d40b173d93d45b960.php 第 92 行.
NOTIC: [8] Undefined index: id /alidata/www/nuoya/Application/Runtime/Cache/Admin/fd5784d7d26d4e0d40b173d93d45b960.php 第 93 行.
NOTIC: [8] Undefined index: rid /alidata/www/nuoya/Application/Runtime/Cache/Admin/fd5784d7d26d4e0d40b173d93d45b960.php 第 93 行.
NOTIC: [8] Undefined index: vid /alidata/www/nuoya/Application/Runtime/Cache/Admin/fd5784d7d26d4e0d40b173d93d45b960.php 第 93 行.
NOTIC: [8] Undefined index: flag /alidata/www/nuoya/Application/Runtime/Cache/Admin/fd5784d7d26d4e0d40b173d93d45b960.php 第 94 行.
NOTIC: [8] Undefined index: id /alidata/www/nuoya/Application/Runtime/Cache/Admin/fd5784d7d26d4e0d40b173d93d45b960.php 第 97 行.
NOTIC: [8] Undefined index: id /alidata/www/nuoya/Application/Runtime/Cache/Admin/fd5784d7d26d4e0d40b173d93d45b960.php 第 91 行.
NOTIC: [8] Undefined index: rid /alidata/www/nuoya/Application/Runtime/Cache/Admin/fd5784d7d26d4e0d40b173d93d45b960.php 第 91 行.
NOTIC: [8] Undefined index: openid /alidata/www/nuoya/Application/Runtime/Cache/Admin/fd5784d7d26d4e0d40b173d93d45b960.php 第 91 行.
NOTIC: [8] Undefined index: openid /alidata/www/nuoya/Application/Runtime/Cache/Admin/fd5784d7d26d4e0d40b173d93d45b960.php 第 92 行.
NOTIC: [8] Undefined index: id /alidata/www/nuoya/Application/Runtime/Cache/Admin/fd5784d7d26d4e0d40b173d93d45b960.php 第 93 行.
NOTIC: [8] Undefined index: rid /alidata/www/nuoya/Application/Runtime/Cache/Admin/fd5784d7d26d4e0d40b173d93d45b960.php 第 93 行.
NOTIC: [8] Undefined index: vid /alidata/www/nuoya/Application/Runtime/Cache/Admin/fd5784d7d26d4e0d40b173d93d45b960.php 第 93 行.
NOTIC: [8] Undefined index: flag /alidata/www/nuoya/Application/Runtime/Cache/Admin/fd5784d7d26d4e0d40b173d93d45b960.php 第 94 行.
NOTIC: [8] Undefined index: id /alidata/www/nuoya/Application/Runtime/Cache/Admin/fd5784d7d26d4e0d40b173d93d45b960.php 第 97 行.
NOTIC: [8] Undefined index: id /alidata/www/nuoya/Application/Runtime/Cache/Admin/fd5784d7d26d4e0d40b173d93d45b960.php 第 91 行.
NOTIC: [8] Undefined index: rid /alidata/www/nuoya/Application/Runtime/Cache/Admin/fd5784d7d26d4e0d40b173d93d45b960.php 第 91 行.
NOTIC: [8] Undefined index: openid /alidata/www/nuoya/Application/Runtime/Cache/Admin/fd5784d7d26d4e0d40b173d93d45b960.php 第 91 行.
NOTIC: [8] Undefined index: openid /alidata/www/nuoya/Application/Runtime/Cache/Admin/fd5784d7d26d4e0d40b173d93d45b960.php 第 92 行.
NOTIC: [8] Undefined index: id /alidata/www/nuoya/Application/Runtime/Cache/Admin/fd5784d7d26d4e0d40b173d93d45b960.php 第 93 行.
NOTIC: [8] Undefined index: rid /alidata/www/nuoya/Application/Runtime/Cache/Admin/fd5784d7d26d4e0d40b173d93d45b960.php 第 93 行.
NOTIC: [8] Undefined index: vid /alidata/www/nuoya/Application/Runtime/Cache/Admin/fd5784d7d26d4e0d40b173d93d45b960.php 第 93 行.
NOTIC: [8] Undefined index: flag /alidata/www/nuoya/Application/Runtime/Cache/Admin/fd5784d7d26d4e0d40b173d93d45b960.php 第 94 行.
NOTIC: [8] Undefined index: id /alidata/www/nuoya/Application/Runtime/Cache/Admin/fd5784d7d26d4e0d40b173d93d45b960.php 第 97 行.
NOTIC: [8] Undefined index: id /alidata/www/nuoya/Application/Runtime/Cache/Admin/fd5784d7d26d4e0d40b173d93d45b960.php 第 91 行.
NOTIC: [8] Undefined index: rid /alidata/www/nuoya/Application/Runtime/Cache/Admin/fd5784d7d26d4e0d40b173d93d45b960.php 第 91 行.
NOTIC: [8] Undefined index: openid /alidata/www/nuoya/Application/Runtime/Cache/Admin/fd5784d7d26d4e0d40b173d93d45b960.php 第 91 行.
NOTIC: [8] Undefined index: openid /alidata/www/nuoya/Application/Runtime/Cache/Admin/fd5784d7d26d4e0d40b173d93d45b960.php 第 92 行.
NOTIC: [8] Undefined index: id /alidata/www/nuoya/Application/Runtime/Cache/Admin/fd5784d7d26d4e0d40b173d93d45b960.php 第 93 行.
NOTIC: [8] Undefined index: rid /alidata/www/nuoya/Application/Runtime/Cache/Admin/fd5784d7d26d4e0d40b173d93d45b960.php 第 93 行.
NOTIC: [8] Undefined index: vid /alidata/www/nuoya/Application/Runtime/Cache/Admin/fd5784d7d26d4e0d40b173d93d45b960.php 第 93 行.
NOTIC: [8] Undefined index: flag /alidata/www/nuoya/Application/Runtime/Cache/Admin/fd5784d7d26d4e0d40b173d93d45b960.php 第 94 行.
NOTIC: [8] Undefined index: id /alidata/www/nuoya/Application/Runtime/Cache/Admin/fd5784d7d26d4e0d40b173d93d45b960.php 第 97 行.
NOTIC: [8] Undefined index: id /alidata/www/nuoya/Application/Runtime/Cache/Admin/fd5784d7d26d4e0d40b173d93d45b960.php 第 91 行.
NOTIC: [8] Undefined index: rid /alidata/www/nuoya/Application/Runtime/Cache/Admin/fd5784d7d26d4e0d40b173d93d45b960.php 第 91 行.
NOTIC: [8] Undefined index: openid /alidata/www/nuoya/Application/Runtime/Cache/Admin/fd5784d7d26d4e0d40b173d93d45b960.php 第 91 行.
NOTIC: [8] Undefined index: openid /alidata/www/nuoya/Application/Runtime/Cache/Admin/fd5784d7d26d4e0d40b173d93d45b960.php 第 92 行.
NOTIC: [8] Undefined index: id /alidata/www/nuoya/Application/Runtime/Cache/Admin/fd5784d7d26d4e0d40b173d93d45b960.php 第 93 行.
NOTIC: [8] Undefined index: rid /alidata/www/nuoya/Application/Runtime/Cache/Admin/fd5784d7d26d4e0d40b173d93d45b960.php 第 93 行.
NOTIC: [8] Undefined index: vid /alidata/www/nuoya/Application/Runtime/Cache/Admin/fd5784d7d26d4e0d40b173d93d45b960.php 第 93 行.
NOTIC: [8] Undefined index: flag /alidata/www/nuoya/Application/Runtime/Cache/Admin/fd5784d7d26d4e0d40b173d93d45b960.php 第 94 行.
NOTIC: [8] Undefined index: id /alidata/www/nuoya/Application/Runtime/Cache/Admin/fd5784d7d26d4e0d40b173d93d45b960.php 第 97 行.
INFO: Run Behavior\ParseTemplateBehavior [ RunTime:0.007413s ]
INFO: [ view_parse ] --END-- [ RunTime:0.007450s ]
INFO: [ view_filter ] --START--
INFO: Run Behavior\WriteHtmlCacheBehavior [ RunTime:0.000134s ]
INFO: Run Behavior\TokenBuildBehavior [ RunTime:0.000218s ]
INFO: [ view_filter ] --END-- [ RunTime:0.000409s ]
INFO: [ app_end ] --START--
INFO: Run Behavior\ShowPageTraceBehavior [ RunTime:0.000375s ]
INFO: [ app_end ] --END-- [ RunTime:0.000416s ]

[ 2017-05-07T17:00:57+08:00 ] 125.108.203.157 /indexadm.php/finance/exchange_check
INFO: [ app_init ] --START--
INFO: Run Behavior\BuildLiteBehavior [ RunTime:0.000013s ]
INFO: [ app_init ] --END-- [ RunTime:0.000268s ]
INFO: [ app_begin ] --START--
INFO: Run Behavior\ReadHtmlCacheBehavior [ RunTime:0.000313s ]
INFO: [ app_begin ] --END-- [ RunTime:0.000353s ]
NOTIC: [8] Undefined variable: where /alidata/www/nuoya/Application/Admin/Controller/FinanceController.class.php 第 52 行.
NOTIC: [8] Undefined offset: 0 /alidata/www/nuoya/Application/Admin/Controller/PageController.class.php 第 151 行.
NOTIC: [8] Undefined offset: 1 /alidata/www/nuoya/Application/Admin/Controller/PageController.class.php 第 151 行.
NOTIC: [8] Undefined variable: where /alidata/www/nuoya/Application/Admin/Controller/FinanceController.class.php 第 56 行.
INFO: [ view_parse ] --START--
INFO: [ template_filter ] --START--
INFO: Run Behavior\ContentReplaceBehavior [ RunTime:0.000066s ]
INFO: [ template_filter ] --END-- [ RunTime:0.000111s ]
NOTIC: [8] Undefined index: wstatus /alidata/www/nuoya/Application/Runtime/Cache/Admin/6285e63b6e99097cbc358c285cd23002.php 第 115 行.
NOTIC: [8] Undefined variable: bank /alidata/www/nuoya/Application/Runtime/Cache/Admin/6285e63b6e99097cbc358c285cd23002.php 第 173 行.
NOTIC: [8] Undefined variable: json /alidata/www/nuoya/Application/Runtime/Cache/Admin/6285e63b6e99097cbc358c285cd23002.php 第 272 行.
INFO: Run Behavior\ParseTemplateBehavior [ RunTime:0.009402s ]
INFO: [ view_parse ] --END-- [ RunTime:0.009442s ]
INFO: [ view_filter ] --START--
INFO: Run Behavior\WriteHtmlCacheBehavior [ RunTime:0.000127s ]
INFO: Run Behavior\TokenBuildBehavior [ RunTime:0.000210s ]
INFO: [ view_filter ] --END-- [ RunTime:0.000403s ]
INFO: [ app_end ] --START--
INFO: Run Behavior\ShowPageTraceBehavior [ RunTime:0.000355s ]
INFO: [ app_end ] --END-- [ RunTime:0.000398s ]

[ 2017-05-07T17:00:58+08:00 ] 125.108.203.157 /indexadm.php/finance/reward_record
INFO: [ app_init ] --START--
INFO: Run Behavior\BuildLiteBehavior [ RunTime:0.000014s ]
INFO: [ app_init ] --END-- [ RunTime:0.000276s ]
INFO: [ app_begin ] --START--
INFO: Run Behavior\ReadHtmlCacheBehavior [ RunTime:0.000353s ]
INFO: [ app_begin ] --END-- [ RunTime:0.000397s ]
NOTIC: [8] Undefined offset: 0 /alidata/www/nuoya/Application/Admin/Controller/PageController.class.php 第 151 行.
NOTIC: [8] Undefined offset: 1 /alidata/www/nuoya/Application/Admin/Controller/PageController.class.php 第 151 行.
INFO: [ view_parse ] --START--
INFO: [ template_filter ] --START--
INFO: Run Behavior\ContentReplaceBehavior [ RunTime:0.000051s ]
INFO: [ template_filter ] --END-- [ RunTime:0.000098s ]
NOTIC: [8] Undefined index: id /alidata/www/nuoya/Application/Runtime/Cache/Admin/fd5784d7d26d4e0d40b173d93d45b960.php 第 91 行.
NOTIC: [8] Undefined index: rid /alidata/www/nuoya/Application/Runtime/Cache/Admin/fd5784d7d26d4e0d40b173d93d45b960.php 第 91 行.
NOTIC: [8] Undefined index: openid /alidata/www/nuoya/Application/Runtime/Cache/Admin/fd5784d7d26d4e0d40b173d93d45b960.php 第 91 行.
NOTIC: [8] Undefined index: openid /alidata/www/nuoya/Application/Runtime/Cache/Admin/fd5784d7d26d4e0d40b173d93d45b960.php 第 92 行.
NOTIC: [8] Undefined index: id /alidata/www/nuoya/Application/Runtime/Cache/Admin/fd5784d7d26d4e0d40b173d93d45b960.php 第 93 行.
NOTIC: [8] Undefined index: rid /alidata/www/nuoya/Application/Runtime/Cache/Admin/fd5784d7d26d4e0d40b173d93d45b960.php 第 93 行.
NOTIC: [8] Undefined index: vid /alidata/www/nuoya/Application/Runtime/Cache/Admin/fd5784d7d26d4e0d40b173d93d45b960.php 第 93 行.
NOTIC: [8] Undefined index: flag /alidata/www/nuoya/Application/Runtime/Cache/Admin/fd5784d7d26d4e0d40b173d93d45b960.php 第 94 行.
NOTIC: [8] Undefined index: id /alidata/www/nuoya/Application/Runtime/Cache/Admin/fd5784d7d26d4e0d40b173d93d45b960.php 第 97 行.
NOTIC: [8] Undefined index: id /alidata/www/nuoya/Application/Runtime/Cache/Admin/fd5784d7d26d4e0d40b173d93d45b960.php 第 91 行.
NOTIC: [8] Undefined index: rid /alidata/www/nuoya/Application/Runtime/Cache/Admin/fd5784d7d26d4e0d40b173d93d45b960.php 第 91 行.
NOTIC: [8] Undefined index: openid /alidata/www/nuoya/Application/Runtime/Cache/Admin/fd5784d7d26d4e0d40b173d93d45b960.php 第 91 行.
NOTIC: [8] Undefined index: openid /alidata/www/nuoya/Application/Runtime/Cache/Admin/fd5784d7d26d4e0d40b173d93d45b960.php 第 92 行.
NOTIC: [8] Undefined index: id /alidata/www/nuoya/Application/Runtime/Cache/Admin/fd5784d7d26d4e0d40b173d93d45b960.php 第 93 行.
NOTIC: [8] Undefined index: rid /alidata/www/nuoya/Application/Runtime/Cache/Admin/fd5784d7d26d4e0d40b173d93d45b960.php 第 93 行.
NOTIC: [8] Undefined index: vid /alidata/www/nuoya/Application/Runtime/Cache/Admin/fd5784d7d26d4e0d40b173d93d45b960.php 第 93 行.
NOTIC: [8] Undefined index: flag /alidata/www/nuoya/Application/Runtime/Cache/Admin/fd5784d7d26d4e0d40b173d93d45b960.php 第 94 行.
NOTIC: [8] Undefined index: id /alidata/www/nuoya/Application/Runtime/Cache/Admin/fd5784d7d26d4e0d40b173d93d45b960.php 第 97 行.
NOTIC: [8] Undefined index: id /alidata/www/nuoya/Application/Runtime/Cache/Admin/fd5784d7d26d4e0d40b173d93d45b960.php 第 91 行.
NOTIC: [8] Undefined index: rid /alidata/www/nuoya/Application/Runtime/Cache/Admin/fd5784d7d26d4e0d40b173d93d45b960.php 第 91 行.
NOTIC: [8] Undefined index: openid /alidata/www/nuoya/Application/Runtime/Cache/Admin/fd5784d7d26d4e0d40b173d93d45b960.php 第 91 行.
NOTIC: [8] Undefined index: openid /alidata/www/nuoya/Application/Runtime/Cache/Admin/fd5784d7d26d4e0d40b173d93d45b960.php 第 92 行.
NOTIC: [8] Undefined index: id /alidata/www/nuoya/Application/Runtime/Cache/Admin/fd5784d7d26d4e0d40b173d93d45b960.php 第 93 行.
NOTIC: [8] Undefined index: rid /alidata/www/nuoya/Application/Runtime/Cache/Admin/fd5784d7d26d4e0d40b173d93d45b960.php 第 93 行.
NOTIC: [8] Undefined index: vid /alidata/www/nuoya/Application/Runtime/Cache/Admin/fd5784d7d26d4e0d40b173d93d45b960.php 第 93 行.
NOTIC: [8] Undefined index: flag /alidata/www/nuoya/Application/Runtime/Cache/Admin/fd5784d7d26d4e0d40b173d93d45b960.php 第 94 行.
NOTIC: [8] Undefined index: id /alidata/www/nuoya/Application/Runtime/Cache/Admin/fd5784d7d26d4e0d40b173d93d45b960.php 第 97 行.
NOTIC: [8] Undefined index: id /alidata/www/nuoya/Application/Runtime/Cache/Admin/fd5784d7d26d4e0d40b173d93d45b960.php 第 91 行.
NOTIC: [8] Undefined index: rid /alidata/www/nuoya/Application/Runtime/Cache/Admin/fd5784d7d26d4e0d40b173d93d45b960.php 第 91 行.
NOTIC: [8] Undefined index: openid /alidata/www/nuoya/Application/Runtime/Cache/Admin/fd5784d7d26d4e0d40b173d93d45b960.php 第 91 行.
NOTIC: [8] Undefined index: openid /alidata/www/nuoya/Application/Runtime/Cache/Admin/fd5784d7d26d4e0d40b173d93d45b960.php 第 92 行.
NOTIC: [8] Undefined index: id /alidata/www/nuoya/Application/Runtime/Cache/Admin/fd5784d7d26d4e0d40b173d93d45b960.php 第 93 行.
NOTIC: [8] Undefined index: rid /alidata/www/nuoya/Application/Runtime/Cache/Admin/fd5784d7d26d4e0d40b173d93d45b960.php 第 93 行.
NOTIC: [8] Undefined index: vid /alidata/www/nuoya/Application/Runtime/Cache/Admin/fd5784d7d26d4e0d40b173d93d45b960.php 第 93 行.
NOTIC: [8] Undefined index: flag /alidata/www/nuoya/Application/Runtime/Cache/Admin/fd5784d7d26d4e0d40b173d93d45b960.php 第 94 行.
NOTIC: [8] Undefined index: id /alidata/www/nuoya/Application/Runtime/Cache/Admin/fd5784d7d26d4e0d40b173d93d45b960.php 第 97 行.
NOTIC: [8] Undefined index: id /alidata/www/nuoya/Application/Runtime/Cache/Admin/fd5784d7d26d4e0d40b173d93d45b960.php 第 91 行.
NOTIC: [8] Undefined index: rid /alidata/www/nuoya/Application/Runtime/Cache/Admin/fd5784d7d26d4e0d40b173d93d45b960.php 第 91 行.
NOTIC: [8] Undefined index: openid /alidata/www/nuoya/Application/Runtime/Cache/Admin/fd5784d7d26d4e0d40b173d93d45b960.php 第 91 行.
NOTIC: [8] Undefined index: openid /alidata/www/nuoya/Application/Runtime/Cache/Admin/fd5784d7d26d4e0d40b173d93d45b960.php 第 92 行.
NOTIC: [8] Undefined index: id /alidata/www/nuoya/Application/Runtime/Cache/Admin/fd5784d7d26d4e0d40b173d93d45b960.php 第 93 行.
NOTIC: [8] Undefined index: rid /alidata/www/nuoya/Application/Runtime/Cache/Admin/fd5784d7d26d4e0d40b173d93d45b960.php 第 93 行.
NOTIC: [8] Undefined index: vid /alidata/www/nuoya/Application/Runtime/Cache/Admin/fd5784d7d26d4e0d40b173d93d45b960.php 第 93 行.
NOTIC: [8] Undefined index: flag /alidata/www/nuoya/Application/Runtime/Cache/Admin/fd5784d7d26d4e0d40b173d93d45b960.php 第 94 行.
NOTIC: [8] Undefined index: id /alidata/www/nuoya/Application/Runtime/Cache/Admin/fd5784d7d26d4e0d40b173d93d45b960.php 第 97 行.
NOTIC: [8] Undefined index: id /alidata/www/nuoya/Application/Runtime/Cache/Admin/fd5784d7d26d4e0d40b173d93d45b960.php 第 91 行.
NOTIC: [8] Undefined index: rid /alidata/www/nuoya/Application/Runtime/Cache/Admin/fd5784d7d26d4e0d40b173d93d45b960.php 第 91 行.
NOTIC: [8] Undefined index: openid /alidata/www/nuoya/Application/Runtime/Cache/Admin/fd5784d7d26d4e0d40b173d93d45b960.php 第 91 行.
NOTIC: [8] Undefined index: openid /alidata/www/nuoya/Application/Runtime/Cache/Admin/fd5784d7d26d4e0d40b173d93d45b960.php 第 92 行.
NOTIC: [8] Undefined index: id /alidata/www/nuoya/Application/Runtime/Cache/Admin/fd5784d7d26d4e0d40b173d93d45b960.php 第 93 行.
NOTIC: [8] Undefined index: rid /alidata/www/nuoya/Application/Runtime/Cache/Admin/fd5784d7d26d4e0d40b173d93d45b960.php 第 93 行.
NOTIC: [8] Undefined index: vid /alidata/www/nuoya/Application/Runtime/Cache/Admin/fd5784d7d26d4e0d40b173d93d45b960.php 第 93 行.
NOTIC: [8] Undefined index: flag /alidata/www/nuoya/Application/Runtime/Cache/Admin/fd5784d7d26d4e0d40b173d93d45b960.php 第 94 行.
NOTIC: [8] Undefined index: id /alidata/www/nuoya/Application/Runtime/Cache/Admin/fd5784d7d26d4e0d40b173d93d45b960.php 第 97 行.
NOTIC: [8] Undefined index: id /alidata/www/nuoya/Application/Runtime/Cache/Admin/fd5784d7d26d4e0d40b173d93d45b960.php 第 91 行.
NOTIC: [8] Undefined index: rid /alidata/www/nuoya/Application/Runtime/Cache/Admin/fd5784d7d26d4e0d40b173d93d45b960.php 第 91 行.
NOTIC: [8] Undefined index: openid /alidata/www/nuoya/Application/Runtime/Cache/Admin/fd5784d7d26d4e0d40b173d93d45b960.php 第 91 行.
NOTIC: [8] Undefined index: openid /alidata/www/nuoya/Application/Runtime/Cache/Admin/fd5784d7d26d4e0d40b173d93d45b960.php 第 92 行.
NOTIC: [8] Undefined index: id /alidata/www/nuoya/Application/Runtime/Cache/Admin/fd5784d7d26d4e0d40b173d93d45b960.php 第 93 行.
NOTIC: [8] Undefined index: rid /alidata/www/nuoya/Application/Runtime/Cache/Admin/fd5784d7d26d4e0d40b173d93d45b960.php 第 93 行.
NOTIC: [8] Undefined index: vid /alidata/www/nuoya/Application/Runtime/Cache/Admin/fd5784d7d26d4e0d40b173d93d45b960.php 第 93 行.
NOTIC: [8] Undefined index: flag /alidata/www/nuoya/Application/Runtime/Cache/Admin/fd5784d7d26d4e0d40b173d93d45b960.php 第 94 行.
NOTIC: [8] Undefined index: id /alidata/www/nuoya/Application/Runtime/Cache/Admin/fd5784d7d26d4e0d40b173d93d45b960.php 第 97 行.
NOTIC: [8] Undefined index: id /alidata/www/nuoya/Application/Runtime/Cache/Admin/fd5784d7d26d4e0d40b173d93d45b960.php 第 91 行.
NOTIC: [8] Undefined index: rid /alidata/www/nuoya/Application/Runtime/Cache/Admin/fd5784d7d26d4e0d40b173d93d45b960.php 第 91 行.
NOTIC: [8] Undefined index: openid /alidata/www/nuoya/Application/Runtime/Cache/Admin/fd5784d7d26d4e0d40b173d93d45b960.php 第 91 行.
NOTIC: [8] Undefined index: openid /alidata/www/nuoya/Application/Runtime/Cache/Admin/fd5784d7d26d4e0d40b173d93d45b960.php 第 92 行.
NOTIC: [8] Undefined index: id /alidata/www/nuoya/Application/Runtime/Cache/Admin/fd5784d7d26d4e0d40b173d93d45b960.php 第 93 行.
NOTIC: [8] Undefined index: rid /alidata/www/nuoya/Application/Runtime/Cache/Admin/fd5784d7d26d4e0d40b173d93d45b960.php 第 93 行.
NOTIC: [8] Undefined index: vid /alidata/www/nuoya/Application/Runtime/Cache/Admin/fd5784d7d26d4e0d40b173d93d45b960.php 第 93 行.
NOTIC: [8] Undefined index: flag /alidata/www/nuoya/Application/Runtime/Cache/Admin/fd5784d7d26d4e0d40b173d93d45b960.php 第 94 行.
NOTIC: [8] Undefined index: id /alidata/www/nuoya/Application/Runtime/Cache/Admin/fd5784d7d26d4e0d40b173d93d45b960.php 第 97 行.
NOTIC: [8] Undefined index: id /alidata/www/nuoya/Application/Runtime/Cache/Admin/fd5784d7d26d4e0d40b173d93d45b960.php 第 91 行.
NOTIC: [8] Undefined index: rid /alidata/www/nuoya/Application/Runtime/Cache/Admin/fd5784d7d26d4e0d40b173d93d45b960.php 第 91 行.
NOTIC: [8] Undefined index: openid /alidata/www/nuoya/Application/Runtime/Cache/Admin/fd5784d7d26d4e0d40b173d93d45b960.php 第 91 行.
NOTIC: [8] Undefined index: openid /alidata/www/nuoya/Application/Runtime/Cache/Admin/fd5784d7d26d4e0d40b173d93d45b960.php 第 92 行.
NOTIC: [8] Undefined index: id /alidata/www/nuoya/Application/Runtime/Cache/Admin/fd5784d7d26d4e0d40b173d93d45b960.php 第 93 行.
NOTIC: [8] Undefined index: rid /alidata/www/nuoya/Application/Runtime/Cache/Admin/fd5784d7d26d4e0d40b173d93d45b960.php 第 93 行.
NOTIC: [8] Undefined index: vid /alidata/www/nuoya/Application/Runtime/Cache/Admin/fd5784d7d26d4e0d40b173d93d45b960.php 第 93 行.
NOTIC: [8] Undefined index: flag /alidata/www/nuoya/Application/Runtime/Cache/Admin/fd5784d7d26d4e0d40b173d93d45b960.php 第 94 行.
NOTIC: [8] Undefined index: id /alidata/www/nuoya/Application/Runtime/Cache/Admin/fd5784d7d26d4e0d40b173d93d45b960.php 第 97 行.
NOTIC: [8] Undefined index: id /alidata/www/nuoya/Application/Runtime/Cache/Admin/fd5784d7d26d4e0d40b173d93d45b960.php 第 91 行.
NOTIC: [8] Undefined index: rid /alidata/www/nuoya/Application/Runtime/Cache/Admin/fd5784d7d26d4e0d40b173d93d45b960.php 第 91 行.
NOTIC: [8] Undefined index: openid /alidata/www/nuoya/Application/Runtime/Cache/Admin/fd5784d7d26d4e0d40b173d93d45b960.php 第 91 行.
NOTIC: [8] Undefined index: openid /alidata/www/nuoya/Application/Runtime/Cache/Admin/fd5784d7d26d4e0d40b173d93d45b960.php 第 92 行.
NOTIC: [8] Undefined index: id /alidata/www/nuoya/Application/Runtime/Cache/Admin/fd5784d7d26d4e0d40b173d93d45b960.php 第 93 行.
NOTIC: [8] Undefined index: rid /alidata/www/nuoya/Application/Runtime/Cache/Admin/fd5784d7d26d4e0d40b173d93d45b960.php 第 93 行.
NOTIC: [8] Undefined index: vid /alidata/www/nuoya/Application/Runtime/Cache/Admin/fd5784d7d26d4e0d40b173d93d45b960.php 第 93 行.
NOTIC: [8] Undefined index: flag /alidata/www/nuoya/Application/Runtime/Cache/Admin/fd5784d7d26d4e0d40b173d93d45b960.php 第 94 行.
NOTIC: [8] Undefined index: id /alidata/www/nuoya/Application/Runtime/Cache/Admin/fd5784d7d26d4e0d40b173d93d45b960.php 第 97 行.
INFO: Run Behavior\ParseTemplateBehavior [ RunTime:0.008195s ]
INFO: [ view_parse ] --END-- [ RunTime:0.008255s ]
INFO: [ view_filter ] --START--
INFO: Run Behavior\WriteHtmlCacheBehavior [ RunTime:0.000170s ]
INFO: Run Behavior\TokenBuildBehavior [ RunTime:0.000217s ]
INFO: [ view_filter ] --END-- [ RunTime:0.000445s ]
INFO: [ app_end ] --START--
INFO: Run Behavior\ShowPageTraceBehavior [ RunTime:0.000376s ]
INFO: [ app_end ] --END-- [ RunTime:0.000430s ]

[ 2017-05-07T17:00:59+08:00 ] 125.108.203.157 /indexadm.php/finance/exchange_check
INFO: [ app_init ] --START--
INFO: Run Behavior\BuildLiteBehavior [ RunTime:0.000015s ]
INFO: [ app_init ] --END-- [ RunTime:0.000275s ]
INFO: [ app_begin ] --START--
INFO: Run Behavior\ReadHtmlCacheBehavior [ RunTime:0.000393s ]
INFO: [ app_begin ] --END-- [ RunTime:0.000442s ]
NOTIC: [8] Undefined variable: where /alidata/www/nuoya/Application/Admin/Controller/FinanceController.class.php 第 52 行.
NOTIC: [8] Undefined offset: 0 /alidata/www/nuoya/Application/Admin/Controller/PageController.class.php 第 151 行.
NOTIC: [8] Undefined offset: 1 /alidata/www/nuoya/Application/Admin/Controller/PageController.class.php 第 151 行.
NOTIC: [8] Undefined variable: where /alidata/www/nuoya/Application/Admin/Controller/FinanceController.class.php 第 56 行.
INFO: [ view_parse ] --START--
INFO: [ template_filter ] --START--
INFO: Run Behavior\ContentReplaceBehavior [ RunTime:0.000065s ]
INFO: [ template_filter ] --END-- [ RunTime:0.000112s ]
NOTIC: [8] Undefined index: wstatus /alidata/www/nuoya/Application/Runtime/Cache/Admin/6285e63b6e99097cbc358c285cd23002.php 第 115 行.
NOTIC: [8] Undefined variable: bank /alidata/www/nuoya/Application/Runtime/Cache/Admin/6285e63b6e99097cbc358c285cd23002.php 第 173 行.
NOTIC: [8] Undefined variable: json /alidata/www/nuoya/Application/Runtime/Cache/Admin/6285e63b6e99097cbc358c285cd23002.php 第 272 行.
INFO: Run Behavior\ParseTemplateBehavior [ RunTime:0.009067s ]
INFO: [ view_parse ] --END-- [ RunTime:0.009106s ]
INFO: [ view_filter ] --START--
INFO: Run Behavior\WriteHtmlCacheBehavior [ RunTime:0.000221s ]
INFO: Run Behavior\TokenBuildBehavior [ RunTime:0.000204s ]
INFO: [ view_filter ] --END-- [ RunTime:0.000481s ]
INFO: [ app_end ] --START--
INFO: Run Behavior\ShowPageTraceBehavior [ RunTime:0.000327s ]
INFO: [ app_end ] --END-- [ RunTime:0.000367s ]

