[ 2017-05-01T22:37:24+08:00 ] 125.108.222.33 /indexadm.php/Login/login
INFO: [ app_init ] --START--
INFO: Run Behavior\BuildLiteBehavior [ RunTime:0.000013s ]
INFO: [ app_init ] --END-- [ RunTime:0.000313s ]
INFO: [ app_begin ] --START--
INFO: Run Behavior\ReadHtmlCacheBehavior [ RunTime:0.000308s ]
INFO: [ app_begin ] --END-- [ RunTime:0.000351s ]
NOTIC: [8] Undefined index: phone /alidata/www/nuoya/Application/Admin/Controller/LoginController.class.php 第 10 行.
INFO: [ view_parse ] --START--
INFO: [ template_filter ] --START--
INFO: Run Behavior\ContentReplaceBehavior [ RunTime:0.000040s ]
INFO: [ template_filter ] --END-- [ RunTime:0.000090s ]
INFO: Run Behavior\ParseTemplateBehavior [ RunTime:0.004149s ]
INFO: [ view_parse ] --END-- [ RunTime:0.004189s ]
INFO: [ view_filter ] --START--
INFO: Run Behavior\WriteHtmlCacheBehavior [ RunTime:0.000143s ]
INFO: Run Behavior\TokenBuildBehavior [ RunTime:0.000243s ]
INFO: [ view_filter ] --END-- [ RunTime:0.000442s ]
INFO: [ app_end ] --START--
INFO: Run Behavior\ShowPageTraceBehavior [ RunTime:0.000381s ]
INFO: [ app_end ] --END-- [ RunTime:0.000418s ]

[ 2017-05-01T22:37:59+08:00 ] 125.108.222.33 /indexadm.php/Login/get_login
INFO: [ app_init ] --START--
INFO: Run Behavior\BuildLiteBehavior [ RunTime:0.000013s ]
INFO: [ app_init ] --END-- [ RunTime:0.000316s ]
INFO: [ app_begin ] --START--
INFO: Run Behavior\ReadHtmlCacheBehavior [ RunTime:0.000305s ]
INFO: [ app_begin ] --END-- [ RunTime:0.000345s ]

[ 2017-05-01T22:37:59+08:00 ] 125.108.222.33 /indexadm.php/Index/index
INFO: [ app_init ] --START--
INFO: Run Behavior\BuildLiteBehavior [ RunTime:0.000012s ]
INFO: [ app_init ] --END-- [ RunTime:0.000247s ]
INFO: [ app_begin ] --START--
INFO: Run Behavior\ReadHtmlCacheBehavior [ RunTime:0.000307s ]
INFO: [ app_begin ] --END-- [ RunTime:0.000360s ]
INFO: [ view_parse ] --START--
INFO: [ template_filter ] --START--
INFO: Run Behavior\ContentReplaceBehavior [ RunTime:0.000051s ]
INFO: [ template_filter ] --END-- [ RunTime:0.000095s ]
INFO: Run Behavior\ParseTemplateBehavior [ RunTime:0.007567s ]
INFO: [ view_parse ] --END-- [ RunTime:0.007614s ]
INFO: [ view_filter ] --START--
INFO: Run Behavior\WriteHtmlCacheBehavior [ RunTime:0.000128s ]
INFO: Run Behavior\TokenBuildBehavior [ RunTime:0.000193s ]
INFO: [ view_filter ] --END-- [ RunTime:0.000376s ]
INFO: [ app_end ] --START--
INFO: Run Behavior\ShowPageTraceBehavior [ RunTime:0.000385s ]
INFO: [ app_end ] --END-- [ RunTime:0.000459s ]

[ 2017-05-01T22:37:59+08:00 ] 125.108.222.33 /indexadm.php/Index/home
INFO: [ app_init ] --START--
INFO: Run Behavior\BuildLiteBehavior [ RunTime:0.000014s ]
INFO: [ app_init ] --END-- [ RunTime:0.000328s ]
INFO: [ app_begin ] --START--
INFO: Run Behavior\ReadHtmlCacheBehavior [ RunTime:0.000307s ]
INFO: [ app_begin ] --END-- [ RunTime:0.000351s ]
INFO: [ view_parse ] --START--
INFO: [ template_filter ] --START--
INFO: Run Behavior\ContentReplaceBehavior [ RunTime:0.000072s ]
INFO: [ template_filter ] --END-- [ RunTime:0.000127s ]
INFO: Run Behavior\ParseTemplateBehavior [ RunTime:0.010068s ]
INFO: [ view_parse ] --END-- [ RunTime:0.010120s ]
INFO: [ view_filter ] --START--
INFO: Run Behavior\WriteHtmlCacheBehavior [ RunTime:0.000124s ]
INFO: Run Behavior\TokenBuildBehavior [ RunTime:0.000268s ]
INFO: [ view_filter ] --END-- [ RunTime:0.000450s ]
INFO: [ app_end ] --START--
INFO: Run Behavior\ShowPageTraceBehavior [ RunTime:0.000331s ]
INFO: [ app_end ] --END-- [ RunTime:0.000383s ]

[ 2017-05-01T22:38:01+08:00 ] 125.108.222.33 /indexadm.php/user/user_list
INFO: [ app_init ] --START--
INFO: Run Behavior\BuildLiteBehavior [ RunTime:0.000013s ]
INFO: [ app_init ] --END-- [ RunTime:0.000266s ]
INFO: [ app_begin ] --START--
INFO: Run Behavior\ReadHtmlCacheBehavior [ RunTime:0.000316s ]
INFO: [ app_begin ] --END-- [ RunTime:0.000357s ]
NOTIC: [8] Undefined variable: where /alidata/www/nuoya/Application/Admin/Controller/UserController.class.php 第 303 行.
NOTIC: [8] Undefined offset: 0 /alidata/www/nuoya/Application/Admin/Controller/PageController.class.php 第 151 行.
NOTIC: [8] Undefined offset: 1 /alidata/www/nuoya/Application/Admin/Controller/PageController.class.php 第 151 行.
NOTIC: [8] Undefined variable: where /alidata/www/nuoya/Application/Admin/Controller/UserController.class.php 第 307 行.
INFO: [ view_parse ] --START--
INFO: [ template_filter ] --START--
INFO: Run Behavior\ContentReplaceBehavior [ RunTime:0.000079s ]
INFO: [ template_filter ] --END-- [ RunTime:0.000125s ]
NOTIC: [8] Undefined index: rid /alidata/www/nuoya/Application/Runtime/Cache/Admin/efa67221bbcab2db2e4125c81f354bba.php 第 164 行.
NOTIC: [8] Undefined index: rid /alidata/www/nuoya/Application/Runtime/Cache/Admin/efa67221bbcab2db2e4125c81f354bba.php 第 164 行.
NOTIC: [8] Undefined index: rid /alidata/www/nuoya/Application/Runtime/Cache/Admin/efa67221bbcab2db2e4125c81f354bba.php 第 164 行.
NOTIC: [8] Undefined index: rid /alidata/www/nuoya/Application/Runtime/Cache/Admin/efa67221bbcab2db2e4125c81f354bba.php 第 164 行.
NOTIC: [8] Undefined index: rid /alidata/www/nuoya/Application/Runtime/Cache/Admin/efa67221bbcab2db2e4125c81f354bba.php 第 164 行.
NOTIC: [8] Undefined index: rid /alidata/www/nuoya/Application/Runtime/Cache/Admin/efa67221bbcab2db2e4125c81f354bba.php 第 164 行.
NOTIC: [8] Undefined index: rid /alidata/www/nuoya/Application/Runtime/Cache/Admin/efa67221bbcab2db2e4125c81f354bba.php 第 164 行.
NOTIC: [8] Undefined index: rid /alidata/www/nuoya/Application/Runtime/Cache/Admin/efa67221bbcab2db2e4125c81f354bba.php 第 164 行.
NOTIC: [8] Undefined index: rid /alidata/www/nuoya/Application/Runtime/Cache/Admin/efa67221bbcab2db2e4125c81f354bba.php 第 164 行.
NOTIC: [8] Undefined index: rid /alidata/www/nuoya/Application/Runtime/Cache/Admin/efa67221bbcab2db2e4125c81f354bba.php 第 164 行.
NOTIC: [8] Undefined variable: roles /alidata/www/nuoya/Application/Runtime/Cache/Admin/efa67221bbcab2db2e4125c81f354bba.php 第 205 行.
INFO: Run Behavior\ParseTemplateBehavior [ RunTime:0.010636s ]
INFO: [ view_parse ] --END-- [ RunTime:0.010677s ]
INFO: [ view_filter ] --START--
INFO: Run Behavior\WriteHtmlCacheBehavior [ RunTime:0.000182s ]
INFO: Run Behavior\TokenBuildBehavior [ RunTime:0.000210s ]
INFO: [ view_filter ] --END-- [ RunTime:0.000449s ]
INFO: [ app_end ] --START--
INFO: Run Behavior\ShowPageTraceBehavior [ RunTime:0.000358s ]
INFO: [ app_end ] --END-- [ RunTime:0.000401s ]

[ 2017-05-01T22:52:54+08:00 ] 125.108.222.33 /indexadm.php/user/user_list
INFO: [ app_init ] --START--
INFO: Run Behavior\BuildLiteBehavior [ RunTime:0.000018s ]
INFO: [ app_init ] --END-- [ RunTime:0.000441s ]
INFO: [ app_begin ] --START--
INFO: Run Behavior\ReadHtmlCacheBehavior [ RunTime:0.000521s ]
INFO: [ app_begin ] --END-- [ RunTime:0.000583s ]
NOTIC: [8] Undefined offset: 0 /alidata/www/nuoya/Application/Admin/Controller/PageController.class.php 第 151 行.
NOTIC: [8] Undefined offset: 1 /alidata/www/nuoya/Application/Admin/Controller/PageController.class.php 第 151 行.
INFO: [ view_parse ] --START--
INFO: [ template_filter ] --START--
INFO: Run Behavior\ContentReplaceBehavior [ RunTime:0.000108s ]
INFO: [ template_filter ] --END-- [ RunTime:0.000176s ]
NOTIC: [8] Undefined index: rid /alidata/www/nuoya/Application/Runtime/Cache/Admin/efa67221bbcab2db2e4125c81f354bba.php 第 164 行.
NOTIC: [8] Undefined index: rid /alidata/www/nuoya/Application/Runtime/Cache/Admin/efa67221bbcab2db2e4125c81f354bba.php 第 164 行.
NOTIC: [8] Undefined index: rid /alidata/www/nuoya/Application/Runtime/Cache/Admin/efa67221bbcab2db2e4125c81f354bba.php 第 164 行.
NOTIC: [8] Undefined index: rid /alidata/www/nuoya/Application/Runtime/Cache/Admin/efa67221bbcab2db2e4125c81f354bba.php 第 164 行.
NOTIC: [8] Undefined index: rid /alidata/www/nuoya/Application/Runtime/Cache/Admin/efa67221bbcab2db2e4125c81f354bba.php 第 164 行.
NOTIC: [8] Undefined index: rid /alidata/www/nuoya/Application/Runtime/Cache/Admin/efa67221bbcab2db2e4125c81f354bba.php 第 164 行.
NOTIC: [8] Undefined index: rid /alidata/www/nuoya/Application/Runtime/Cache/Admin/efa67221bbcab2db2e4125c81f354bba.php 第 164 行.
NOTIC: [8] Undefined index: rid /alidata/www/nuoya/Application/Runtime/Cache/Admin/efa67221bbcab2db2e4125c81f354bba.php 第 164 行.
NOTIC: [8] Undefined index: rid /alidata/www/nuoya/Application/Runtime/Cache/Admin/efa67221bbcab2db2e4125c81f354bba.php 第 164 行.
NOTIC: [8] Undefined index: rid /alidata/www/nuoya/Application/Runtime/Cache/Admin/efa67221bbcab2db2e4125c81f354bba.php 第 164 行.
NOTIC: [8] Undefined variable: roles /alidata/www/nuoya/Application/Runtime/Cache/Admin/efa67221bbcab2db2e4125c81f354bba.php 第 205 行.
INFO: Run Behavior\ParseTemplateBehavior [ RunTime:0.016715s ]
INFO: [ view_parse ] --END-- [ RunTime:0.016767s ]
INFO: [ view_filter ] --START--
INFO: Run Behavior\WriteHtmlCacheBehavior [ RunTime:0.000130s ]
INFO: Run Behavior\TokenBuildBehavior [ RunTime:0.000246s ]
INFO: [ view_filter ] --END-- [ RunTime:0.000441s ]
INFO: [ app_end ] --START--
INFO: Run Behavior\ShowPageTraceBehavior [ RunTime:0.000355s ]
INFO: [ app_end ] --END-- [ RunTime:0.000395s ]

[ 2017-05-01T22:52:57+08:00 ] 125.108.222.33 /indexadm.php/User/user_list/is_distribution/2
INFO: [ app_init ] --START--
INFO: Run Behavior\BuildLiteBehavior [ RunTime:0.000013s ]
INFO: [ app_init ] --END-- [ RunTime:0.000264s ]
INFO: [ app_begin ] --START--
INFO: Run Behavior\ReadHtmlCacheBehavior [ RunTime:0.000354s ]
INFO: [ app_begin ] --END-- [ RunTime:0.000397s ]
NOTIC: [8] Undefined offset: 0 /alidata/www/nuoya/Application/Admin/Controller/PageController.class.php 第 151 行.
NOTIC: [8] Undefined offset: 1 /alidata/www/nuoya/Application/Admin/Controller/PageController.class.php 第 151 行.
INFO: [ view_parse ] --START--
INFO: [ template_filter ] --START--
INFO: Run Behavior\ContentReplaceBehavior [ RunTime:0.000092s ]
INFO: [ template_filter ] --END-- [ RunTime:0.000142s ]
NOTIC: [8] Undefined index: rid /alidata/www/nuoya/Application/Runtime/Cache/Admin/efa67221bbcab2db2e4125c81f354bba.php 第 164 行.
NOTIC: [8] Undefined index: rid /alidata/www/nuoya/Application/Runtime/Cache/Admin/efa67221bbcab2db2e4125c81f354bba.php 第 164 行.
NOTIC: [8] Undefined variable: roles /alidata/www/nuoya/Application/Runtime/Cache/Admin/efa67221bbcab2db2e4125c81f354bba.php 第 205 行.
INFO: Run Behavior\ParseTemplateBehavior [ RunTime:0.010575s ]
INFO: [ view_parse ] --END-- [ RunTime:0.010618s ]
INFO: [ view_filter ] --START--
INFO: Run Behavior\WriteHtmlCacheBehavior [ RunTime:0.000132s ]
INFO: Run Behavior\TokenBuildBehavior [ RunTime:0.000251s ]
INFO: [ view_filter ] --END-- [ RunTime:0.000448s ]
INFO: [ app_end ] --START--
INFO: Run Behavior\ShowPageTraceBehavior [ RunTime:0.000401s ]
INFO: [ app_end ] --END-- [ RunTime:0.000444s ]

[ 2017-05-01T22:53:00+08:00 ] 125.108.222.33 /indexadm.php/User/user_list/is_distribution/1
INFO: [ app_init ] --START--
INFO: Run Behavior\BuildLiteBehavior [ RunTime:0.000013s ]
INFO: [ app_init ] --END-- [ RunTime:0.000305s ]
INFO: [ app_begin ] --START--
INFO: Run Behavior\ReadHtmlCacheBehavior [ RunTime:0.000364s ]
INFO: [ app_begin ] --END-- [ RunTime:0.000406s ]
NOTIC: [8] Undefined offset: 0 /alidata/www/nuoya/Application/Admin/Controller/PageController.class.php 第 151 行.
NOTIC: [8] Undefined offset: 1 /alidata/www/nuoya/Application/Admin/Controller/PageController.class.php 第 151 行.
INFO: [ view_parse ] --START--
INFO: [ template_filter ] --START--
INFO: Run Behavior\ContentReplaceBehavior [ RunTime:0.000081s ]
INFO: [ template_filter ] --END-- [ RunTime:0.000144s ]
NOTIC: [8] Undefined index: rid /alidata/www/nuoya/Application/Runtime/Cache/Admin/efa67221bbcab2db2e4125c81f354bba.php 第 164 行.
NOTIC: [8] Undefined index: rid /alidata/www/nuoya/Application/Runtime/Cache/Admin/efa67221bbcab2db2e4125c81f354bba.php 第 164 行.
NOTIC: [8] Undefined index: rid /alidata/www/nuoya/Application/Runtime/Cache/Admin/efa67221bbcab2db2e4125c81f354bba.php 第 164 行.
NOTIC: [8] Undefined index: rid /alidata/www/nuoya/Application/Runtime/Cache/Admin/efa67221bbcab2db2e4125c81f354bba.php 第 164 行.
NOTIC: [8] Undefined index: rid /alidata/www/nuoya/Application/Runtime/Cache/Admin/efa67221bbcab2db2e4125c81f354bba.php 第 164 行.
NOTIC: [8] Undefined index: rid /alidata/www/nuoya/Application/Runtime/Cache/Admin/efa67221bbcab2db2e4125c81f354bba.php 第 164 行.
NOTIC: [8] Undefined index: rid /alidata/www/nuoya/Application/Runtime/Cache/Admin/efa67221bbcab2db2e4125c81f354bba.php 第 164 行.
NOTIC: [8] Undefined index: rid /alidata/www/nuoya/Application/Runtime/Cache/Admin/efa67221bbcab2db2e4125c81f354bba.php 第 164 行.
NOTIC: [8] Undefined index: rid /alidata/www/nuoya/Application/Runtime/Cache/Admin/efa67221bbcab2db2e4125c81f354bba.php 第 164 行.
NOTIC: [8] Undefined index: rid /alidata/www/nuoya/Application/Runtime/Cache/Admin/efa67221bbcab2db2e4125c81f354bba.php 第 164 行.
NOTIC: [8] Undefined variable: roles /alidata/www/nuoya/Application/Runtime/Cache/Admin/efa67221bbcab2db2e4125c81f354bba.php 第 205 行.
INFO: Run Behavior\ParseTemplateBehavior [ RunTime:0.011377s ]
INFO: [ view_parse ] --END-- [ RunTime:0.011470s ]
INFO: [ view_filter ] --START--
INFO: Run Behavior\WriteHtmlCacheBehavior [ RunTime:0.000135s ]
INFO: Run Behavior\TokenBuildBehavior [ RunTime:0.000249s ]
INFO: [ view_filter ] --END-- [ RunTime:0.000443s ]
INFO: [ app_end ] --START--
INFO: Run Behavior\ShowPageTraceBehavior [ RunTime:0.000383s ]
INFO: [ app_end ] --END-- [ RunTime:0.000426s ]

